nohup: ignoring input
Epoch~1->2.305142456309002
val:0.1028,Epoch~2->2.3049426629384393
val:0.1032,Epoch~3->2.304537538401283
val:0.1135,Epoch~4->2.3041868328094504
val:0.1028,Epoch~5->2.3041464608510327
val:0.1135,Epoch~6->2.303785182062784
val:0.1135,Epoch~7->2.303461323547362
val:0.1135,Epoch~8->2.302982878239948
val:0.101,Epoch~9->2.299903834788005
val:0.1135,Epoch~10->1.5209982500076273
val:0.8237,Epoch~11->0.4974242092132573
val:0.8984000000000001,Epoch~12->0.2743981675306955
val:0.9440000000000001,Epoch~13->0.1854867433309555
val:0.9519000000000001,Epoch~14->0.1418634027083715
val:0.9635,Epoch~15->0.11645509364604963
val:0.9688,Epoch~16->0.09970088099241259
val:0.9693,Epoch~17->0.0874763803154231
val:0.9742000000000001,Epoch~18->0.07820530197322376
val:0.9738,Epoch~19->0.07128349518179901
val:0.9772000000000001,Epoch~20->0.06526047101070484
val:0.9785,Epoch~21->0.06032280013511584
val:0.9767,Epoch~22->0.055870596721768355
val:0.9798,Epoch~23->0.0511046535730362
val:0.9776,Epoch~24->0.04696469887594382
val:0.9803000000000001,Epoch~25->0.043838331898550194
val:0.9818,Epoch~26->0.04049575504710275
val:0.9823000000000001,Epoch~27->0.0368467133164406
val:0.9812000000000001,Epoch~28->0.03443985827167825
val:0.9822000000000001,Epoch~29->0.03253837604100504
val:0.9836,Epoch~30->0.02925233814915021
val:0.9844,
Epoch~1->2.3107913668314612
val:0.1135,Epoch~2->2.3019975213368693
val:0.1135,Epoch~3->1.193139277823766
val:0.9217000000000001,Epoch~4->0.21375252280036608
val:0.9535,Epoch~5->0.16323844941457116
val:0.9244,Epoch~6->0.15298103064497304
val:0.9569000000000001,Epoch~7->0.3132833568354448
val:0.49710000000000004,Epoch~8->1.2306648109753944
val:0.5822,Epoch~9->0.7526224966684971
val:0.8135,Epoch~10->0.49591178153355897
val:0.868,Epoch~11->0.4239688985824592
val:0.8708,Epoch~12->0.40079262822469114
val:0.8558,Epoch~13->0.37150552744070686
val:0.8916000000000001,Epoch~14->0.3472947179555889
val:0.8906000000000001,Epoch~15->0.33926937545140545
val:0.8967,Epoch~16->0.31888829086621634
val:0.8995000000000001,Epoch~17->0.31016897153854384
val:0.9048,Epoch~18->0.3013448616425199
val:0.9033,Epoch~19->0.2895537619113923
val:0.908,Epoch~20->0.2822947203159333
val:0.9134,Epoch~21->0.276000573825836
val:0.9059,Epoch~22->0.27203437638680167
val:0.9055000000000001,Epoch~23->0.25710968835353837
val:0.9125000000000001,Epoch~24->0.25311194651921587
val:0.9141,Epoch~25->0.24970689809322347
val:0.9233,Epoch~26->0.24288451165755603
val:0.9084000000000001,Epoch~27->0.23671268064181006
val:0.9213,Epoch~28->0.23299790211121243
val:0.9167000000000001,Epoch~29->0.2278178668955962
val:0.9173,Epoch~30->0.21947065630952492
val:0.9223,
Epoch~1->0.42202552895148665
val:0.9594,Epoch~2->0.10984725589901216
val:0.9675,Epoch~3->0.08753101077874499
val:0.9725,Epoch~4->0.08174831425907716
val:0.9733,Epoch~5->0.07388997342189146
val:0.9731000000000001,Epoch~6->0.07826779924233761
val:0.9768,Epoch~7->0.07760068484693776
val:0.9766,Epoch~8->0.07891023058642939
val:0.9765,Epoch~9->0.08115831328009569
val:0.9751000000000001,Epoch~10->0.09695119938155011
val:0.9682000000000001,Epoch~11->0.09074228798672548
val:0.9704,Epoch~12->0.1197061868160962
val:0.9570000000000001,Epoch~13->0.11190014601747203
val:0.9720000000000001,Epoch~14->0.08866967897775284
val:0.9730000000000001,Epoch~15->0.1415935960968334
val:0.9598000000000001,Epoch~16->0.11504012346367053
val:0.9589000000000001,Epoch~17->0.10976189738611387
val:0.9703,Epoch~18->0.12534556031351296
val:0.9693,Epoch~19->0.10699418691148362
val:0.9704,Epoch~20->0.10083593064794942
val:0.9600000000000001,Epoch~21->0.09614070736840379
val:0.9669000000000001,Epoch~22->0.1077463920995593
val:0.9593,Epoch~23->0.1258575972427924
val:0.9627,Epoch~24->0.13018156665563588
val:0.9618000000000001,Epoch~25->0.14846399002422883
val:0.9495,Epoch~26->0.26771501793364705
val:0.8964000000000001,Epoch~27->0.20569166546165946
val:0.9243,Epoch~28->0.19081909846067435
val:0.934,Epoch~29->0.18775334071020272
val:0.9480000000000001,Epoch~30->0.19321157068411499
val:0.9146000000000001,
Epoch~1->0.5658329670647766
val:0.9680000000000001,Epoch~2->0.09539294606794901
val:0.9765,Epoch~3->0.06638483543470505
val:0.9775,Epoch~4->0.05120162203299506
val:0.9787,Epoch~5->0.04041917267348619
val:0.9863000000000001,Epoch~6->0.03056618998385964
val:0.9833000000000001,Epoch~7->0.0239500147715366
val:0.9858,Epoch~8->0.019673016874492178
val:0.9841000000000001,Epoch~9->0.01522819822190018
val:0.9875,Epoch~10->0.0128692167393087
val:0.9879,Epoch~11->0.012096588286532395
val:0.9854,Epoch~12->0.009162055542971944
val:0.9870000000000001,Epoch~13->0.007007831903775999
val:0.9852000000000001,Epoch~14->0.008732359379937408
val:0.9886,Epoch~15->0.006704478617463606
val:0.9863000000000001,Epoch~16->0.005777969713144319
val:0.9858,Epoch~17->0.004711108381411999
val:0.9883000000000001,Epoch~18->0.005144657721095303
val:0.9870000000000001,Epoch~19->0.004192562960871871
val:0.9868,Epoch~20->0.0041236295271042745
val:0.9879,Epoch~21->0.00351663876136748
val:0.9883000000000001,Epoch~22->0.0032064703680967474
val:0.9874,Epoch~23->0.005045449458210956
val:0.9889,Epoch~24->0.003569291494804869
val:0.9882000000000001,Epoch~25->0.0033658950987809737
val:0.9880000000000001,Epoch~26->0.0033745671946607495
val:0.9869,Epoch~27->0.002298575653341321
val:0.9883000000000001,Epoch~28->0.003211575889415116
val:0.9902000000000001,Epoch~29->0.0029420233758210086
val:0.9873000000000001,Epoch~30->0.0036842873125355357
val:0.9880000000000001,
Files already downloaded and verified
Files already downloaded and verified
Epoch~1->2.307090556488039
val:0.1,Epoch~2->2.306378475494387
val:0.1,Epoch~3->2.306309280166629
val:0.1,Epoch~4->2.3059440588378903
val:0.1,Epoch~5->2.3059221615600585
val:0.1,Epoch~6->2.3053618132019027
val:0.1,Epoch~7->2.305229919967651
val:0.1,Epoch~8->2.305149648361206
val:0.1,Epoch~9->2.3050350410461458
val:0.1,Epoch~10->2.3052309416961654
val:0.1,Epoch~11->2.304826117477417
val:0.1,Epoch~12->2.3047578370666457
val:0.1,Epoch~13->2.3048082380676282
val:0.1,Epoch~14->2.3046500262451173
val:0.1,Epoch~15->2.3042678989410392
val:0.1,Epoch~16->2.3044173600006124
val:0.1,Epoch~17->2.3041363822937
val:0.1,Epoch~18->2.304235851593014
val:0.1,Epoch~19->2.3033001612091084
val:0.1,Epoch~20->2.2990270121002174
val:0.15810000000000002,Epoch~21->2.232468485946655
val:0.2164,Epoch~22->2.0484814288330075
val:0.25670000000000004,Epoch~23->1.9441653525161735
val:0.3176,Epoch~24->1.8517663681793222
val:0.3516,Epoch~25->1.773504570732118
val:0.3831,Epoch~26->1.7204507649993868
val:0.39280000000000004,Epoch~27->1.68494167793274
val:0.39590000000000003,Epoch~28->1.648518039245606
val:0.3719,Epoch~29->1.6063133418273934
val:0.38020000000000004,Epoch~30->1.565511837158203
val:0.41700000000000004,
Epoch~1->2.312543097305295
val:0.1,Epoch~2->2.3039187265777596
val:0.1,Epoch~3->2.3032187879943833
val:0.1,Epoch~4->2.3030142184448246
val:0.1,Epoch~5->2.303110015640256
val:0.1,Epoch~6->2.302994027023316
val:0.1,Epoch~7->2.3031297797393826
val:0.1,Epoch~8->2.303073049163816
val:0.1,Epoch~9->2.302183969802857
val:0.1253,Epoch~10->2.051310566101074
val:0.29710000000000003,Epoch~11->1.7635671133804331
val:0.3785,Epoch~12->1.5841788933563232
val:0.4389,Epoch~13->1.4831138366699232
val:0.4277,Epoch~14->1.4652894704818722
val:0.42450000000000004,Epoch~15->1.7938451141357419
val:0.10200000000000001,Epoch~16->2.271780564804078
val:0.1552,Epoch~17->2.2721747348022467
val:0.1371,Epoch~18->2.2579978298187267
val:0.1253,Epoch~19->2.204370351562498
val:0.1776,Epoch~20->2.194952150421142
val:0.1743,Epoch~21->2.1836492896270756
val:0.1771,Epoch~22->2.171645443267823
val:0.17070000000000002,Epoch~23->2.167634842300413
val:0.1814,Epoch~24->2.16108683830261
val:0.1955,Epoch~25->2.154054019546508
val:0.1867,Epoch~26->2.148084658508299
val:0.20800000000000002,Epoch~27->2.1455995630645757
val:0.1925,Epoch~28->2.144618744964599
val:0.2074,Epoch~29->2.136469708251954
val:0.2124,Epoch~30->2.1379387510681154
val:0.21450000000000002,
Epoch~1->2.3071549343109137
val:0.1,Epoch~2->2.3032230474853517
val:0.1,Epoch~3->2.3030225930023174
val:0.1,Epoch~4->2.3033995553588875
val:0.1,Epoch~5->2.3031174652099597
val:0.1,Epoch~6->2.302904341049194
val:0.1,Epoch~7->2.3030117365264875
val:0.1,Epoch~8->2.3030316963958746
val:0.1,Epoch~9->2.3031587791442902
val:0.1,Epoch~10->2.303015177612302
val:0.1,Epoch~11->2.303047812194826
val:0.1,Epoch~12->2.303021262817384
val:0.1,Epoch~13->2.30306954223633
val:0.1,Epoch~14->2.3030187828826905
val:0.1,Epoch~15->2.303032942199709
val:0.1,Epoch~16->2.303116553802491
val:0.1,Epoch~17->2.303150307693481
val:0.1,Epoch~18->2.3031062557220476
val:0.1,Epoch~19->2.303029627838134
val:0.1,Epoch~20->2.303164713897703
val:0.1,Epoch~21->2.303111737670897
val:0.1,Epoch~22->2.302972246780398
val:0.1,Epoch~23->2.3030870163726815
val:0.1,Epoch~24->2.30307927825928
val:0.1,Epoch~25->2.302953574066159
val:0.1,Epoch~26->2.303004927673342
val:0.1,Epoch~27->2.3031179258728027
val:0.1,Epoch~28->2.3030406034088116
val:0.1,Epoch~29->2.303025672531124
val:0.1,Epoch~30->2.303127119064327
val:0.1,
Epoch~1->2.115003012084959
val:0.3336,Epoch~2->1.6377518809127831
val:0.42350000000000004,Epoch~3->1.4225118721771244
val:0.5044000000000001,Epoch~4->1.2429719723892207
val:0.5389,Epoch~5->1.0923526387405396
val:0.5666,Epoch~6->0.945906923370362
val:0.5873,Epoch~7->0.8129748942565915
val:0.5883,Epoch~8->0.6826998410797112
val:0.6023000000000001,Epoch~9->0.549038273181916
val:0.5861000000000001,Epoch~10->0.4342338369989399
val:0.5892000000000001,Epoch~11->0.32421468308448775
val:0.5836,Epoch~12->0.23904712287902835
val:0.602,Epoch~13->0.18319367730498334
val:0.5863,Epoch~14->0.14723541274547586
val:0.5773,Epoch~15->0.13579768621921529
val:0.5958,Epoch~16->0.09873945791482923
val:0.5825,Epoch~17->0.0975119760870934
val:0.5958,Epoch~18->0.07733511343210941
val:0.5823,Epoch~19->0.08612394516199824
val:0.5919,Epoch~20->0.07257209607183929
val:0.5959,Epoch~21->0.06578374452054497
val:0.5951000000000001,Epoch~22->0.06495810792908074
val:0.5999,Epoch~23->0.05952314428970215
val:0.5956,Epoch~24->0.05722232706233856
val:0.5911000000000001,Epoch~25->0.05813176356911665
val:0.5977,Epoch~26->0.05145422965824606
val:0.5865,Epoch~27->0.0457367952810228
val:0.5927,Epoch~28->0.05366524557281289
val:0.5901000000000001,Epoch~29->0.03912201129883528
val:0.5963,Epoch~30->0.04670271991439161
val:0.5943,
Using downloaded and verified file: data/SVHN/train_32x32.mat
Using downloaded and verified file: data/SVHN/test_32x32.mat
Epoch~1->2.2405022116042086
val:0.19587430854333127,Epoch~2->2.2396887517498443
val:0.19587430854333127,Epoch~3->2.2394094961236326
val:0.19587430854333127,Epoch~4->2.2390296957957827
val:0.19587430854333127,Epoch~5->2.2388482462128523
val:0.19587430854333127,Epoch~6->2.238681376324548
val:0.19587430854333127,Epoch~7->2.2385982972540597
val:0.19587430854333127,Epoch~8->2.2387822954686953
val:0.19587430854333127,Epoch~9->2.2385850366676534
val:0.19587430854333127,Epoch~10->2.2384919427963847
val:0.19587430854333127,Epoch~11->2.238326739296337
val:0.19587430854333127,Epoch~12->2.2382476926102135
val:0.19587430854333127,Epoch~13->2.2382629099786158
val:0.19587430854333127,Epoch~14->2.2382964014670197
val:0.19587430854333127,Epoch~15->2.237996473065293
val:0.19587430854333127,Epoch~16->2.2378881333027474
val:0.19587430854333127,Epoch~17->2.2380329421220813
val:0.19587430854333127,Epoch~18->2.237773681807494
val:0.19587430854333127,Epoch~19->2.2379099390717863
val:0.19587430854333127,Epoch~20->2.237756564588939
val:0.19587430854333127,Epoch~21->2.237664327696055
val:0.19587430854333127,Epoch~22->2.2378189140301674
val:0.19587430854333127,Epoch~23->2.2377505602043084
val:0.19587430854333127,Epoch~24->2.237574992752083
val:0.19587430854333127,Epoch~25->2.2377820082550612
val:0.19587430854333127,Epoch~26->2.2376325691026384
val:0.19587430854333127,Epoch~27->2.2375976048749755
val:0.19587430854333127,Epoch~28->2.2375530764552702
val:0.19587430854333127,Epoch~29->2.237524380767801
val:0.19587430854333127,Epoch~30->2.237482537146922
val:0.19587430854333127,
Epoch~1->2.2462335414811765
val:0.19587430854333127,Epoch~2->2.2389494178775426
val:0.19587430854333127,Epoch~3->2.237563044794095
val:0.19587430854333127,Epoch~4->2.2369889065555943
val:0.19587430854333127,Epoch~5->2.2369229830455177
val:0.19587430854333127,Epoch~6->2.2367492358241288
val:0.19587430854333127,Epoch~7->2.236853108677559
val:0.19587430854333127,Epoch~8->2.2368081235696153
val:0.19587430854333127,Epoch~9->2.236907008424662
val:0.19587430854333127,Epoch~10->2.2368514764035052
val:0.19587430854333127,Epoch~11->2.2368800066003605
val:0.19587430854333127,Epoch~12->2.2367968039090376
val:0.19587430854333127,Epoch~13->2.2367891845808323
val:0.19587430854333127,Epoch~14->2.23673912933291
val:0.19587430854333127,Epoch~15->2.2367563808569835
val:0.19587430854333127,Epoch~16->2.236842880951094
val:0.19587430854333127,Epoch~17->2.2367904806858987
val:0.19587430854333127,Epoch~18->2.236844442734852
val:0.19587430854333127,Epoch~19->2.2367786651230044
val:0.19587430854333127,Epoch~20->2.2366947756792923
val:0.19587430854333127,Epoch~21->2.2368551648697914
val:0.19587430854333127,Epoch~22->2.236795971505771
val:0.19587430854333127,Epoch~23->2.236806887120463
val:0.19587430854333127,Epoch~24->2.236784203755475
val:0.19587430854333127,Epoch~25->2.2367726869798075
val:0.19587430854333127,Epoch~26->2.2368225818792977
val:0.19587430854333127,Epoch~27->2.236763712645682
val:0.19587430854333127,Epoch~28->2.2368089076656044
val:0.19587430854333127,Epoch~29->2.2368689068790184
val:0.19587430854333127,Epoch~30->2.2368090515004435
val:0.19587430854333127,
Epoch~1->2.2443203551162285
val:0.19587430854333127,Epoch~2->2.2388153610406283
val:0.19587430854333127,Epoch~3->2.238124524105101
val:0.19587430854333127,Epoch~4->2.2382438373124387
val:0.19587430854333127,Epoch~5->2.23807195394913
val:0.19587430854333127,Epoch~6->2.23773038474358
val:0.19587430854333127,Epoch~7->2.2378702792182463
val:0.19587430854333127,Epoch~8->2.2376310658747496
val:0.19587430854333127,Epoch~9->2.237954660186893
val:0.19587430854333127,Epoch~10->2.2379791477150066
val:0.19587430854333127,Epoch~11->2.2376883856040184
val:0.19587430854333127,Epoch~12->2.2376659543787953
val:0.19587430854333127,Epoch~13->2.2379715161366693
val:0.19587430854333127,Epoch~14->2.237608249294508
val:0.19587430854333127,Epoch~15->2.237779556638249
val:0.19587430854333127,Epoch~16->2.237777389234785
val:0.19587430854333127,Epoch~17->2.2375080965480993
val:0.19587430854333127,Epoch~18->2.2377915176827843
val:0.19587430854333127,Epoch~19->2.237746880160798
val:0.19587430854333127,Epoch~20->2.237822081348597
val:0.19587430854333127,Epoch~21->2.237495152274672
val:0.19587430854333127,Epoch~22->2.2377804550047347
val:0.19587430854333127,Epoch~23->2.2375042456114236
val:0.19587430854333127,Epoch~24->2.237483842966819
val:0.19587430854333127,Epoch~25->2.2376245807735384
val:0.19587430854333127,Epoch~26->2.237498595660317
val:0.19587430854333127,Epoch~27->2.2375026893376195
val:0.19587430854333127,Epoch~28->2.237594242625263
val:0.19587430854333127,Epoch~29->2.2375824106561852
val:0.19587430854333127,Epoch~30->2.2374428102561583
val:0.19587430854333127,
Epoch~1->2.2471706925604673
val:0.19587430854333127,Epoch~2->2.239597982532139
val:0.19587430854333127,Epoch~3->2.238870624180619
val:0.19587430854333127,Epoch~4->2.2379737595566622
val:0.19587430854333127,Epoch~5->2.1688330788163084
val:0.36946834665027656,Epoch~6->0.986166094126546
val:0.771857713583282,Epoch~7->0.6013024880926207
val:0.8182621389059618,Epoch~8->0.47734157198821037
val:0.8322833435771357,Epoch~9->0.39684143344320444
val:0.8532959434542101,Epoch~10->0.3334388951868159
val:0.8528733866011062,Epoch~11->0.28430110128959496
val:0.8494161032575291,Epoch~12->0.23648962601519927
val:0.8652427781192378,Epoch~13->0.20021026339072007
val:0.8549477566072525,Epoch~14->0.16540407860549375
val:0.8620159803318991,Epoch~15->0.13336041299582113
val:0.8581745543945912,Epoch~16->0.10437138480650303
val:0.8619007375537799,Epoch~17->0.09086964993512382
val:0.8562154271665642,Epoch~18->0.07653177638733079
val:0.8563306699446834,Epoch~19->0.0663445865477615
val:0.8646281499692685,Epoch~20->0.0520213660482575
val:0.8523355869698831,Epoch~21->0.04593715725578312
val:0.862438537185003,Epoch~22->0.0421811446950335
val:0.8564459127228027,Epoch~23->0.035640686805535955
val:0.862438537185003,Epoch~24->0.033182294626044544
val:0.8601336816226183,Epoch~25->0.03429354898050735
val:0.8602873386601105,Epoch~26->0.029990874905316323
val:0.8492624462200368,Epoch~27->0.02720955106667581
val:0.8612861094038107,Epoch~28->0.02806806512522686
val:0.8602489244007375,Epoch~29->0.024846960836839075
val:0.854678856791641,Epoch~30->0.025701891901937324
val:0.8589044253226797,
nohup: ignoring input
Epoch~1->26.755762659072893
val:0.1028,Epoch~2->16.6559474995931
val:0.09820000000000001,Epoch~3->11.71755255559288
val:0.09820000000000001,Epoch~4->16.209932168833422
val:0.0892,Epoch~5->18.275370884958885
val:0.1028,Epoch~6->17.440047528076175
val:0.101,Epoch~7->10.197830359649652
val:0.098,Epoch~8->17.403311349868787
val:0.09580000000000001,Epoch~9->18.48926512680054
val:0.098,Epoch~10->10.647787918853746
val:0.101,Epoch~11->16.983652461115508
val:0.1135,Epoch~12->17.977540324910475
val:0.1135,Epoch~13->16.416957687377927
val:0.0892,Epoch~14->10.413706041844689
val:0.1135,Epoch~15->18.543826833597826
val:0.0974,Epoch~16->18.56239638837179
val:0.1009,Epoch~17->10.58537144927978
val:0.101,Epoch~18->15.33074100405377
val:0.101,Epoch~19->18.746901035181693
val:0.1028,Epoch~20->15.758479017639154
val:0.09820000000000001,Epoch~21->12.55602673899334
val:0.1028,Epoch~22->18.46861375948587
val:0.1028,Epoch~23->17.426781522369374
val:0.09580000000000001,Epoch~24->10.632830060958856
val:0.0892,Epoch~25->20.524043354797335
val:0.09820000000000001,Epoch~26->16.053600773493432
val:0.1009,Epoch~27->12.66285003967284
val:0.0974,Epoch~28->17.05577105153402
val:0.101,Epoch~29->19.10235640716556
val:0.098,Epoch~30->17.42451072006226
val:0.1032,
Epoch~1->2.308249726104736
val:0.1135,Epoch~2->2.3016443495432544
val:0.1135,Epoch~3->2.301584912618002
val:0.1135,Epoch~4->2.3020546882629387
val:0.07,Epoch~5->1.2487472266356165
val:0.9321,Epoch~6->0.1880809160083533
val:0.9182,Epoch~7->0.15711002515504732
val:0.9709000000000001,Epoch~8->0.1517869262526435
val:0.9495,Epoch~9->0.13405048532908162
val:0.9533,Epoch~10->0.128889088120063
val:0.9702000000000001,Epoch~11->0.11275677784830355
val:0.9735,Epoch~12->0.10831161054596314
val:0.9611000000000001,Epoch~13->0.13743006493349869
val:0.9620000000000001,Epoch~14->0.11696802298426617
val:0.9612,Epoch~15->0.13123722199102253
val:0.9717,Epoch~16->0.1060685039803385
val:0.9688,Epoch~17->0.14581267334024103
val:0.9702000000000001,Epoch~18->0.13107757473091297
val:0.9653,Epoch~19->0.12068377981185921
val:0.9653,Epoch~20->0.14190061375548446
val:0.9585,Epoch~21->0.14637001381566123
val:0.931,Epoch~22->0.13019807096670089
val:0.9696,Epoch~23->0.11805426063040886
val:0.9632000000000001,Epoch~24->0.14865638380746027
val:0.9566,Epoch~25->0.10802136096954357
val:0.9716,Epoch~26->0.09468785219093172
val:0.9600000000000001,Epoch~27->0.14936841033101073
val:0.9602,Epoch~28->0.12932472339371825
val:0.9600000000000001,Epoch~29->0.12758426411549242
val:0.9670000000000001,Epoch~30->0.09825310705925015
val:0.9641000000000001,
Epoch~1->0.28543604861299215
val:0.9665,Epoch~2->0.11740411012321698
val:0.9683,Epoch~3->0.08844892970646437
val:0.9752000000000001,Epoch~4->0.07327955896978583
val:0.9748,Epoch~5->0.06720464238710705
val:0.9841000000000001,Epoch~6->0.057020851597562504
val:0.9837,Epoch~7->0.05586846815235917
val:0.9842000000000001,Epoch~8->0.058183499447504713
val:0.9766,Epoch~9->0.054912953968967004
val:0.9790000000000001,Epoch~10->0.05683339258612442
val:0.9793000000000001,Epoch~11->0.05580272990241646
val:0.9749000000000001,Epoch~12->0.058006315258269533
val:0.9780000000000001,Epoch~13->0.05861630508005616
val:0.9748,Epoch~14->0.0628390517357737
val:0.9817,Epoch~15->0.06968700803853572
val:0.9741000000000001,Epoch~16->0.05959089499488479
val:0.9804,Epoch~17->0.07212245240124553
val:0.9771000000000001,Epoch~18->0.07134361177235836
val:0.9800000000000001,Epoch~19->0.0653014244275168
val:0.9733,Epoch~20->0.09612924516374868
val:0.9720000000000001,Epoch~21->0.08612450335398317
val:0.9740000000000001,Epoch~22->0.08840875194706027
val:0.9769000000000001,Epoch~23->0.08274872217153516
val:0.9693,Epoch~24->0.09164982963278887
val:0.9769000000000001,Epoch~25->0.10627791507343445
val:0.9576,Epoch~26->0.15923463111817826
val:0.9532,Epoch~27->0.1054571728497745
val:0.9729000000000001,Epoch~28->0.11188028314610336
val:0.9614,Epoch~29->0.1235664343933263
val:0.9473,Epoch~30->0.18959588316579654
val:0.9546,
Epoch~1->0.7084461437016728
val:0.9568000000000001,Epoch~2->0.1077870096445083
val:0.9666,Epoch~3->0.07190191127335038
val:0.9772000000000001,Epoch~4->0.052162033189584886
val:0.9792000000000001,Epoch~5->0.04072524252409735
val:0.9775,Epoch~6->0.031148376788695656
val:0.9818,Epoch~7->0.0234805804032832
val:0.9824,Epoch~8->0.017558519525639693
val:0.9831000000000001,Epoch~9->0.012530242988094699
val:0.9844,Epoch~10->0.009228337500166776
val:0.9841000000000001,Epoch~11->0.006442622519129259
val:0.9843000000000001,Epoch~12->0.004152007709676396
val:0.9840000000000001,Epoch~13->0.002983977197638406
val:0.9841000000000001,Epoch~14->0.002190192526334429
val:0.9842000000000001,Epoch~15->0.0017167116780765366
val:0.9838,Epoch~16->0.0013897823688651739
val:0.9842000000000001,Epoch~17->0.0011878446646966044
val:0.9848,Epoch~18->0.0010214832187630232
val:0.9843000000000001,Epoch~19->0.0009163084070586281
val:0.9847,Epoch~20->0.000818123228329933
val:0.9842000000000001,Epoch~21->0.0007329833652106264
val:0.9847,Epoch~22->0.0006745976126752795
val:0.9846,Epoch~23->0.0006096341126967066
val:0.9843000000000001,Epoch~24->0.0005617571671221713
val:0.9843000000000001,Epoch~25->0.0005130663752012574
val:0.9842000000000001,Epoch~26->0.0004712365715618945
val:0.9847,Epoch~27->0.0004290732558438317
val:0.9844,Epoch~28->0.00038817605429018504
val:0.9845,Epoch~29->0.00035687953566327117
val:0.9847,Epoch~30->0.00032574356391948335
val:0.9844,
Files already downloaded and verified
Files already downloaded and verified
Epoch~1->29.578708247756943
val:0.1,Epoch~2->10.662905594177255
val:0.1,Epoch~3->21.413533515014635
val:0.1,Epoch~4->13.039872438049313
val:0.1,Epoch~5->12.714143125991804
val:0.1,Epoch~6->19.246906125793473
val:0.1,Epoch~7->11.009965278091448
val:0.1,Epoch~8->20.637446366577155
val:0.1,Epoch~9->9.758716920547492
val:0.1,Epoch~10->21.037530396423353
val:0.1,Epoch~11->13.20800780685427
val:0.1,Epoch~12->11.965184959030147
val:0.1,Epoch~13->19.73018117462157
val:0.1,Epoch~14->10.249958008117675
val:0.1,Epoch~15->21.02573809265136
val:0.1,Epoch~16->11.630763108596794
val:0.1,Epoch~17->20.32328844818114
val:0.1,Epoch~18->12.412635520248399
val:0.1,Epoch~19->19.65775668701171
val:0.1,Epoch~20->12.581914450759886
val:0.1,Epoch~21->15.053652784423814
val:0.1,Epoch~22->15.436880303344733
val:0.1,Epoch~23->12.897415363998409
val:0.1,Epoch~24->19.96994437538146
val:0.1,Epoch~25->10.946979632339499
val:0.1,Epoch~26->22.24940320167544
val:0.1,Epoch~27->11.476461531829823
val:0.1,Epoch~28->15.391695508422865
val:0.1,Epoch~29->18.17523262290954
val:0.1,Epoch~30->10.484084821929942
val:0.1,
Epoch~1->2.295055550537106
val:0.185,Epoch~2->1.9817173745346077
val:0.27940000000000004,Epoch~3->1.681367937583923
val:0.4052,Epoch~4->1.6319786392211904
val:0.3037,Epoch~5->1.6731133699417127
val:0.33440000000000003,Epoch~6->1.68119736480713
val:0.3282,Epoch~7->1.8771106097412102
val:0.2926,Epoch~8->1.9259540287780763
val:0.22360000000000002,Epoch~9->1.8537254516601567
val:0.37210000000000004,Epoch~10->1.8817526928710917
val:0.2112,Epoch~11->2.028476778411862
val:0.1957,Epoch~12->1.9170943233108502
val:0.2858,Epoch~13->1.7949098370742815
val:0.35710000000000003,Epoch~14->1.8551315488433817
val:0.25630000000000003,Epoch~15->1.8520764498138444
val:0.30970000000000003,Epoch~16->1.7990478495407112
val:0.26530000000000004,Epoch~17->1.9958818125915503
val:0.18730000000000002,Epoch~18->2.110081873321534
val:0.1771,Epoch~19->2.0898899013137804
val:0.2121,Epoch~20->2.0218189344787594
val:0.21450000000000002,Epoch~21->2.0429186154174808
val:0.2316,Epoch~22->2.0464159277343765
val:0.1688,Epoch~23->2.0418819223785363
val:0.2715,Epoch~24->2.024730586090089
val:0.18330000000000002,Epoch~25->1.9473643887329097
val:0.22590000000000002,Epoch~26->1.9190721566009517
val:0.29810000000000003,Epoch~27->1.9452709263229382
val:0.307,Epoch~28->1.9136597415924061
val:0.2024,Epoch~29->1.8532771125793466
val:0.2644,Epoch~30->1.9112900651550297
val:0.2881,
Epoch~1->2.3067569374847414
val:0.1,Epoch~2->2.3030133669281034
val:0.1,Epoch~3->2.3034402885437024
val:0.1,Epoch~4->2.3031744419860822
val:0.1,Epoch~5->2.303048418807984
val:0.1,Epoch~6->2.302970256271366
val:0.1,Epoch~7->2.3029462544250463
val:0.1,Epoch~8->2.303106214294432
val:0.1,Epoch~9->2.3031548954772956
val:0.1,Epoch~10->2.302932245635988
val:0.1,Epoch~11->2.3031608522796656
val:0.1,Epoch~12->2.3030694171142567
val:0.1,Epoch~13->2.3030663202667223
val:0.1,Epoch~14->2.303047276763919
val:0.1,Epoch~15->2.3030817746734606
val:0.1,Epoch~16->2.303112418670656
val:0.1,Epoch~17->2.3033260066986085
val:0.1,Epoch~18->2.3036291645813
val:0.1,Epoch~19->2.303369210128784
val:0.1,Epoch~20->2.3031908851623553
val:0.1,Epoch~21->2.303596461334227
val:0.1,Epoch~22->2.303730718307498
val:0.1,Epoch~23->2.304514500045776
val:0.1,Epoch~24->2.303657412643431
val:0.1,Epoch~25->2.3035760137939465
val:0.1,Epoch~26->2.3036262192535433
val:0.1,Epoch~27->2.3037653966522225
val:0.1,Epoch~28->2.303576167297366
val:0.1,Epoch~29->2.303624518356322
val:0.1,Epoch~30->2.303462262191773
val:0.1,
Epoch~1->2.4591192440795893
val:0.1,Epoch~2->2.298065399169926
val:0.1675,Epoch~3->1.9239003678894036
val:0.31970000000000004,Epoch~4->1.689526130294797
val:0.3266,Epoch~5->1.5655209788894646
val:0.4282,Epoch~6->1.4343843451309213
val:0.45790000000000003,Epoch~7->1.32809454387665
val:0.5061,Epoch~8->1.2306193161773689
val:0.501,Epoch~9->1.1371319125747674
val:0.5056,Epoch~10->1.045556436729431
val:0.5038,Epoch~11->0.9517933791160578
val:0.5141,Epoch~12->0.8592614180374152
val:0.46890000000000004,Epoch~13->0.7662642839431759
val:0.5171,Epoch~14->0.6687068012619019
val:0.5008,Epoch~15->0.5754506825637817
val:0.4651,Epoch~16->0.49174957588195756
val:0.4693,Epoch~17->0.4115723039436344
val:0.4854,Epoch~18->0.3322157055330278
val:0.5347000000000001,Epoch~19->0.2622846798992156
val:0.5305,Epoch~20->0.199701134672165
val:0.5324,Epoch~21->0.14732127136230475
val:0.5058,Epoch~22->0.1061414388275147
val:0.5193,Epoch~23->0.06516809630632396
val:0.5032,Epoch~24->0.03740703272283075
val:0.531,Epoch~25->0.020466625541150554
val:0.5308,Epoch~26->0.01230590628117323
val:0.5309,Epoch~27->0.00808891631036997
val:0.5312,Epoch~28->0.005537570711821312
val:0.5348,Epoch~29->0.004128588277995585
val:0.5343,Epoch~30->0.003156696591377264
val:0.534,
Using downloaded and verified file: data/SVHN/train_32x32.mat
Using downloaded and verified file: data/SVHN/test_32x32.mat
Epoch~1->21.104445702828755
val:0.19587430854333127,Epoch~2->15.117960338352873
val:0.1107098955132145,Epoch~3->16.171751372502424
val:0.06376767055931161,Epoch~4->16.080836061897134
val:0.07755838967424708,Epoch~5->14.804891748162262
val:0.19587430854333127,Epoch~6->13.579588967273603
val:0.07755838967424708,Epoch~7->13.752198633821616
val:0.19587430854333127,Epoch~8->14.707946383302358
val:0.19587430854333127,Epoch~9->15.215905161127957
val:0.19587430854333127,Epoch~10->14.363755724250638
val:0.19587430854333127,Epoch~11->15.090000098526557
val:0.19587430854333127,Epoch~12->16.327914399362697
val:0.06699446834665027,Epoch~13->16.26209007730512
val:0.1107098955132145,Epoch~14->14.82545115219128
val:0.15938076213890595,Epoch~15->16.696946495204873
val:0.15938076213890595,Epoch~16->15.430484819739625
val:0.19587430854333127,Epoch~17->15.144148804966123
val:0.19587430854333127,Epoch~18->13.64230335854727
val:0.19587430854333127,Epoch~19->14.352878598021777
val:0.19587430854333127,Epoch~20->14.572202886766965
val:0.15938076213890595,Epoch~21->14.627280200020955
val:0.19587430854333127,Epoch~22->14.864951168903195
val:0.19587430854333127,Epoch~23->19.20237492471605
val:0.15938076213890595,Epoch~24->14.50821104481496
val:0.19587430854333127,Epoch~25->15.526118897414696
val:0.1107098955132145,Epoch~26->14.55703255866503
val:0.19587430854333127,Epoch~27->15.455766362887614
val:0.19587430854333127,Epoch~28->14.216975349178819
val:0.09157959434542101,Epoch~29->14.99018919306338
val:0.07594499078057775,Epoch~30->14.432998313858505
val:0.061270743700061456,
Epoch~1->2.244832953896166
val:0.19587430854333127,Epoch~2->2.221322830054965
val:0.19587430854333127,Epoch~3->1.863914047825377
val:0.45217424708051623,Epoch~4->1.4448875012609907
val:0.4262830362630608,Epoch~5->1.4313697157961625
val:0.5805547019053472,Epoch~6->1.329528834408842
val:0.31730178242163487,Epoch~7->1.5979724275243572
val:0.2544560540872772,Epoch~8->1.6624417414801218
val:0.39981561155500916,Epoch~9->1.5442293803235612
val:0.25787492317148125,Epoch~10->1.9967776847197767
val:0.5317685925015365,Epoch~11->1.4289384121986413
val:0.5811693300553165,Epoch~12->1.3714446763544996
val:0.35440995697602945,Epoch~13->1.4669956019627817
val:0.43458051628764593,Epoch~14->1.6274049934676362
val:0.32463890596189304,Epoch~15->1.459334218964354
val:0.5278119237861093,Epoch~16->1.3443185673160059
val:0.5802858020897357,Epoch~17->1.4095603567146304
val:0.562538414259373,Epoch~18->1.3481681187387817
val:0.4908574062692071,Epoch~19->1.3832484013908295
val:0.5842424708051628,Epoch~20->1.3334979645305063
val:0.5233558696988322,Epoch~21->1.4004035506525174
val:0.5508220651505839,Epoch~22->1.442781955205114
val:0.604179471419791,Epoch~23->1.2611562133702734
val:0.5350338045482482,Epoch~24->1.3364740763623544
val:0.5681853103872156,Epoch~25->1.519520854110927
val:0.4751843884449907,Epoch~26->1.4980981331508056
val:0.5043408113091579,Epoch~27->1.4405066350484812
val:0.5406038721573447,Epoch~28->1.2783358009903312
val:0.5860095267363244,Epoch~29->1.2911667186664477
val:0.5688767670559312,Epoch~30->1.2540727275872703
val:0.5492854947756607,
Epoch~1->2.244660972756409
val:0.19587430854333127,Epoch~2->2.239061028212364
val:0.19587430854333127,Epoch~3->2.2382849144314303
val:0.19587430854333127,Epoch~4->2.2383876031916494
val:0.19587430854333127,Epoch~5->2.2383943784164826
val:0.19587430854333127,Epoch~6->2.2386193003273656
val:0.19587430854333127,Epoch~7->2.238468577980676
val:0.19587430854333127,Epoch~8->2.2385195009372225
val:0.19587430854333127,Epoch~9->2.238532076173953
val:0.19587430854333127,Epoch~10->2.2379828305020966
val:0.19587430854333127,Epoch~11->2.238481514970418
val:0.19587430854333127,Epoch~12->2.2381724808581462
val:0.19587430854333127,Epoch~13->2.2383319925600915
val:0.19587430854333127,Epoch~14->2.238234242482056
val:0.19587430854333127,Epoch~15->2.238214232365496
val:0.19587430854333127,Epoch~16->2.238207595843077
val:0.19587430854333127,Epoch~17->2.238374430637576
val:0.19587430854333127,Epoch~18->2.2382372072600694
val:0.19587430854333127,Epoch~19->2.2383266871291516
val:0.19587430854333127,Epoch~20->2.2381211935677325
val:0.19587430854333127,Epoch~21->2.2382173015787625
val:0.19587430854333127,Epoch~22->2.2382340097947444
val:0.19587430854333127,Epoch~23->2.2382169855879823
val:0.19587430854333127,Epoch~24->2.2380766454775283
val:0.19587430854333127,Epoch~25->2.2380776544271215
val:0.19587430854333127,Epoch~26->2.238159905185304
val:0.19587430854333127,Epoch~27->2.2381745416262744
val:0.19587430854333127,Epoch~28->2.2379233958522433
val:0.19587430854333127,Epoch~29->2.238616993573832
val:0.19587430854333127,Epoch~30->2.237900589706088
val:0.19587430854333127,
Epoch~1->2.3331173991425405
val:0.19587430854333127,Epoch~2->2.2408807234719363
val:0.19587430854333127,Epoch~3->2.2393221167802593
val:0.19587430854333127,Epoch~4->2.2387316389556524
val:0.19587430854333127,Epoch~5->2.238367855287682
val:0.19587430854333127,Epoch~6->2.23810540376952
val:0.19587430854333127,Epoch~7->2.237740566027612
val:0.19587430854333127,Epoch~8->2.237722956704808
val:0.19587430854333127,Epoch~9->2.2375932964624528
val:0.19587430854333127,Epoch~10->2.2374883765486433
val:0.19587430854333127,Epoch~11->2.2372595936575355
val:0.19587430854333127,Epoch~12->2.2371838844181933
val:0.19587430854333127,Epoch~13->2.237166236083097
val:0.19587430854333127,Epoch~14->2.237163884485118
val:0.19587430854333127,Epoch~15->2.2371186992418672
val:0.19587430854333127,Epoch~16->2.23712376434706
val:0.19587430854333127,Epoch~17->2.237172122903613
val:0.19587430854333127,Epoch~18->2.2370440177731825
val:0.19587430854333127,Epoch~19->2.2369553717328605
val:0.19587430854333127,Epoch~20->2.237012409650638
val:0.19587430854333127,Epoch~21->2.2369398999758
val:0.19587430854333127,Epoch~22->2.236899085456692
val:0.19587430854333127,Epoch~23->2.2369728305099423
val:0.19587430854333127,Epoch~24->2.2370023636875453
val:0.19587430854333127,Epoch~25->2.236859892250314
val:0.19587430854333127,Epoch~26->2.236839375719236
val:0.19587430854333127,Epoch~27->2.236770228984072
val:0.19587430854333127,Epoch~28->2.2367734381104514
val:0.19587430854333127,Epoch~29->2.2369015198764632
val:0.19587430854333127,Epoch~30->2.236884490319221
val:0.19587430854333127,
