nohup: ignoring input
Files already downloaded and verified
Files already downloaded and verified
Minibatch~Epoch~1->loss:2.1902364939117436
val:0.3332,Minibatch~Epoch~2->loss:1.6590384849166893
val:0.44060000000000005,Minibatch~Epoch~4->loss:1.2654422319030758
val:0.5343,Minibatch~Epoch~5->loss:1.1265807187652588
val:0.5586,Minibatch~Epoch~6->loss:0.996108368453979
val:0.5791000000000001,Minibatch~Epoch~7->loss:0.8701715935134893
val:0.5919,Minibatch~Epoch~8->loss:0.7404939653587339
val:0.5884,Minibatch~Epoch~9->loss:0.6149389943408966
val:0.5854,Minibatch~Epoch~10->loss:0.4815255525588991
val:0.6029,Minibatch~Epoch~11->loss:0.37269401071548464
val:0.5985,Minibatch~Epoch~12->loss:0.282625812358856
val:0.5870000000000001,Minibatch~Epoch~13->loss:0.2143127550554277
val:0.5844,Minibatch~Epoch~14->loss:0.16711492363214495
val:0.599,Minibatch~Epoch~15->loss:0.13541695988178257
val:0.6002000000000001,
Batch~Epoch~1->loss:0.06725757869025983
val:0.6032000000000001,Batch~Epoch~2->loss:0.037226972435746575
val:0.6082000000000001,Batch~Epoch~3->loss:0.023553087613663592
val:0.6091,Batch~Epoch~4->loss:0.015270119732576859
val:0.6132000000000001,Batch~Epoch~5->loss:0.010131044876061424
val:0.6151,Batch~Epoch~6->loss:0.007719631870259036
val:0.6179,Batch~Epoch~7->loss:0.005328753290541499
val:0.6193000000000001,Batch~Epoch~8->loss:0.003627702013545786
val:0.6204000000000001,Batch~Epoch~9->loss:0.0024526934068944684
val:0.6208,Batch~Epoch~10->loss:0.0023188890617973357
val:0.6202000000000001,Batch~Epoch~11->loss:0.0017383699388631157
val:0.6214000000000001,Batch~Epoch~12->loss:0.001219269681428159
val:0.6198,Batch~Epoch~13->loss:0.0008386721828799182
val:0.6215,Batch~Epoch~14->loss:0.0005881723443792453
val:0.6213000000000001,Batch~Epoch~15->loss:0.0004554335809743293
val:0.6203000000000001,
