nohup: ignoring input
Using downloaded and verified file: data/SVHN/train_32x32.mat
Using downloaded and verified file: data/SVHN/test_32x32.mat
Minibatch~Epoch~1->loss:2.2464304841254505
val:0.19587430854333127,Minibatch~Epoch~2->loss:2.239412595718127
val:0.19587430854333127,Minibatch~Epoch~3->loss:1.8977854517221324
val:0.6274200983405039,Minibatch~Epoch~4->loss:0.735524169023535
val:0.7949830977258758,Minibatch~Epoch~5->loss:0.49259372259326417
val:0.8390826674861708,Minibatch~Epoch~6->loss:0.3979159309567731
val:0.8491856177012906,Minibatch~Epoch~7->loss:0.33299685184843647
val:0.8515288875230484,Minibatch~Epoch~8->loss:0.2798511375248841
val:0.8618623232944068,Minibatch~Epoch~9->loss:0.23899484633036966
val:0.8549861708666256,Minibatch~Epoch~10->loss:0.1959636419877678
val:0.8633220651505839,Minibatch~Epoch~11->loss:0.16176307725123953
val:0.860978795328826,Minibatch~Epoch~12->loss:0.13147983006482197
val:0.8605562384757222,Minibatch~Epoch~13->loss:0.1071856604522873
val:0.8603641671788568,Minibatch~Epoch~14->loss:0.08952123710163636
val:0.8601336816226183,Minibatch~Epoch~15->loss:0.07341638945079403
val:0.8606330669944683,
Batch~Epoch~1->loss:0.028946705955377183
val:0.8693915181315304,Batch~Epoch~2->loss:0.01718770060932684
val:0.8719652735095267,Batch~Epoch~3->loss:0.012005407765173004
val:0.8723494161032574,Batch~Epoch~4->loss:0.007901441035500056
val:0.8724262446220036,Batch~Epoch~5->loss:0.00510129776859003
val:0.8724262446220036,Batch~Epoch~6->loss:0.0037661438731504404
val:0.8729256299938536,Batch~Epoch~7->loss:0.0024145348067037276
val:0.8724262446220036,Batch~Epoch~8->loss:0.001527549936753303
val:0.8728103872157345,Batch~Epoch~9->loss:0.0011733088764316335
val:0.8735018438844498,Batch~Epoch~10->loss:0.0008363894629823676
val:0.8730408727719728,Batch~Epoch~11->loss:0.0005565487637966271
val:0.8727719729563613,Batch~Epoch~12->loss:0.0003802119898956846
val:0.8728103872157345,Batch~Epoch~13->loss:0.00026767488406065354
val:0.8728488014751075,Batch~Epoch~14->loss:0.00018915302315924976
val:0.8724262446220036,Batch~Epoch~15->loss:0.00014376159425388835
val:0.8731561155500921,
