nohup: ignoring input
Epoch~1->train_loss:0.6696, val_loss:0.4645, val_accu:0.853, lr:0.0010390100069344044, conflict:217/469=0.4627
Epoch~2->train_loss:0.3575, val_loss:0.3929, val_accu:0.8789, lr:0.0004426436498761177, conflict:449/938=0.4787
Epoch~3->train_loss:0.2939, val_loss:0.3208, val_accu:0.9036, lr:0.0009230042342096567, conflict:688/1407=0.489
Epoch~4->train_loss:0.2255, val_loss:0.2906, val_accu:0.9129, lr:0.0006158683681860566, conflict:915/1876=0.4877
Epoch~5->train_loss:0.1982, val_loss:0.2622, val_accu:0.9229, lr:0.0005438871448859572, conflict:1151/2345=0.4908
Epoch~6->train_loss:0.1782, val_loss:0.2264, val_accu:0.9311, lr:0.000758933718316257, conflict:1377/2814=0.4893
Epoch~7->train_loss:0.1686, val_loss:0.2216, val_accu:0.9306, lr:-0.00013005755317863077, conflict:1622/3283=0.4941
Epoch~8->train_loss:0.1552, val_loss:0.221, val_accu:0.9309, lr:0.00034293680801056325, conflict:1856/3752=0.4947
Epoch~9->train_loss:0.1441, val_loss:0.227, val_accu:0.931, lr:0.000541763030923903, conflict:2090/4221=0.4951
Epoch~10->train_loss:0.1361, val_loss:0.2151, val_accu:0.9333, lr:0.00015878159319981933, conflict:2325/4690=0.4957
Epoch~11->train_loss:0.1282, val_loss:0.1927, val_accu:0.9412, lr:0.0003289503220003098, conflict:2569/5159=0.498
Epoch~12->train_loss:0.1191, val_loss:0.1999, val_accu:0.9386, lr:0.0010393267730250955, conflict:2799/5628=0.4973
Epoch~13->train_loss:0.1137, val_loss:0.1675, val_accu:0.948, lr:0.0010075703030452132, conflict:3032/6097=0.4973
Epoch~14->train_loss:0.1066, val_loss:0.2059, val_accu:0.9375, lr:0.0010453026043251157, conflict:3278/6566=0.4992
Epoch~15->train_loss:0.1032, val_loss:0.1668, val_accu:0.9505, lr:0.0005333384615369141, conflict:3517/7035=0.4999
Epoch~16->train_loss:0.101, val_loss:0.2609, val_accu:0.9166, lr:0.0026527747977524996, conflict:3741/7504=0.4985
Epoch~17->train_loss:0.0939, val_loss:0.158, val_accu:0.9522, lr:0.0005314294248819351, conflict:3983/7973=0.4996
Epoch~18->train_loss:0.0914, val_loss:0.1946, val_accu:0.939, lr:0.001456426689401269, conflict:4208/8442=0.4985
Epoch~19->train_loss:0.0866, val_loss:0.1759, val_accu:0.9472, lr:0.0004967381246387959, conflict:4430/8911=0.4971
Epoch~20->train_loss:0.0857, val_loss:0.1709, val_accu:0.9475, lr:0.0019652661867439747, conflict:4663/9380=0.4971
Epoch~21->train_loss:0.0819, val_loss:0.1767, val_accu:0.9475, lr:0.00030157004948705435, conflict:4902/9849=0.4977
Epoch~22->train_loss:0.08, val_loss:0.1525, val_accu:0.9534, lr:0.0010309390490874648, conflict:5131/10318=0.4973
Epoch~23->train_loss:0.0779, val_loss:0.1795, val_accu:0.9451, lr:0.0005145708564668894, conflict:5360/10787=0.4969
Epoch~24->train_loss:0.0753, val_loss:0.1531, val_accu:0.9528, lr:8.107977919280529e-05, conflict:5583/11256=0.496
Epoch~25->train_loss:0.0743, val_loss:0.1853, val_accu:0.9432, lr:0.0008977038087323308, conflict:5805/11725=0.4951
Epoch~26->train_loss:0.073, val_loss:0.1624, val_accu:0.9484, lr:0.0009501805761829019, conflict:6034/12194=0.4948
Epoch~27->train_loss:0.0698, val_loss:0.155, val_accu:0.9511, lr:5.601280281553045e-05, conflict:6258/12663=0.4942
Epoch~28->train_loss:0.0691, val_loss:0.1487, val_accu:0.955, lr:0.00033775941119529307, conflict:6492/13132=0.4944
Epoch~29->train_loss:0.0685, val_loss:0.1479, val_accu:0.9527, lr:0.00038838403997942805, conflict:6712/13601=0.4935
Epoch~30->train_loss:0.0683, val_loss:0.1602, val_accu:0.948, lr:0.000587736489251256, conflict:6945/14070=0.4936
Epoch~31->train_loss:0.0648, val_loss:0.1475, val_accu:0.9529, lr:1.0129897418664768e-05, conflict:7183/14539=0.4941
Epoch~32->train_loss:0.0651, val_loss:0.1434, val_accu:0.9568, lr:0.0006816101376898587, conflict:7407/15008=0.4935
Epoch~33->train_loss:0.0635, val_loss:0.1463, val_accu:0.9534, lr:9.775713988346979e-05, conflict:7635/15477=0.4933
Epoch~34->train_loss:0.0626, val_loss:0.1409, val_accu:0.9558, lr:0.00030964240431785583, conflict:7880/15946=0.4942
Epoch~35->train_loss:0.0611, val_loss:0.1667, val_accu:0.9458, lr:0.0015894046518951654, conflict:8137/16415=0.4957
Epoch~36->train_loss:0.0622, val_loss:0.1382, val_accu:0.9566, lr:-0.0001842705678427592, conflict:8388/16884=0.4968
Epoch~37->train_loss:0.0593, val_loss:0.1293, val_accu:0.9585, lr:0.0011417522327974439, conflict:8614/17353=0.4964
Epoch~38->train_loss:0.0594, val_loss:0.1287, val_accu:0.9602, lr:0.0002483277057763189, conflict:8851/17822=0.4966
Epoch~39->train_loss:0.0584, val_loss:0.1462, val_accu:0.9521, lr:0.000988540705293417, conflict:9064/18291=0.4955
Epoch~40->train_loss:0.057, val_loss:0.1408, val_accu:0.9552, lr:0.0004478914197534323, conflict:9299/18760=0.4957
Epoch~41->train_loss:0.0568, val_loss:0.1465, val_accu:0.9531, lr:-7.18205701559782e-05, conflict:9534/19229=0.4958
Epoch~42->train_loss:0.0553, val_loss:0.1387, val_accu:0.9568, lr:0.0009270104928873479, conflict:9755/19698=0.4952
Epoch~43->train_loss:0.054, val_loss:0.13, val_accu:0.9591, lr:0.0011188647476956248, conflict:9983/20167=0.495
Epoch~44->train_loss:0.0526, val_loss:0.14, val_accu:0.9556, lr:0.0005587999476119876, conflict:10211/20636=0.4948
Epoch~45->train_loss:0.0531, val_loss:0.1362, val_accu:0.9582, lr:0.0005630542291328311, conflict:10445/21105=0.4949
Epoch~46->train_loss:0.053, val_loss:0.1375, val_accu:0.955, lr:0.0003463697212282568, conflict:10670/21574=0.4946
Epoch~47->train_loss:0.051, val_loss:0.1256, val_accu:0.9589, lr:-0.0003041216405108571, conflict:10906/22043=0.4948
Epoch~48->train_loss:0.0502, val_loss:0.1395, val_accu:0.9553, lr:0.0007294160313904285, conflict:11136/22512=0.4947
Epoch~49->train_loss:0.0503, val_loss:0.1342, val_accu:0.957, lr:0.0003743234556168318, conflict:11364/22981=0.4945
Epoch~50->train_loss:0.0498, val_loss:0.1493, val_accu:0.9519, lr:-5.8407407777849585e-05, conflict:11604/23450=0.4948
Epoch~51->train_loss:0.0494, val_loss:0.1532, val_accu:0.9493, lr:0.0010066826362162828, conflict:11839/23919=0.495
Epoch~52->train_loss:0.0497, val_loss:0.1324, val_accu:0.9576, lr:0.00019459318718872964, conflict:12080/24388=0.4953
Epoch~53->train_loss:0.048, val_loss:0.1273, val_accu:0.9585, lr:6.85099366819486e-05, conflict:12283/24857=0.4941
Epoch~54->train_loss:0.0477, val_loss:0.1341, val_accu:0.9552, lr:0.0010748140048235655, conflict:12529/25326=0.4947
Epoch~55->train_loss:0.048, val_loss:0.1335, val_accu:0.9567, lr:0.0008840279188007116, conflict:12772/25795=0.4951
Epoch~56->train_loss:0.0469, val_loss:0.1677, val_accu:0.9416, lr:4.5729688281426206e-05, conflict:13006/26264=0.4952
Epoch~57->train_loss:0.0468, val_loss:0.1212, val_accu:0.9609, lr:0.00028544821543619037, conflict:13233/26733=0.495
Epoch~58->train_loss:0.0456, val_loss:0.1301, val_accu:0.9574, lr:-0.00020667714125011116, conflict:13482/27202=0.4956
Epoch~59->train_loss:0.0458, val_loss:0.1188, val_accu:0.962, lr:0.0007584812119603157, conflict:13699/27671=0.4951
Epoch~60->train_loss:0.0455, val_loss:0.1568, val_accu:0.9466, lr:-0.00047025131061673164, conflict:13938/28140=0.4953
Epoch~61->train_loss:0.0445, val_loss:0.1185, val_accu:0.9627, lr:0.0014824534300714731, conflict:14180/28609=0.4956
Epoch~62->train_loss:0.0441, val_loss:0.1568, val_accu:0.9466, lr:-0.0006984439678490162, conflict:14403/29078=0.4953
Epoch~63->train_loss:0.0449, val_loss:0.1444, val_accu:0.9494, lr:0.0011522654676809907, conflict:14615/29547=0.4946
Epoch~64->train_loss:0.0442, val_loss:0.1163, val_accu:0.9621, lr:-0.00015170079132076353, conflict:14844/30016=0.4945
Epoch~65->train_loss:0.042, val_loss:0.1585, val_accu:0.9462, lr:0.001342227216809988, conflict:15060/30485=0.494
Epoch~66->train_loss:0.0427, val_loss:0.1457, val_accu:0.9524, lr:-0.00011244125198572874, conflict:15296/30954=0.4942
Epoch~67->train_loss:0.0422, val_loss:0.1429, val_accu:0.9511, lr:0.0002760520437732339, conflict:15515/31423=0.4937
Epoch~68->train_loss:0.0418, val_loss:0.1507, val_accu:0.9486, lr:0.0006189266568981111, conflict:15743/31892=0.4936
Epoch~69->train_loss:0.0421, val_loss:0.1298, val_accu:0.9578, lr:0.000728895771317184, conflict:15969/32361=0.4935
Epoch~70->train_loss:0.0409, val_loss:0.1466, val_accu:0.9505, lr:0.0013247056631371379, conflict:16202/32830=0.4935
Epoch~71->train_loss:0.0405, val_loss:0.0956, val_accu:0.9705, lr:-0.00041415943996980786, conflict:16437/33299=0.4936
Epoch~72->train_loss:0.0403, val_loss:0.105, val_accu:0.967, lr:0.00035979136009700596, conflict:16659/33768=0.4933
Epoch~73->train_loss:0.0389, val_loss:0.1387, val_accu:0.9529, lr:-0.00017721959738992155, conflict:16876/34237=0.4929
Epoch~74->train_loss:0.039, val_loss:0.1268, val_accu:0.9572, lr:0.000788050121627748, conflict:17092/34706=0.4925
Epoch~75->train_loss:0.0385, val_loss:0.1439, val_accu:0.9512, lr:-0.0002389511209912598, conflict:17340/35175=0.493
Epoch~76->train_loss:0.0387, val_loss:0.1221, val_accu:0.9587, lr:0.00038516594213433564, conflict:17576/35644=0.4931
Epoch~77->train_loss:0.039, val_loss:0.1415, val_accu:0.9518, lr:0.00011703077325364575, conflict:17822/36113=0.4935
Epoch~78->train_loss:0.0366, val_loss:0.1256, val_accu:0.9582, lr:-8.501803677063435e-05, conflict:18046/36582=0.4933
Epoch~79->train_loss:0.0368, val_loss:0.1255, val_accu:0.958, lr:0.0011938479728996754, conflict:18265/37051=0.493
Epoch~80->train_loss:0.0369, val_loss:0.1428, val_accu:0.9521, lr:0.0009008708293549716, conflict:18502/37520=0.4931
Epoch~81->train_loss:0.0368, val_loss:0.122, val_accu:0.9593, lr:0.00047477023326791823, conflict:18749/37989=0.4935
Epoch~82->train_loss:0.0356, val_loss:0.1176, val_accu:0.9606, lr:0.0008673830307088792, conflict:18971/38458=0.4933
Epoch~83->train_loss:0.0364, val_loss:0.1302, val_accu:0.9569, lr:-0.00016382850299123675, conflict:19215/38927=0.4936
Epoch~84->train_loss:0.0358, val_loss:0.1231, val_accu:0.9594, lr:0.0005881432443857193, conflict:19445/39396=0.4936
Epoch~85->train_loss:0.0356, val_loss:0.1225, val_accu:0.9602, lr:0.0013523773523047566, conflict:19684/39865=0.4938
Epoch~86->train_loss:0.0362, val_loss:0.109, val_accu:0.9661, lr:0.0018544645281508565, conflict:19926/40334=0.494
Epoch~87->train_loss:0.0363, val_loss:0.1249, val_accu:0.9581, lr:0.00037402129964902997, conflict:20157/40803=0.494
Epoch~88->train_loss:0.0343, val_loss:0.1113, val_accu:0.9629, lr:0.00027797490474767983, conflict:20389/41272=0.494
Epoch~89->train_loss:0.035, val_loss:0.1236, val_accu:0.9597, lr:0.001180869061499834, conflict:20622/41741=0.494
Epoch~90->train_loss:0.0344, val_loss:0.1193, val_accu:0.9589, lr:0.0010371989337727427, conflict:20861/42210=0.4942
Epoch~91->train_loss:0.0351, val_loss:0.1102, val_accu:0.9631, lr:0.0006874609389342368, conflict:21081/42679=0.4939
Epoch~92->train_loss:0.0329, val_loss:0.1308, val_accu:0.9556, lr:0.0006539745372720063, conflict:21314/43148=0.494
Epoch~93->train_loss:0.0324, val_loss:0.122, val_accu:0.9582, lr:0.0005982188158668578, conflict:21547/43617=0.494
Epoch~94->train_loss:0.0333, val_loss:0.1166, val_accu:0.9617, lr:0.001910085091367364, conflict:21778/44086=0.494
Epoch~95->train_loss:0.034, val_loss:0.0886, val_accu:0.9718, lr:0.0007562243263237178, conflict:22034/44555=0.4945
Epoch~96->train_loss:0.0325, val_loss:0.1301, val_accu:0.957, lr:0.0005195583798922598, conflict:22264/45024=0.4945
Epoch~97->train_loss:0.0323, val_loss:0.1073, val_accu:0.9645, lr:0.000423156947363168, conflict:22484/45493=0.4942
Epoch~98->train_loss:0.0314, val_loss:0.1544, val_accu:0.9432, lr:0.0011964405421167612, conflict:22727/45962=0.4945
Epoch~99->train_loss:0.0317, val_loss:0.0979, val_accu:0.9688, lr:0.0005197874852456152, conflict:22954/46431=0.4944
Epoch~100->train_loss:0.032, val_loss:0.1215, val_accu:0.9591, lr:0.0005169711075723171, conflict:23169/46900=0.494
Epoch~101->train_loss:0.0313, val_loss:0.1323, val_accu:0.9534, lr:4.915875615552068e-05, conflict:23401/47369=0.494
Epoch~102->train_loss:0.031, val_loss:0.1012, val_accu:0.9673, lr:0.0009638863266445696, conflict:23635/47838=0.4941
Epoch~103->train_loss:0.0313, val_loss:0.11, val_accu:0.9642, lr:0.0008402690291404724, conflict:23890/48307=0.4945
Epoch~104->train_loss:0.0311, val_loss:0.107, val_accu:0.9649, lr:0.0005665749777108431, conflict:24105/48776=0.4942
Epoch~105->train_loss:0.0307, val_loss:0.0938, val_accu:0.9693, lr:0.0003363813739269972, conflict:24338/49245=0.4942
Epoch~106->train_loss:0.0302, val_loss:0.1003, val_accu:0.9677, lr:0.0011788636911660433, conflict:24563/49714=0.4941
Epoch~107->train_loss:0.0308, val_loss:0.1071, val_accu:0.9651, lr:0.00031024287454783916, conflict:24792/50183=0.494
Epoch~108->train_loss:0.0293, val_loss:0.1263, val_accu:0.956, lr:0.001848992658779025, conflict:25019/50652=0.4939
Epoch~109->train_loss:0.0297, val_loss:0.1332, val_accu:0.9531, lr:0.0008634920231997967, conflict:25251/51121=0.4939
Epoch~110->train_loss:0.0291, val_loss:0.1312, val_accu:0.9543, lr:0.000536200706847012, conflict:25487/51590=0.494
Epoch~111->train_loss:0.0293, val_loss:0.1001, val_accu:0.9661, lr:0.0004030906711705029, conflict:25707/52059=0.4938
Epoch~112->train_loss:0.0292, val_loss:0.1601, val_accu:0.9428, lr:0.00015052409435156733, conflict:25955/52528=0.4941
Epoch~113->train_loss:0.0283, val_loss:0.1392, val_accu:0.9521, lr:0.0012668424751609564, conflict:26198/52997=0.4943
Epoch~114->train_loss:0.0295, val_loss:0.1292, val_accu:0.9544, lr:0.00021709836437366903, conflict:26434/53466=0.4944
Epoch~115->train_loss:0.0289, val_loss:0.0984, val_accu:0.9683, lr:0.0015348847955465317, conflict:26650/53935=0.4941
Epoch~116->train_loss:0.0284, val_loss:0.1195, val_accu:0.9588, lr:0.0012633006554096937, conflict:26891/54404=0.4943
Epoch~117->train_loss:0.0287, val_loss:0.1122, val_accu:0.9629, lr:0.0007264466839842498, conflict:27128/54873=0.4944
Epoch~118->train_loss:0.0276, val_loss:0.1096, val_accu:0.9644, lr:0.0013613925548270345, conflict:27339/55342=0.494
Epoch~119->train_loss:0.0272, val_loss:0.1129, val_accu:0.9624, lr:-0.00018693000311031938, conflict:27574/55811=0.4941
Epoch~120->train_loss:0.0268, val_loss:0.1114, val_accu:0.9631, lr:0.0001918544585350901, conflict:27794/56280=0.4939
