nohup: ignoring input
Epoch~1->train_loss:0.6516, val_loss:0.4822, val_accu:0.853, lr:0.00047812919365242124, conflict:220/469=0.4691
Epoch~2->train_loss:0.3448, val_loss:0.4147, val_accu:0.8719, lr:0.002051743445917964, conflict:443/938=0.4723
Epoch~3->train_loss:0.2574, val_loss:0.3982, val_accu:0.8729, lr:0.0009673385648056865, conflict:672/1407=0.4776
Epoch~4->train_loss:0.2189, val_loss:0.325, val_accu:0.9003, lr:0.0005717288004234433, conflict:907/1876=0.4835
Epoch~5->train_loss:0.1964, val_loss:0.3158, val_accu:0.9053, lr:0.0015892630908638239, conflict:1139/2345=0.4857
Epoch~6->train_loss:0.1812, val_loss:0.2915, val_accu:0.9118, lr:8.806500409264117e-05, conflict:1383/2814=0.4915
Epoch~7->train_loss:0.167, val_loss:0.2891, val_accu:0.9118, lr:0.0004561481182463467, conflict:1621/3283=0.4938
Epoch~8->train_loss:0.1515, val_loss:0.3054, val_accu:0.9044, lr:0.00022941394126974046, conflict:1848/3752=0.4925
Epoch~9->train_loss:0.1441, val_loss:0.259, val_accu:0.9202, lr:-7.438981265295297e-05, conflict:2080/4221=0.4928
Epoch~10->train_loss:0.1346, val_loss:0.2648, val_accu:0.918, lr:0.00028236553771421313, conflict:2310/4690=0.4925
Epoch~11->train_loss:0.1285, val_loss:0.2658, val_accu:0.9157, lr:0.0007383734919130802, conflict:2537/5159=0.4918
Epoch~12->train_loss:0.1214, val_loss:0.2583, val_accu:0.9203, lr:0.000706666090991348, conflict:2774/5628=0.4929
Epoch~13->train_loss:0.1154, val_loss:0.2227, val_accu:0.9306, lr:-0.0006215451285243034, conflict:3012/6097=0.494
Epoch~14->train_loss:0.1123, val_loss:0.2416, val_accu:0.923, lr:0.0004069667193107307, conflict:3235/6566=0.4927
Epoch~15->train_loss:0.1043, val_loss:0.2866, val_accu:0.906, lr:0.0009828942129388452, conflict:3489/7035=0.4959
Epoch~16->train_loss:0.0999, val_loss:0.2557, val_accu:0.9187, lr:0.0007361412863247097, conflict:3718/7504=0.4955
Epoch~17->train_loss:0.0958, val_loss:0.1992, val_accu:0.9385, lr:-0.0004954425385221839, conflict:3945/7973=0.4948
Epoch~18->train_loss:0.0935, val_loss:0.2134, val_accu:0.9329, lr:0.00017643433238845319, conflict:4173/8442=0.4943
Epoch~19->train_loss:0.0898, val_loss:0.2197, val_accu:0.9312, lr:0.0015657927142456174, conflict:4407/8911=0.4946
Epoch~20->train_loss:0.0853, val_loss:0.1984, val_accu:0.9389, lr:-0.00015455535321962088, conflict:4660/9380=0.4968
Epoch~21->train_loss:0.083, val_loss:0.2334, val_accu:0.9247, lr:0.00021708897838834673, conflict:4890/9849=0.4965
Epoch~22->train_loss:0.0804, val_loss:0.2158, val_accu:0.9291, lr:0.0012454441748559475, conflict:5122/10318=0.4964
Epoch~23->train_loss:0.0792, val_loss:0.2174, val_accu:0.9283, lr:0.0005968661862425506, conflict:5348/10787=0.4958
Epoch~24->train_loss:0.076, val_loss:0.2605, val_accu:0.9124, lr:0.0011155748507007957, conflict:5586/11256=0.4963
Epoch~25->train_loss:0.0751, val_loss:0.2002, val_accu:0.9331, lr:-3.101397305727005e-05, conflict:5814/11725=0.4959
Epoch~26->train_loss:0.0729, val_loss:0.2102, val_accu:0.9311, lr:0.00017096515512093902, conflict:6057/12194=0.4967
Epoch~27->train_loss:0.0711, val_loss:0.1879, val_accu:0.9397, lr:9.768920426722616e-05, conflict:6286/12663=0.4964
Epoch~28->train_loss:0.0694, val_loss:0.1936, val_accu:0.9352, lr:0.0007288827328011394, conflict:6530/13132=0.4973
Epoch~29->train_loss:0.0674, val_loss:0.1962, val_accu:0.9365, lr:-0.0012254102621227503, conflict:6756/13601=0.4967
Epoch~30->train_loss:0.0673, val_loss:0.2025, val_accu:0.9343, lr:0.001231743604876101, conflict:6986/14070=0.4965
Epoch~31->train_loss:0.0659, val_loss:0.1991, val_accu:0.9321, lr:0.0011377782793715596, conflict:7224/14539=0.4969
Epoch~32->train_loss:0.0641, val_loss:0.2433, val_accu:0.9176, lr:-0.00031655203201808035, conflict:7459/15008=0.497
Epoch~33->train_loss:0.063, val_loss:0.2056, val_accu:0.9302, lr:0.00040748270112089813, conflict:7678/15477=0.4961
Epoch~34->train_loss:0.063, val_loss:0.2201, val_accu:0.9244, lr:0.0010330649092793465, conflict:7916/15946=0.4964
Epoch~35->train_loss:0.0615, val_loss:0.1771, val_accu:0.941, lr:0.0006436299881897867, conflict:8149/16415=0.4964
Epoch~36->train_loss:0.0598, val_loss:0.191, val_accu:0.9337, lr:-3.668029967229813e-05, conflict:8372/16884=0.4959
Epoch~37->train_loss:0.0601, val_loss:0.1982, val_accu:0.9332, lr:0.0008983424049802125, conflict:8583/17353=0.4946
Epoch~38->train_loss:0.0577, val_loss:0.2371, val_accu:0.9151, lr:0.0016547224950045347, conflict:8809/17822=0.4943
Epoch~39->train_loss:0.0582, val_loss:0.1936, val_accu:0.9329, lr:-3.450280928518623e-05, conflict:9042/18291=0.4943
Epoch~40->train_loss:0.056, val_loss:0.2062, val_accu:0.9271, lr:0.00036554294638335705, conflict:9284/18760=0.4949
Epoch~41->train_loss:0.0541, val_loss:0.1688, val_accu:0.9433, lr:0.0009516443242318928, conflict:9523/19229=0.4952
Epoch~42->train_loss:0.053, val_loss:0.1961, val_accu:0.929, lr:0.0005826606065966189, conflict:9746/19698=0.4948
Epoch~43->train_loss:0.0518, val_loss:0.1975, val_accu:0.9307, lr:0.0004907595575787127, conflict:9971/20167=0.4944
Epoch~44->train_loss:0.0529, val_loss:0.21, val_accu:0.9258, lr:0.000568660325370729, conflict:10187/20636=0.4937
Epoch~45->train_loss:0.0521, val_loss:0.1696, val_accu:0.9425, lr:0.0016386968782171607, conflict:10419/21105=0.4937
Epoch~46->train_loss:0.0518, val_loss:0.242, val_accu:0.913, lr:0.0006499366136267781, conflict:10655/21574=0.4939
Epoch~47->train_loss:0.0502, val_loss:0.2052, val_accu:0.9272, lr:-0.0001307923230342567, conflict:10887/22043=0.4939
Epoch~48->train_loss:0.0486, val_loss:0.1949, val_accu:0.9295, lr:0.0006379424594342709, conflict:11104/22512=0.4932
Epoch~49->train_loss:0.049, val_loss:0.2034, val_accu:0.9248, lr:0.0007928183185867965, conflict:11341/22981=0.4935
Epoch~50->train_loss:0.0485, val_loss:0.184, val_accu:0.9323, lr:0.0001787607470760122, conflict:11586/23450=0.4941
Epoch~51->train_loss:0.0491, val_loss:0.2413, val_accu:0.9098, lr:0.0006416478427127004, conflict:11819/23919=0.4941
Epoch~52->train_loss:0.0465, val_loss:0.2042, val_accu:0.9248, lr:0.001576718408614397, conflict:12043/24388=0.4938
Epoch~53->train_loss:0.0473, val_loss:0.1777, val_accu:0.9354, lr:0.0006379333208315074, conflict:12268/24857=0.4935
Epoch~54->train_loss:0.0462, val_loss:0.2163, val_accu:0.9182, lr:0.0010954787721857429, conflict:12496/25326=0.4934
Epoch~55->train_loss:0.0451, val_loss:0.2051, val_accu:0.9239, lr:9.900947043206543e-05, conflict:12731/25795=0.4935
Epoch~56->train_loss:0.0461, val_loss:0.2111, val_accu:0.9206, lr:0.0005714113358408213, conflict:12946/26264=0.4929
Epoch~57->train_loss:0.0443, val_loss:0.1707, val_accu:0.9395, lr:0.0006081186584196985, conflict:13181/26733=0.4931
Epoch~58->train_loss:0.0452, val_loss:0.2316, val_accu:0.9148, lr:-9.198527550324798e-06, conflict:13416/27202=0.4932
Epoch~59->train_loss:0.0438, val_loss:0.2225, val_accu:0.9213, lr:0.000702370482031256, conflict:13654/27671=0.4934
Epoch~60->train_loss:0.0425, val_loss:0.2525, val_accu:0.9042, lr:0.0003861772711388767, conflict:13886/28140=0.4935
Epoch~61->train_loss:0.0422, val_loss:0.2351, val_accu:0.9092, lr:0.0005198189755901694, conflict:14118/28609=0.4935
Epoch~62->train_loss:0.043, val_loss:0.2311, val_accu:0.9137, lr:0.00019284967856947333, conflict:14356/29078=0.4937
Epoch~63->train_loss:0.0416, val_loss:0.1627, val_accu:0.94, lr:0.0001317771093454212, conflict:14577/29547=0.4933
Epoch~64->train_loss:0.0413, val_loss:0.1977, val_accu:0.9259, lr:0.0003691595047712326, conflict:14799/30016=0.493
Epoch~65->train_loss:0.0415, val_loss:0.1811, val_accu:0.9345, lr:-0.0002523337898310274, conflict:15029/30485=0.493
Epoch~66->train_loss:0.0411, val_loss:0.2037, val_accu:0.9238, lr:0.00046198206837289035, conflict:15275/30954=0.4935
Epoch~67->train_loss:0.0394, val_loss:0.2289, val_accu:0.9119, lr:6.223288073670119e-05, conflict:15512/31423=0.4937
Epoch~68->train_loss:0.0405, val_loss:0.157, val_accu:0.9448, lr:0.0003646894474513829, conflict:15746/31892=0.4937
Epoch~69->train_loss:0.0404, val_loss:0.2498, val_accu:0.908, lr:0.0012125091161578894, conflict:15980/32361=0.4938
Epoch~70->train_loss:0.0398, val_loss:0.1834, val_accu:0.9299, lr:0.001555621507577598, conflict:16196/32830=0.4933
Epoch~71->train_loss:0.0391, val_loss:0.2533, val_accu:0.9038, lr:0.0001206666711368598, conflict:16437/33299=0.4936
Epoch~72->train_loss:0.0381, val_loss:0.237, val_accu:0.9121, lr:0.0008921576081775129, conflict:16665/33768=0.4935
Epoch~73->train_loss:0.0386, val_loss:0.2096, val_accu:0.9183, lr:0.001371375867165625, conflict:16900/34237=0.4936
Epoch~74->train_loss:0.0375, val_loss:0.2382, val_accu:0.9077, lr:-9.841032442636788e-05, conflict:17127/34706=0.4935
Epoch~75->train_loss:0.0371, val_loss:0.2218, val_accu:0.9126, lr:0.0001377032313030213, conflict:17362/35175=0.4936
Epoch~76->train_loss:0.0371, val_loss:0.166, val_accu:0.9349, lr:0.0008640360319986939, conflict:17595/35644=0.4936
Epoch~77->train_loss:0.0376, val_loss:0.2433, val_accu:0.9093, lr:-0.000322318373946473, conflict:17832/36113=0.4938
Epoch~78->train_loss:0.0379, val_loss:0.1994, val_accu:0.9222, lr:0.0005073307547718287, conflict:18067/36582=0.4939
Epoch~79->train_loss:0.0362, val_loss:0.2075, val_accu:0.9205, lr:0.00037615912151522934, conflict:18287/37051=0.4936
Epoch~80->train_loss:0.035, val_loss:0.2723, val_accu:0.8964, lr:0.0008354607853107154, conflict:18499/37520=0.493
Epoch~81->train_loss:0.036, val_loss:0.2344, val_accu:0.9078, lr:0.0012249147985130548, conflict:18735/37989=0.4932
Epoch~82->train_loss:0.0355, val_loss:0.2693, val_accu:0.8926, lr:0.00156801484990865, conflict:18961/38458=0.493
Epoch~83->train_loss:0.0366, val_loss:0.2555, val_accu:0.9003, lr:0.0007489524432457983, conflict:19198/38927=0.4932
Epoch~84->train_loss:0.0352, val_loss:0.2187, val_accu:0.9166, lr:0.001171199488453567, conflict:19406/39396=0.4926
Epoch~85->train_loss:0.0345, val_loss:0.2145, val_accu:0.9164, lr:0.0001596861402504146, conflict:19626/39865=0.4923
Epoch~86->train_loss:0.0334, val_loss:0.2603, val_accu:0.895, lr:-0.000673491507768631, conflict:19859/40334=0.4924
Epoch~87->train_loss:0.0334, val_loss:0.2104, val_accu:0.9171, lr:0.00015821866691112518, conflict:20104/40803=0.4927
Epoch~88->train_loss:0.033, val_loss:0.1806, val_accu:0.9293, lr:0.0003399101842660457, conflict:20346/41272=0.493
Epoch~89->train_loss:0.0329, val_loss:0.1455, val_accu:0.9456, lr:0.000678946147672832, conflict:20580/41741=0.493
Epoch~90->train_loss:0.0329, val_loss:0.1911, val_accu:0.9265, lr:0.0007108772988431156, conflict:20804/42210=0.4929
Epoch~91->train_loss:0.0325, val_loss:0.1849, val_accu:0.932, lr:-0.0002613333927001804, conflict:21022/42679=0.4926
Epoch~92->train_loss:0.0318, val_loss:0.2107, val_accu:0.9161, lr:0.0005416108760982752, conflict:21261/43148=0.4927
Epoch~93->train_loss:0.0329, val_loss:0.1958, val_accu:0.9267, lr:0.0002760165953077376, conflict:21485/43617=0.4926
Epoch~94->train_loss:0.0315, val_loss:0.1678, val_accu:0.9361, lr:0.0007006238447502255, conflict:21709/44086=0.4924
Epoch~95->train_loss:0.0309, val_loss:0.2298, val_accu:0.9081, lr:0.000555404694750905, conflict:21941/44555=0.4924
Epoch~96->train_loss:0.0323, val_loss:0.2434, val_accu:0.8998, lr:0.00040483244811184704, conflict:22184/45024=0.4927
Epoch~97->train_loss:0.0315, val_loss:0.1974, val_accu:0.9232, lr:0.0007937518530525267, conflict:22419/45493=0.4928
Epoch~98->train_loss:0.0316, val_loss:0.2119, val_accu:0.9177, lr:0.0005703705828636885, conflict:22644/45962=0.4927
Epoch~99->train_loss:0.0316, val_loss:0.2482, val_accu:0.9032, lr:0.00021735005429945886, conflict:22875/46431=0.4927
Epoch~100->train_loss:0.0311, val_loss:0.3214, val_accu:0.8748, lr:0.00236377096734941, conflict:23108/46900=0.4927
Epoch~101->train_loss:0.0308, val_loss:0.2678, val_accu:0.8933, lr:0.00022644305136054754, conflict:23338/47369=0.4927
Epoch~102->train_loss:0.0304, val_loss:0.1505, val_accu:0.9448, lr:0.000912254792638123, conflict:23567/47838=0.4926
Epoch~103->train_loss:0.0297, val_loss:0.1869, val_accu:0.9258, lr:0.0011999747948721051, conflict:23814/48307=0.493
Epoch~104->train_loss:0.03, val_loss:0.1671, val_accu:0.9381, lr:0.0003894795954693109, conflict:24046/48776=0.493
Epoch~105->train_loss:0.0307, val_loss:0.1607, val_accu:0.9415, lr:0.0008073353092186153, conflict:24266/49245=0.4928
Epoch~106->train_loss:0.028, val_loss:0.2004, val_accu:0.9201, lr:0.0009735428029671311, conflict:24512/49714=0.4931
Epoch~107->train_loss:0.0294, val_loss:0.2501, val_accu:0.9001, lr:0.0018702271627262235, conflict:24757/50183=0.4933
Epoch~108->train_loss:0.0299, val_loss:0.2057, val_accu:0.9178, lr:-0.0007066261605359614, conflict:24986/50652=0.4933
Epoch~109->train_loss:0.0289, val_loss:0.2081, val_accu:0.9147, lr:0.00040728464955464005, conflict:25218/51121=0.4933
Epoch~110->train_loss:0.0283, val_loss:0.2075, val_accu:0.9179, lr:0.0005940092378295958, conflict:25448/51590=0.4933
Epoch~111->train_loss:0.0303, val_loss:0.2182, val_accu:0.9099, lr:0.0004360038146842271, conflict:25680/52059=0.4933
Epoch~112->train_loss:0.0272, val_loss:0.1929, val_accu:0.9227, lr:0.0005570018547587097, conflict:25916/52528=0.4934
Epoch~113->train_loss:0.0269, val_loss:0.2388, val_accu:0.9045, lr:0.0003795905795414001, conflict:26144/52997=0.4933
Epoch~114->train_loss:0.0268, val_loss:0.2381, val_accu:0.903, lr:0.0009229679126292467, conflict:26372/53466=0.4932
Epoch~115->train_loss:0.0279, val_loss:0.1942, val_accu:0.9183, lr:0.000825493480078876, conflict:26613/53935=0.4934
Epoch~116->train_loss:0.0278, val_loss:0.1922, val_accu:0.922, lr:0.0001341074676020071, conflict:26853/54404=0.4936
Epoch~117->train_loss:0.03, val_loss:0.1941, val_accu:0.9188, lr:-0.0004105789994355291, conflict:27090/54873=0.4937
Epoch~118->train_loss:0.0277, val_loss:0.2348, val_accu:0.9025, lr:0.00014522869605571032, conflict:27330/55342=0.4938
Epoch~119->train_loss:0.0277, val_loss:0.2005, val_accu:0.9177, lr:0.00034795861574821174, conflict:27561/55811=0.4938
Epoch~120->train_loss:0.0269, val_loss:0.1912, val_accu:0.923, lr:0.0004697275871876627, conflict:27789/56280=0.4938
Epoch~121->train_loss:0.0265, val_loss:0.1772, val_accu:0.9294, lr:0.0006490358500741422, conflict:28007/56749=0.4935
Epoch~122->train_loss:0.0268, val_loss:0.1928, val_accu:0.9223, lr:0.00018897090922109783, conflict:28232/57218=0.4934
Epoch~123->train_loss:0.0258, val_loss:0.2339, val_accu:0.906, lr:0.0009936842834576964, conflict:28461/57687=0.4934
Epoch~124->train_loss:0.0258, val_loss:0.2215, val_accu:0.9107, lr:0.0010496265022084117, conflict:28697/58156=0.4934
Epoch~125->train_loss:0.0258, val_loss:0.2321, val_accu:0.9118, lr:0.0015692181186750531, conflict:28941/58625=0.4937
Epoch~126->train_loss:0.0266, val_loss:0.1857, val_accu:0.9239, lr:0.00043026963248848915, conflict:29173/59094=0.4937
Epoch~127->train_loss:0.0258, val_loss:0.2459, val_accu:0.8994, lr:7.669978367630392e-05, conflict:29412/59563=0.4938
Epoch~128->train_loss:0.0247, val_loss:0.1779, val_accu:0.9294, lr:0.0005428537260740995, conflict:29634/60032=0.4936
Epoch~129->train_loss:0.0248, val_loss:0.1795, val_accu:0.9267, lr:0.00038964347913861275, conflict:29859/60501=0.4935
Epoch~130->train_loss:0.0257, val_loss:0.1835, val_accu:0.9218, lr:0.0004316425765864551, conflict:30118/60970=0.494
Epoch~131->train_loss:0.0248, val_loss:0.2401, val_accu:0.8988, lr:0.0005732894642278552, conflict:30361/61439=0.4942
Epoch~132->train_loss:0.0251, val_loss:0.159, val_accu:0.9422, lr:0.0007965058903209865, conflict:30599/61908=0.4943
Epoch~133->train_loss:0.024, val_loss:0.1853, val_accu:0.9277, lr:-3.157998435199261e-05, conflict:30836/62377=0.4943
Epoch~134->train_loss:0.0242, val_loss:0.2666, val_accu:0.8916, lr:0.0005324046360328794, conflict:31084/62846=0.4946
Epoch~135->train_loss:0.0241, val_loss:0.22, val_accu:0.9096, lr:0.0004780515155289322, conflict:31323/63315=0.4947
Epoch~136->train_loss:0.0235, val_loss:0.1683, val_accu:0.9369, lr:0.00020274458802305162, conflict:31552/63784=0.4947
Epoch~137->train_loss:0.0246, val_loss:0.2132, val_accu:0.9148, lr:0.00033808115404099226, conflict:31774/64253=0.4945
Epoch~138->train_loss:0.0237, val_loss:0.156, val_accu:0.9406, lr:0.00016260799020528793, conflict:32015/64722=0.4947
Epoch~139->train_loss:0.0248, val_loss:0.1583, val_accu:0.9443, lr:0.0011610850924625993, conflict:32242/65191=0.4946
Epoch~140->train_loss:0.0237, val_loss:0.2122, val_accu:0.9139, lr:0.0008113911026157439, conflict:32484/65660=0.4947
Epoch~141->train_loss:0.025, val_loss:0.1907, val_accu:0.9282, lr:0.0006884312606416643, conflict:32712/66129=0.4947
Epoch~142->train_loss:0.023, val_loss:0.1614, val_accu:0.9399, lr:0.0004744489269796759, conflict:32940/66598=0.4946
Epoch~143->train_loss:0.022, val_loss:0.2399, val_accu:0.9024, lr:0.0007864263607189059, conflict:33174/67067=0.4946
Epoch~144->train_loss:0.0227, val_loss:0.2076, val_accu:0.915, lr:0.0005893210181966424, conflict:33402/67536=0.4946
Epoch~145->train_loss:0.0224, val_loss:0.2455, val_accu:0.8967, lr:0.00035368636599741876, conflict:33633/68005=0.4946
Epoch~146->train_loss:0.023, val_loss:0.1454, val_accu:0.9459, lr:0.0009629542473703623, conflict:33847/68474=0.4943
Epoch~147->train_loss:0.0227, val_loss:0.1502, val_accu:0.9461, lr:7.181790715549141e-05, conflict:34074/68943=0.4942
Epoch~148->train_loss:0.0224, val_loss:0.1423, val_accu:0.9504, lr:6.885416223667562e-05, conflict:34298/69412=0.4941
Epoch~149->train_loss:0.0222, val_loss:0.1961, val_accu:0.9206, lr:-3.1324329029303044e-05, conflict:34517/69881=0.4939
Epoch~150->train_loss:0.0222, val_loss:0.1996, val_accu:0.9184, lr:0.0008082985877990723, conflict:34760/70350=0.4941
Epoch~151->train_loss:0.0215, val_loss:0.208, val_accu:0.914, lr:7.841423212084919e-05, conflict:34991/70819=0.4941
Epoch~152->train_loss:0.0223, val_loss:0.1782, val_accu:0.9286, lr:0.00016812888497952372, conflict:35229/71288=0.4942
Epoch~153->train_loss:0.0226, val_loss:0.1907, val_accu:0.922, lr:0.00043031235691159964, conflict:35453/71757=0.4941
Epoch~154->train_loss:0.0226, val_loss:0.1869, val_accu:0.9228, lr:0.00111583701800555, conflict:35668/72226=0.4938
Epoch~155->train_loss:0.0234, val_loss:0.1892, val_accu:0.9292, lr:0.0013548139249905944, conflict:35894/72695=0.4938
Epoch~156->train_loss:0.0228, val_loss:0.3167, val_accu:0.8735, lr:0.0008486661245115101, conflict:36117/73164=0.4936
Epoch~157->train_loss:0.0216, val_loss:0.2122, val_accu:0.9146, lr:0.00034922477789223194, conflict:36352/73633=0.4937
Epoch~158->train_loss:0.0222, val_loss:0.2036, val_accu:0.92, lr:0.00017710698011796921, conflict:36587/74102=0.4937
Epoch~159->train_loss:0.0211, val_loss:0.1627, val_accu:0.9377, lr:0.0004584790440276265, conflict:36811/74571=0.4936
Epoch~160->train_loss:0.0209, val_loss:0.1738, val_accu:0.9317, lr:3.356786328367889e-05, conflict:37044/75040=0.4937
Epoch~161->train_loss:0.0205, val_loss:0.1839, val_accu:0.924, lr:0.0006162148201838136, conflict:37267/75509=0.4935
Epoch~162->train_loss:0.0209, val_loss:0.2765, val_accu:0.8862, lr:6.318249506875873e-05, conflict:37509/75978=0.4937
Epoch~163->train_loss:0.0209, val_loss:0.2035, val_accu:0.9233, lr:0.0008488008752465248, conflict:37742/76447=0.4937
Epoch~164->train_loss:0.0212, val_loss:0.1826, val_accu:0.9309, lr:0.00016178168880287558, conflict:37969/76916=0.4936
Epoch~165->train_loss:0.0207, val_loss:0.1523, val_accu:0.9456, lr:0.0013425786746665835, conflict:38187/77385=0.4935
Epoch~166->train_loss:0.0212, val_loss:0.1447, val_accu:0.9494, lr:0.0011100263800472021, conflict:38423/77854=0.4935
Epoch~167->train_loss:0.0208, val_loss:0.2025, val_accu:0.9203, lr:5.931831765337847e-05, conflict:38651/78323=0.4935
Epoch~168->train_loss:0.02, val_loss:0.1513, val_accu:0.9435, lr:0.00023623454035259783, conflict:38893/78792=0.4936
Epoch~169->train_loss:0.0201, val_loss:0.1792, val_accu:0.9343, lr:0.0008161950972862542, conflict:39112/79261=0.4935
Epoch~170->train_loss:0.0203, val_loss:0.1996, val_accu:0.926, lr:-0.00016657011292409152, conflict:39350/79730=0.4935
Epoch~171->train_loss:0.0202, val_loss:0.1835, val_accu:0.9294, lr:0.0004363945627119392, conflict:39576/80199=0.4935
Epoch~172->train_loss:0.0203, val_loss:0.2022, val_accu:0.9202, lr:0.0008859995286911726, conflict:39795/80668=0.4933
Epoch~173->train_loss:0.0209, val_loss:0.2076, val_accu:0.9175, lr:0.0007459472981281579, conflict:40031/81137=0.4934
Epoch~174->train_loss:0.0216, val_loss:0.1973, val_accu:0.9205, lr:3.615772584453225e-06, conflict:40260/81606=0.4933
Epoch~175->train_loss:0.0198, val_loss:0.1702, val_accu:0.9344, lr:-0.0008943836437538266, conflict:40486/82075=0.4933
Epoch~176->train_loss:0.0216, val_loss:0.2013, val_accu:0.9249, lr:0.0015048924833536148, conflict:40706/82544=0.4931
Epoch~177->train_loss:0.0207, val_loss:0.1533, val_accu:0.9431, lr:0.0005368145648390055, conflict:40941/83013=0.4932
Epoch~178->train_loss:0.0207, val_loss:0.2296, val_accu:0.9048, lr:0.0010003078496083617, conflict:41171/83482=0.4932
Epoch~179->train_loss:0.021, val_loss:0.172, val_accu:0.9331, lr:0.0001405345246894285, conflict:41403/83951=0.4932
Epoch~180->train_loss:0.0198, val_loss:0.1811, val_accu:0.9302, lr:0.00022193818585947156, conflict:41639/84420=0.4932
Epoch~181->train_loss:0.0198, val_loss:0.2385, val_accu:0.9025, lr:0.00019464691285975277, conflict:41875/84889=0.4933
Epoch~182->train_loss:0.0197, val_loss:0.1986, val_accu:0.9151, lr:0.000795635802205652, conflict:42082/85358=0.493
Epoch~183->train_loss:0.0193, val_loss:0.2137, val_accu:0.9089, lr:0.0015214629238471389, conflict:42312/85827=0.493
Epoch~184->train_loss:0.0192, val_loss:0.1778, val_accu:0.9307, lr:0.0007133996696211398, conflict:42543/86296=0.493
Epoch~185->train_loss:0.0191, val_loss:0.1759, val_accu:0.9329, lr:0.0012117853621020913, conflict:42766/86765=0.4929
Epoch~186->train_loss:0.0188, val_loss:0.1087, val_accu:0.9633, lr:0.0007760864100418985, conflict:43000/87234=0.4929
Epoch~187->train_loss:0.0191, val_loss:0.1853, val_accu:0.9251, lr:0.0005762364016845822, conflict:43236/87703=0.493
Epoch~188->train_loss:0.0186, val_loss:0.2126, val_accu:0.9163, lr:-2.5076005840674043e-06, conflict:43461/88172=0.4929
Epoch~189->train_loss:0.0191, val_loss:0.1652, val_accu:0.9407, lr:-0.0006190559943206608, conflict:43693/88641=0.4929
Epoch~190->train_loss:0.0186, val_loss:0.1835, val_accu:0.9317, lr:0.0005008369917050004, conflict:43915/89110=0.4928
Epoch~191->train_loss:0.0187, val_loss:0.1631, val_accu:0.936, lr:0.0011549125192686915, conflict:44150/89579=0.4929
Epoch~192->train_loss:0.0185, val_loss:0.1523, val_accu:0.943, lr:0.0005119713023304939, conflict:44387/90048=0.4929
Epoch~193->train_loss:0.0185, val_loss:0.1727, val_accu:0.9345, lr:0.0011732015991583467, conflict:44633/90517=0.4931
Epoch~194->train_loss:0.0176, val_loss:0.2049, val_accu:0.9214, lr:0.0014496479416266084, conflict:44846/90986=0.4929
Epoch~195->train_loss:0.0184, val_loss:0.152, val_accu:0.9432, lr:0.00020853502792306244, conflict:45082/91455=0.4929
Epoch~196->train_loss:0.0185, val_loss:0.1833, val_accu:0.9245, lr:1.8558657757239416e-06, conflict:45308/91924=0.4929
Epoch~197->train_loss:0.0186, val_loss:0.2362, val_accu:0.9043, lr:-0.0006789126200601459, conflict:45548/92393=0.493
Epoch~198->train_loss:0.0182, val_loss:0.1963, val_accu:0.9208, lr:0.0007335611153393984, conflict:45771/92862=0.4929
Epoch~199->train_loss:0.0175, val_loss:0.1791, val_accu:0.9291, lr:8.336262544617057e-05, conflict:46008/93331=0.493
Epoch~200->train_loss:0.0171, val_loss:0.1557, val_accu:0.9416, lr:0.0004776047426275909, conflict:46243/93800=0.493
Using downloaded and verified file: data/SVHN/train_32x32.mat
Using downloaded and verified file: data/SVHN/test_32x32.mat
Epoch~1->train_loss:2.133, val_loss:1.869, val_accu:0.3544, lr:0.0015615473967045546, conflict:570/1145=0.4978
Epoch~2->train_loss:1.6093, val_loss:1.4156, val_accu:0.5078, lr:0.0027093845419585705, conflict:1146/2290=0.5004
Epoch~3->train_loss:1.1453, val_loss:0.9408, val_accu:0.6916, lr:0.0014089790638536215, conflict:1712/3435=0.4984
Epoch~4->train_loss:0.7941, val_loss:0.7027, val_accu:0.7704, lr:-0.0007541493978351355, conflict:2281/4580=0.498
Epoch~5->train_loss:0.6293, val_loss:0.5975, val_accu:0.8089, lr:0.0013220765395089984, conflict:2838/5725=0.4957
Epoch~6->train_loss:0.552, val_loss:0.5245, val_accu:0.831, lr:0.0002798016066662967, conflict:3417/6870=0.4974
Epoch~7->train_loss:0.4999, val_loss:0.4891, val_accu:0.8445, lr:0.0007469034753739834, conflict:3993/8015=0.4982
Epoch~8->train_loss:0.4646, val_loss:0.4678, val_accu:0.8536, lr:3.033419488929212e-05, conflict:4567/9160=0.4986
Epoch~9->train_loss:0.4394, val_loss:0.4539, val_accu:0.8557, lr:0.0010159001685678959, conflict:5114/10305=0.4963
Epoch~10->train_loss:0.4138, val_loss:0.3918, val_accu:0.8765, lr:0.001362204784527421, conflict:5686/11450=0.4966
Epoch~11->train_loss:0.3883, val_loss:0.4064, val_accu:0.8728, lr:8.94429103937e-06, conflict:6260/12595=0.497
Epoch~12->train_loss:0.3681, val_loss:0.3971, val_accu:0.8764, lr:0.0023610584903508425, conflict:6839/13740=0.4977
Epoch~13->train_loss:0.3579, val_loss:0.3744, val_accu:0.8853, lr:0.0032102176919579506, conflict:7412/14885=0.498
Epoch~14->train_loss:0.3416, val_loss:0.3275, val_accu:0.8974, lr:0.0008631095988675952, conflict:7999/16030=0.499
Epoch~15->train_loss:0.3326, val_loss:0.3484, val_accu:0.8929, lr:-0.0014509530737996101, conflict:8563/17175=0.4986
Epoch~16->train_loss:0.3286, val_loss:0.349, val_accu:0.8904, lr:0.0025447471998631954, conflict:9150/18320=0.4995
Epoch~17->train_loss:0.3153, val_loss:0.3354, val_accu:0.8967, lr:0.0017962069250643253, conflict:9726/19465=0.4997
Epoch~18->train_loss:0.3076, val_loss:0.3158, val_accu:0.9052, lr:0.002884344197809696, conflict:10292/20610=0.4994
Epoch~19->train_loss:0.2999, val_loss:0.2929, val_accu:0.911, lr:0.000845952017698437, conflict:10865/21755=0.4994
Epoch~20->train_loss:0.2922, val_loss:0.2905, val_accu:0.9126, lr:0.0017888781148940325, conflict:11428/22900=0.499
Epoch~21->train_loss:0.2893, val_loss:0.2856, val_accu:0.9127, lr:0.00019788998179137707, conflict:12000/24045=0.4991
Epoch~22->train_loss:0.2782, val_loss:0.2926, val_accu:0.9116, lr:0.0010900383349508047, conflict:12572/25190=0.4991
Epoch~23->train_loss:0.274, val_loss:0.276, val_accu:0.9163, lr:0.0012109542731195688, conflict:13151/26335=0.4994
Epoch~24->train_loss:0.2663, val_loss:0.2714, val_accu:0.918, lr:0.001331466599367559, conflict:13722/27480=0.4993
Epoch~25->train_loss:0.2602, val_loss:0.255, val_accu:0.9239, lr:-0.00022439243912231177, conflict:14312/28625=0.5
Epoch~26->train_loss:0.2547, val_loss:0.2703, val_accu:0.9205, lr:0.002203947864472866, conflict:14894/29770=0.5003
Epoch~27->train_loss:0.2524, val_loss:0.2584, val_accu:0.9241, lr:0.0023717046715319157, conflict:15473/30915=0.5005
Epoch~28->train_loss:0.2492, val_loss:0.257, val_accu:0.9227, lr:0.001616216846741736, conflict:16033/32060=0.5001
Epoch~29->train_loss:0.251, val_loss:0.2536, val_accu:0.9256, lr:0.0016337069682776928, conflict:16597/33205=0.4998
Epoch~30->train_loss:0.2466, val_loss:0.2849, val_accu:0.9161, lr:0.0017054843483492732, conflict:17135/34350=0.4988
Epoch~31->train_loss:0.2436, val_loss:0.2485, val_accu:0.927, lr:0.0006816104287281632, conflict:17693/35495=0.4985
Epoch~32->train_loss:0.233, val_loss:0.2502, val_accu:0.9264, lr:0.0012717428617179394, conflict:18274/36640=0.4987
Epoch~33->train_loss:0.2324, val_loss:0.2583, val_accu:0.9226, lr:0.001599735114723444, conflict:18850/37785=0.4989
Epoch~34->train_loss:0.2315, val_loss:0.2422, val_accu:0.9282, lr:0.002173834480345249, conflict:19432/38930=0.4992
Epoch~35->train_loss:0.2253, val_loss:0.2368, val_accu:0.9307, lr:0.0017152775544673204, conflict:19994/40075=0.4989
Epoch~36->train_loss:0.226, val_loss:0.2468, val_accu:0.9274, lr:6.154715083539486e-05, conflict:20580/41220=0.4993
Epoch~37->train_loss:0.2201, val_loss:0.2382, val_accu:0.9317, lr:0.0017159085255116224, conflict:21172/42365=0.4998
Epoch~38->train_loss:0.2182, val_loss:0.2532, val_accu:0.9255, lr:0.0016472975257784128, conflict:21743/43510=0.4997
Epoch~39->train_loss:0.2135, val_loss:0.2403, val_accu:0.9295, lr:0.00034415419213473797, conflict:22280/44655=0.4989
Epoch~40->train_loss:0.2158, val_loss:0.2315, val_accu:0.9335, lr:0.001472646021284163, conflict:22846/45800=0.4988
Epoch~41->train_loss:0.218, val_loss:0.2293, val_accu:0.9339, lr:0.00041057547787204385, conflict:23427/46945=0.499
Epoch~42->train_loss:0.2117, val_loss:0.261, val_accu:0.9229, lr:0.0025593789760023355, conflict:23999/48090=0.499
Epoch~43->train_loss:0.2092, val_loss:0.2291, val_accu:0.934, lr:0.0009989379905164242, conflict:24575/49235=0.4991
Epoch~44->train_loss:0.204, val_loss:0.2213, val_accu:0.9358, lr:-9.820968261919916e-05, conflict:25142/50380=0.499
Epoch~45->train_loss:0.2012, val_loss:0.2246, val_accu:0.9347, lr:0.0013551658485084772, conflict:25712/51525=0.499
Epoch~46->train_loss:0.2004, val_loss:0.2311, val_accu:0.934, lr:-0.00046084370114840567, conflict:26298/52670=0.4993
Epoch~47->train_loss:0.1964, val_loss:0.2256, val_accu:0.9349, lr:0.0007480975473299623, conflict:26869/53815=0.4993
Epoch~48->train_loss:0.1977, val_loss:0.244, val_accu:0.9299, lr:0.0018066993216052651, conflict:27428/54960=0.4991
Epoch~49->train_loss:0.1962, val_loss:0.222, val_accu:0.9367, lr:0.00011253802222199738, conflict:27983/56105=0.4988
Epoch~50->train_loss:0.1925, val_loss:0.2172, val_accu:0.9375, lr:1.272317604161799e-06, conflict:28569/57250=0.499
Epoch~51->train_loss:0.1931, val_loss:0.2211, val_accu:0.9356, lr:0.00020236053387634456, conflict:29136/58395=0.4989
Epoch~52->train_loss:0.187, val_loss:0.2212, val_accu:0.9358, lr:0.0009782345732674003, conflict:29695/59540=0.4987
Epoch~53->train_loss:0.1864, val_loss:0.223, val_accu:0.9365, lr:0.00111737463157624, conflict:30269/60685=0.4988
Epoch~54->train_loss:0.186, val_loss:0.2159, val_accu:0.9392, lr:0.0009535044664517045, conflict:30831/61830=0.4986
Epoch~55->train_loss:0.1871, val_loss:0.2206, val_accu:0.9363, lr:0.0016141413943842053, conflict:31397/62975=0.4986
Epoch~56->train_loss:0.1849, val_loss:0.2283, val_accu:0.9349, lr:0.001420978456735611, conflict:31977/64120=0.4987
Epoch~57->train_loss:0.1834, val_loss:0.2221, val_accu:0.9364, lr:0.00038587208837270737, conflict:32547/65265=0.4987
Epoch~58->train_loss:0.1766, val_loss:0.2117, val_accu:0.9398, lr:0.0015298406360670924, conflict:33121/66410=0.4987
Epoch~59->train_loss:0.1736, val_loss:0.2216, val_accu:0.9363, lr:-0.00042321730870753527, conflict:33687/67555=0.4987
Epoch~60->train_loss:0.1805, val_loss:0.2197, val_accu:0.9375, lr:0.0010287815239280462, conflict:34260/68700=0.4987
Epoch~61->train_loss:0.1746, val_loss:0.2171, val_accu:0.9374, lr:0.00035139507963322103, conflict:34853/69845=0.499
Epoch~62->train_loss:0.1743, val_loss:0.2221, val_accu:0.9355, lr:0.0018364652059972286, conflict:35385/70990=0.4985
Epoch~63->train_loss:0.1713, val_loss:0.2177, val_accu:0.9376, lr:0.0015332597540691495, conflict:35962/72135=0.4985
Epoch~64->train_loss:0.1717, val_loss:0.2446, val_accu:0.9285, lr:0.001400649081915617, conflict:36530/73280=0.4985
Epoch~65->train_loss:0.1711, val_loss:0.2102, val_accu:0.941, lr:0.0007026330567896366, conflict:37113/74425=0.4987
Epoch~66->train_loss:0.1619, val_loss:0.2461, val_accu:0.929, lr:0.004620825871825218, conflict:37673/75570=0.4985
Epoch~67->train_loss:0.1699, val_loss:0.2126, val_accu:0.9402, lr:0.0010207812301814556, conflict:38241/76715=0.4985
Epoch~68->train_loss:0.1643, val_loss:0.218, val_accu:0.9394, lr:0.0016528142150491476, conflict:38806/77860=0.4984
Epoch~69->train_loss:0.1589, val_loss:0.2085, val_accu:0.9417, lr:2.130085340468213e-05, conflict:39387/79005=0.4985
Epoch~70->train_loss:0.1596, val_loss:0.2194, val_accu:0.9379, lr:-0.0007091816514730453, conflict:39935/80150=0.4983
Epoch~71->train_loss:0.1542, val_loss:0.2192, val_accu:0.939, lr:0.0009969582315534353, conflict:40506/81295=0.4983
Epoch~72->train_loss:0.1569, val_loss:0.2338, val_accu:0.9324, lr:0.0025546906981617212, conflict:41084/82440=0.4984
Epoch~73->train_loss:0.1568, val_loss:0.2162, val_accu:0.9385, lr:0.0006537330918945372, conflict:41640/83585=0.4982
Epoch~74->train_loss:0.1544, val_loss:0.2116, val_accu:0.9414, lr:-0.00019429356325417757, conflict:42225/84730=0.4983
Epoch~75->train_loss:0.1526, val_loss:0.2044, val_accu:0.9422, lr:0.0008967940229922533, conflict:42805/85875=0.4985
Epoch~76->train_loss:0.1507, val_loss:0.2247, val_accu:0.9362, lr:0.0015635230811312795, conflict:43384/87020=0.4986
Epoch~77->train_loss:0.1501, val_loss:0.2288, val_accu:0.9353, lr:4.4739339500665665e-05, conflict:43961/88165=0.4986
Epoch~78->train_loss:0.1516, val_loss:0.2162, val_accu:0.941, lr:0.000574209145270288, conflict:44544/89310=0.4988
Epoch~79->train_loss:0.1487, val_loss:0.2238, val_accu:0.94, lr:-4.835269646719098e-05, conflict:45104/90455=0.4986
Epoch~80->train_loss:0.145, val_loss:0.2037, val_accu:0.944, lr:0.0005889462772756815, conflict:45679/91600=0.4987
Epoch~81->train_loss:0.1457, val_loss:0.2237, val_accu:0.9391, lr:-0.0005580921424552798, conflict:46252/92745=0.4987
Epoch~82->train_loss:0.1428, val_loss:0.2329, val_accu:0.9345, lr:0.001078804605640471, conflict:46811/93890=0.4986
Epoch~83->train_loss:0.1411, val_loss:0.209, val_accu:0.9425, lr:0.0015395154478028417, conflict:47359/95035=0.4983
Epoch~84->train_loss:0.1408, val_loss:0.2159, val_accu:0.9395, lr:0.0013637494994327426, conflict:47937/96180=0.4984
Epoch~85->train_loss:0.1393, val_loss:0.2183, val_accu:0.9394, lr:0.0009956351714208722, conflict:48508/97325=0.4984
Epoch~86->train_loss:0.1383, val_loss:0.205, val_accu:0.9442, lr:-9.657614282332361e-05, conflict:49085/98470=0.4985
Epoch~87->train_loss:0.1422, val_loss:0.2229, val_accu:0.938, lr:0.0005671601393260062, conflict:49645/99615=0.4984
Epoch~88->train_loss:0.1366, val_loss:0.2025, val_accu:0.9443, lr:0.00024080129514914006, conflict:50235/100760=0.4986
Epoch~89->train_loss:0.1336, val_loss:0.2102, val_accu:0.9423, lr:-0.0017779486952349544, conflict:50816/101905=0.4987
Epoch~90->train_loss:0.1374, val_loss:0.216, val_accu:0.9411, lr:-0.0006031974335201085, conflict:51389/103050=0.4987
Epoch~91->train_loss:0.1319, val_loss:0.239, val_accu:0.9344, lr:-0.0013445354998111725, conflict:51971/104195=0.4988
Epoch~92->train_loss:0.1332, val_loss:0.2227, val_accu:0.938, lr:0.0018539204029366374, conflict:52522/105340=0.4986
Epoch~93->train_loss:0.1344, val_loss:0.21, val_accu:0.9423, lr:-8.983044972410426e-05, conflict:53108/106485=0.4987
Epoch~94->train_loss:0.1276, val_loss:0.2029, val_accu:0.9435, lr:0.00024281333026010543, conflict:53677/107630=0.4987
Epoch~95->train_loss:0.1268, val_loss:0.2267, val_accu:0.939, lr:0.00010581017704680562, conflict:54240/108775=0.4986
Epoch~96->train_loss:0.13, val_loss:0.2105, val_accu:0.9418, lr:-0.00010357733117416501, conflict:54808/109920=0.4986
Epoch~97->train_loss:0.129, val_loss:0.2145, val_accu:0.9416, lr:0.0004084859392605722, conflict:55392/111065=0.4987
Epoch~98->train_loss:0.1227, val_loss:0.2052, val_accu:0.9451, lr:-0.0003710963064804673, conflict:55963/112210=0.4987
Epoch~99->train_loss:0.1243, val_loss:0.2325, val_accu:0.9357, lr:0.0020414667669683695, conflict:56545/113355=0.4988
Epoch~100->train_loss:0.1253, val_loss:0.2192, val_accu:0.9404, lr:-0.0006145251682028174, conflict:57120/114500=0.4989
Epoch~101->train_loss:0.1223, val_loss:0.2144, val_accu:0.9426, lr:0.0005300556076690555, conflict:57669/115645=0.4987
Epoch~102->train_loss:0.1203, val_loss:0.2213, val_accu:0.9398, lr:-0.000661571160890162, conflict:58248/116790=0.4987
Epoch~103->train_loss:0.1203, val_loss:0.217, val_accu:0.9416, lr:0.0006384769221767783, conflict:58801/117935=0.4986
Epoch~104->train_loss:0.1155, val_loss:0.2163, val_accu:0.941, lr:-0.0009231236181221902, conflict:59362/119080=0.4985
Epoch~105->train_loss:0.1177, val_loss:0.2256, val_accu:0.9388, lr:-0.00033858304959721863, conflict:59939/120225=0.4986
Epoch~106->train_loss:0.1195, val_loss:0.2227, val_accu:0.9397, lr:0.0010113774333149195, conflict:60497/121370=0.4985
Epoch~107->train_loss:0.1188, val_loss:0.2241, val_accu:0.9402, lr:-0.00017115696391556412, conflict:61062/122515=0.4984
Epoch~108->train_loss:0.1134, val_loss:0.2341, val_accu:0.9363, lr:0.0003737911465577781, conflict:61612/123660=0.4982
Epoch~109->train_loss:0.1189, val_loss:0.2354, val_accu:0.9378, lr:0.002377821132540703, conflict:62151/124805=0.498
Epoch~110->train_loss:0.1144, val_loss:0.2205, val_accu:0.9404, lr:0.0010477756150066853, conflict:62713/125950=0.4979
Epoch~111->train_loss:0.1131, val_loss:0.2248, val_accu:0.941, lr:0.0021376335062086582, conflict:63268/127095=0.4978
Epoch~112->train_loss:0.1142, val_loss:0.2182, val_accu:0.94, lr:0.0006375890225172043, conflict:63839/128240=0.4978
Epoch~113->train_loss:0.1076, val_loss:0.2151, val_accu:0.9446, lr:-0.0002748538972809911, conflict:64407/129385=0.4978
Epoch~114->train_loss:0.1073, val_loss:0.2194, val_accu:0.9425, lr:0.0015624280786141753, conflict:64966/130530=0.4977
Epoch~115->train_loss:0.1073, val_loss:0.2202, val_accu:0.9422, lr:-0.00026767124654725194, conflict:65531/131675=0.4977
Epoch~116->train_loss:0.1078, val_loss:0.2122, val_accu:0.9438, lr:0.0014235060662031174, conflict:66101/132820=0.4977
Epoch~117->train_loss:0.107, val_loss:0.2221, val_accu:0.9402, lr:-2.81265820376575e-05, conflict:66666/133965=0.4976
Epoch~118->train_loss:0.1038, val_loss:0.2087, val_accu:0.9453, lr:0.0010875638108700514, conflict:67226/135110=0.4976
Epoch~119->train_loss:0.1023, val_loss:0.2259, val_accu:0.9405, lr:0.0022281347773969173, conflict:67795/136255=0.4976
Epoch~120->train_loss:0.1036, val_loss:0.2187, val_accu:0.9415, lr:0.0018916979897767305, conflict:68360/137400=0.4975
Epoch~121->train_loss:0.106, val_loss:0.2309, val_accu:0.9386, lr:0.001384285744279623, conflict:68901/138545=0.4973
Epoch~122->train_loss:0.103, val_loss:0.2361, val_accu:0.9392, lr:0.00020571632194332778, conflict:69464/139690=0.4973
Epoch~123->train_loss:0.1056, val_loss:0.2236, val_accu:0.9412, lr:0.0013707149773836136, conflict:70026/140835=0.4972
Epoch~124->train_loss:0.1014, val_loss:0.2244, val_accu:0.9415, lr:0.0010677779791876674, conflict:70589/141980=0.4972
Epoch~125->train_loss:0.0954, val_loss:0.2352, val_accu:0.9388, lr:0.0014794573653489351, conflict:71153/143125=0.4971
Epoch~126->train_loss:0.0992, val_loss:0.2201, val_accu:0.9421, lr:0.0011121474672108889, conflict:71703/144270=0.497
Epoch~127->train_loss:0.0908, val_loss:0.2233, val_accu:0.9426, lr:0.0010481306817382574, conflict:72304/145415=0.4972
Epoch~128->train_loss:0.0942, val_loss:0.2186, val_accu:0.9447, lr:-0.00013130938168615103, conflict:72867/146560=0.4972
Epoch~129->train_loss:0.0958, val_loss:0.216, val_accu:0.9425, lr:-0.00028621021192520857, conflict:73420/147705=0.4971
Epoch~130->train_loss:0.0951, val_loss:0.2374, val_accu:0.9371, lr:0.0017680851742625237, conflict:73962/148850=0.4969
Epoch~131->train_loss:0.0927, val_loss:0.2178, val_accu:0.9448, lr:0.0014286222867667675, conflict:74530/149995=0.4969
Epoch~132->train_loss:0.088, val_loss:0.2199, val_accu:0.9424, lr:0.00016856970614753664, conflict:75106/151140=0.4969
Epoch~133->train_loss:0.0945, val_loss:0.2314, val_accu:0.94, lr:-0.0006472496315836906, conflict:75677/152285=0.4969
Epoch~134->train_loss:0.0884, val_loss:0.2249, val_accu:0.9407, lr:0.001530494075268507, conflict:76230/153430=0.4968
Epoch~135->train_loss:0.0864, val_loss:0.2202, val_accu:0.9432, lr:-0.0007633810746483505, conflict:76806/154575=0.4969
Epoch~136->train_loss:0.0898, val_loss:0.2199, val_accu:0.9441, lr:-0.0008393595926463604, conflict:77372/155720=0.4969
Epoch~137->train_loss:0.0905, val_loss:0.2303, val_accu:0.9408, lr:0.0012758956290781498, conflict:77932/156865=0.4968
Epoch~138->train_loss:0.0855, val_loss:0.2371, val_accu:0.9409, lr:-6.665948603767902e-06, conflict:78511/158010=0.4969
Epoch~139->train_loss:0.0874, val_loss:0.2266, val_accu:0.9403, lr:-0.0002666230429895222, conflict:79070/159155=0.4968
Epoch~140->train_loss:0.0889, val_loss:0.2443, val_accu:0.937, lr:-0.0006651820731349289, conflict:79635/160300=0.4968
Epoch~141->train_loss:0.081, val_loss:0.2282, val_accu:0.9418, lr:0.0010684480657801032, conflict:80184/161445=0.4967
Epoch~142->train_loss:0.0813, val_loss:0.2364, val_accu:0.938, lr:-0.00024243764346465468, conflict:80760/162590=0.4967
Epoch~143->train_loss:0.0844, val_loss:0.2235, val_accu:0.9422, lr:0.001417160383425653, conflict:81321/163735=0.4967
Epoch~144->train_loss:0.0844, val_loss:0.2326, val_accu:0.9411, lr:0.0009899814613163471, conflict:81869/164880=0.4965
Epoch~145->train_loss:0.085, val_loss:0.2316, val_accu:0.9406, lr:0.0006505997735075653, conflict:82435/166025=0.4965
Epoch~146->train_loss:0.0811, val_loss:0.2294, val_accu:0.9427, lr:0.0007075677276588976, conflict:83001/167170=0.4965
Epoch~147->train_loss:0.088, val_loss:0.2682, val_accu:0.9334, lr:0.0018747174181044102, conflict:83579/168315=0.4966
Epoch~148->train_loss:0.0796, val_loss:0.2377, val_accu:0.9393, lr:0.0005662141484208405, conflict:84148/169460=0.4966
Epoch~149->train_loss:0.0834, val_loss:0.228, val_accu:0.9424, lr:0.0015181956114247441, conflict:84707/170605=0.4965
Epoch~150->train_loss:0.0759, val_loss:0.2182, val_accu:0.9439, lr:0.000986974686384201, conflict:85270/171750=0.4965
Epoch~151->train_loss:0.0722, val_loss:0.2531, val_accu:0.938, lr:0.003117568325251341, conflict:85823/172895=0.4964
Epoch~152->train_loss:0.081, val_loss:0.2276, val_accu:0.942, lr:0.0008569175261072814, conflict:86386/174040=0.4964
Epoch~153->train_loss:0.076, val_loss:0.2418, val_accu:0.9398, lr:0.00011721006012521684, conflict:86948/175185=0.4963
Epoch~154->train_loss:0.0794, val_loss:0.2375, val_accu:0.9416, lr:0.0003692388709168881, conflict:87508/176330=0.4963
Epoch~155->train_loss:0.0735, val_loss:0.2375, val_accu:0.941, lr:0.0007232814095914364, conflict:88069/177475=0.4962
Epoch~156->train_loss:0.069, val_loss:0.227, val_accu:0.9445, lr:0.0005105409072712064, conflict:88625/178620=0.4962
Epoch~157->train_loss:0.0768, val_loss:0.276, val_accu:0.9285, lr:-0.0011989843333140016, conflict:89194/179765=0.4962
Epoch~158->train_loss:0.0792, val_loss:0.2293, val_accu:0.9425, lr:4.3284991988912225e-05, conflict:89776/180910=0.4962
Epoch~159->train_loss:0.0808, val_loss:0.2411, val_accu:0.94, lr:-7.433525752276182e-05, conflict:90367/182055=0.4964
Epoch~160->train_loss:0.0734, val_loss:0.2349, val_accu:0.9418, lr:-0.00030733970925211906, conflict:90926/183200=0.4963
Epoch~161->train_loss:0.072, val_loss:0.232, val_accu:0.941, lr:0.0012112358817830682, conflict:91481/184345=0.4962
Epoch~162->train_loss:0.0756, val_loss:0.235, val_accu:0.9426, lr:0.0014930575853213668, conflict:92041/185490=0.4962
Epoch~163->train_loss:0.0706, val_loss:0.2686, val_accu:0.9345, lr:0.0017099939286708832, conflict:92600/186635=0.4962
Epoch~164->train_loss:0.0756, val_loss:0.2354, val_accu:0.9408, lr:0.0010376698337495327, conflict:93170/187780=0.4962
Epoch~165->train_loss:0.0684, val_loss:0.2222, val_accu:0.9432, lr:-0.0002930438204202801, conflict:93753/188925=0.4962
Epoch~166->train_loss:0.0645, val_loss:0.2246, val_accu:0.9439, lr:0.0005575863178819418, conflict:94310/190070=0.4962
Epoch~167->train_loss:0.0702, val_loss:0.2273, val_accu:0.945, lr:0.0007165049901232123, conflict:94882/191215=0.4962
Epoch~168->train_loss:0.0721, val_loss:0.2404, val_accu:0.9415, lr:0.0007974701002240181, conflict:95441/192360=0.4962
Epoch~169->train_loss:0.0719, val_loss:0.2549, val_accu:0.9378, lr:0.0013422515476122499, conflict:95999/193505=0.4961
Epoch~170->train_loss:0.0663, val_loss:0.2514, val_accu:0.9406, lr:0.0007254476076923311, conflict:96531/194650=0.4959
Epoch~171->train_loss:0.0663, val_loss:0.2377, val_accu:0.9425, lr:-0.0005999353597871959, conflict:97091/195795=0.4959
Epoch~172->train_loss:0.0672, val_loss:0.2436, val_accu:0.9412, lr:0.0014425884000957012, conflict:97645/196940=0.4958
Epoch~173->train_loss:0.06, val_loss:0.2357, val_accu:0.9431, lr:-0.000193100975593552, conflict:98200/198085=0.4957
Epoch~174->train_loss:0.0638, val_loss:0.2484, val_accu:0.9416, lr:0.0007093597087077796, conflict:98758/199230=0.4957
Epoch~175->train_loss:0.0631, val_loss:0.2408, val_accu:0.9425, lr:0.0008591488585807383, conflict:99306/200375=0.4956
Epoch~176->train_loss:0.0597, val_loss:0.2369, val_accu:0.9442, lr:0.0015847976319491863, conflict:99868/201520=0.4956
Epoch~177->train_loss:0.0578, val_loss:0.2519, val_accu:0.9404, lr:0.00043658463982865214, conflict:100423/202665=0.4955
Epoch~178->train_loss:0.0541, val_loss:0.2452, val_accu:0.9428, lr:-0.0003299236996099353, conflict:100958/203810=0.4954
Epoch~179->train_loss:0.0632, val_loss:0.2368, val_accu:0.9423, lr:0.0002245283394586295, conflict:101521/204955=0.4953
Epoch~180->train_loss:0.0595, val_loss:0.2482, val_accu:0.9402, lr:0.0012898376444354653, conflict:102083/206100=0.4953
Epoch~181->train_loss:0.066, val_loss:0.2367, val_accu:0.9443, lr:0.001244250568561256, conflict:102662/207245=0.4954
Epoch~182->train_loss:0.0598, val_loss:0.2363, val_accu:0.9433, lr:-0.0007261825958266854, conflict:103220/208390=0.4953
Epoch~183->train_loss:0.0573, val_loss:0.2394, val_accu:0.9431, lr:-4.837455344386399e-05, conflict:103788/209535=0.4953
Epoch~184->train_loss:0.0616, val_loss:0.2469, val_accu:0.9419, lr:0.00035291595850139856, conflict:104320/210680=0.4952
Epoch~185->train_loss:0.0518, val_loss:0.2411, val_accu:0.9442, lr:0.0007630011532455683, conflict:104877/211825=0.4951
Epoch~186->train_loss:0.0529, val_loss:0.2465, val_accu:0.941, lr:0.0019725123420357704, conflict:105441/212970=0.4951
Epoch~187->train_loss:0.0572, val_loss:0.273, val_accu:0.9383, lr:0.002465473487973213, conflict:105987/214115=0.495
Epoch~188->train_loss:0.0611, val_loss:0.2459, val_accu:0.9424, lr:-0.0001851776905823499, conflict:106577/215260=0.4951
Epoch~189->train_loss:0.0535, val_loss:0.2774, val_accu:0.9369, lr:0.001966145122423768, conflict:107141/216405=0.4951
Epoch~190->train_loss:0.0511, val_loss:0.2647, val_accu:0.9395, lr:0.0009556750883348286, conflict:107702/217550=0.4951
Epoch~191->train_loss:0.0514, val_loss:0.2548, val_accu:0.9427, lr:0.0011469956953078508, conflict:108250/218695=0.495
Epoch~192->train_loss:0.0558, val_loss:0.2604, val_accu:0.9402, lr:0.0003897484566550702, conflict:108800/219840=0.4949
Epoch~193->train_loss:0.0541, val_loss:0.2381, val_accu:0.9436, lr:0.0009107465739361942, conflict:109344/220985=0.4948
Epoch~194->train_loss:0.0543, val_loss:0.2436, val_accu:0.9438, lr:0.0010876709129661322, conflict:109891/222130=0.4947
Epoch~195->train_loss:0.0489, val_loss:0.2631, val_accu:0.9387, lr:0.0015925808111205697, conflict:110452/223275=0.4947
Epoch~196->train_loss:0.0497, val_loss:0.2568, val_accu:0.9408, lr:0.0012922565219923854, conflict:111016/224420=0.4947
Epoch~197->train_loss:0.0443, val_loss:0.2422, val_accu:0.9443, lr:0.00029123187414370477, conflict:111577/225565=0.4947
Epoch~198->train_loss:0.0467, val_loss:0.243, val_accu:0.9436, lr:-9.366792801301926e-05, conflict:112130/226710=0.4946
Epoch~199->train_loss:0.0777, val_loss:0.2447, val_accu:0.9421, lr:0.0013834246201440692, conflict:112714/227855=0.4947
Epoch~200->train_loss:0.0614, val_loss:0.2639, val_accu:0.9393, lr:0.00015808847092557698, conflict:113268/229000=0.4946
Files already downloaded and verified
Files already downloaded and verified
Epoch~1->train_loss:1.7692, val_loss:1.6021, val_accu:0.4089, lr:0.00041561180842109025, conflict:184/391=0.4706
Epoch~2->train_loss:1.5913, val_loss:1.5332, val_accu:0.4373, lr:0.0011967115569859743, conflict:379/782=0.4847
Epoch~3->train_loss:1.5114, val_loss:1.6378, val_accu:0.4072, lr:0.004373146221041679, conflict:571/1173=0.4868
Epoch~4->train_loss:1.4381, val_loss:1.4013, val_accu:0.4792, lr:0.0015070221852511168, conflict:766/1564=0.4898
Epoch~5->train_loss:1.3796, val_loss:1.4055, val_accu:0.5042, lr:-0.0009957285365089774, conflict:965/1955=0.4936
Epoch~6->train_loss:1.324, val_loss:1.2828, val_accu:0.5318, lr:0.0011831418378278613, conflict:1154/2346=0.4919
Epoch~7->train_loss:1.2794, val_loss:1.2701, val_accu:0.5419, lr:0.0015378905227407813, conflict:1357/2737=0.4958
Epoch~8->train_loss:1.2485, val_loss:1.183, val_accu:0.5755, lr:0.0010122517123818398, conflict:1562/3128=0.4994
Epoch~9->train_loss:1.197, val_loss:1.164, val_accu:0.5786, lr:0.0018550307722762227, conflict:1763/3519=0.501
Epoch~10->train_loss:1.1689, val_loss:1.1864, val_accu:0.5729, lr:0.0014571374049410224, conflict:1957/3910=0.5005
Epoch~11->train_loss:1.1268, val_loss:1.1215, val_accu:0.5964, lr:0.001059249509125948, conflict:2150/4301=0.4999
Epoch~12->train_loss:1.1194, val_loss:1.1125, val_accu:0.6025, lr:0.0024665447417646646, conflict:2344/4692=0.4996
Epoch~13->train_loss:1.0664, val_loss:1.0573, val_accu:0.6216, lr:0.00039231672417372465, conflict:2542/5083=0.5001
Epoch~14->train_loss:1.043, val_loss:1.0199, val_accu:0.636, lr:0.0019762807060033083, conflict:2746/5474=0.5016
Epoch~15->train_loss:1.0056, val_loss:0.9685, val_accu:0.6553, lr:-0.0005387227865867317, conflict:2946/5865=0.5023
Epoch~16->train_loss:0.9825, val_loss:1.6947, val_accu:0.4654, lr:0.005748470313847065, conflict:3133/6256=0.5008
Epoch~17->train_loss:0.9923, val_loss:0.9421, val_accu:0.6626, lr:-0.00018049411301035434, conflict:3323/6647=0.4999
Epoch~18->train_loss:0.9428, val_loss:0.984, val_accu:0.6542, lr:-0.0011422359384596348, conflict:3519/7038=0.5
Epoch~19->train_loss:0.9282, val_loss:0.915, val_accu:0.6721, lr:0.0004246446769684553, conflict:3714/7429=0.4999
Epoch~20->train_loss:0.9013, val_loss:0.9106, val_accu:0.6786, lr:0.0006525979842990637, conflict:3909/7820=0.4999
Epoch~21->train_loss:0.8729, val_loss:0.8693, val_accu:0.692, lr:0.0008201911114156246, conflict:4102/8211=0.4996
Epoch~22->train_loss:0.8745, val_loss:0.9448, val_accu:0.6735, lr:0.00239501497708261, conflict:4295/8602=0.4993
Epoch~23->train_loss:0.8531, val_loss:0.8858, val_accu:0.6897, lr:0.002775758970528841, conflict:4487/8993=0.4989
Epoch~24->train_loss:0.8274, val_loss:0.831, val_accu:0.7077, lr:0.00024956982815638185, conflict:4686/9384=0.4994
Epoch~25->train_loss:0.8106, val_loss:0.8167, val_accu:0.7113, lr:0.0005069547914899886, conflict:4890/9775=0.5003
Epoch~26->train_loss:0.8018, val_loss:0.8061, val_accu:0.7159, lr:-0.0001902187941595912, conflict:5090/10166=0.5007
Epoch~27->train_loss:0.7826, val_loss:0.7894, val_accu:0.7226, lr:0.00017994202789850533, conflict:5284/10557=0.5005
Epoch~28->train_loss:0.7683, val_loss:0.7895, val_accu:0.7245, lr:-0.0004633737844415009, conflict:5477/10948=0.5003
Epoch~29->train_loss:0.7586, val_loss:0.893, val_accu:0.6954, lr:-0.00016241474077105522, conflict:5675/11339=0.5005
Epoch~30->train_loss:0.7479, val_loss:0.7469, val_accu:0.7374, lr:0.0006831626524217427, conflict:5867/11730=0.5002
Epoch~31->train_loss:0.7255, val_loss:0.7431, val_accu:0.7427, lr:0.0007473360747098923, conflict:6060/12121=0.5
Epoch~32->train_loss:0.7508, val_loss:0.7368, val_accu:0.7425, lr:0.001113374950364232, conflict:6253/12512=0.4998
Epoch~33->train_loss:0.7061, val_loss:0.7438, val_accu:0.7457, lr:-0.0012824912555515766, conflict:6443/12903=0.4993
Epoch~34->train_loss:0.691, val_loss:0.7159, val_accu:0.7501, lr:0.0007641735719516873, conflict:6640/13294=0.4995
Epoch~35->train_loss:0.6747, val_loss:0.7066, val_accu:0.7551, lr:0.00016664870781823993, conflict:6836/13685=0.4995
Epoch~36->train_loss:0.6717, val_loss:0.6998, val_accu:0.7556, lr:0.0009413984953425825, conflict:7030/14076=0.4994
Epoch~37->train_loss:0.6637, val_loss:0.7008, val_accu:0.757, lr:0.0007114901673048735, conflict:7231/14467=0.4998
Epoch~38->train_loss:0.6469, val_loss:0.7644, val_accu:0.7388, lr:0.00321517838165164, conflict:7425/14858=0.4997
Epoch~39->train_loss:0.6489, val_loss:0.7296, val_accu:0.7515, lr:-0.001338742789812386, conflict:7630/15249=0.5004
Epoch~40->train_loss:0.6291, val_loss:0.6693, val_accu:0.7718, lr:0.0008403743267990649, conflict:7824/15640=0.5003
Epoch~41->train_loss:0.6136, val_loss:0.6646, val_accu:0.7746, lr:0.000666224688757211, conflict:8008/16031=0.4995
Epoch~42->train_loss:0.606, val_loss:0.6903, val_accu:0.7687, lr:-0.0006133553688414395, conflict:8205/16422=0.4996
Epoch~43->train_loss:0.5898, val_loss:0.6397, val_accu:0.779, lr:0.0002296511665917933, conflict:8386/16813=0.4988
Epoch~44->train_loss:0.5921, val_loss:0.6556, val_accu:0.7746, lr:0.0008532690117135644, conflict:8579/17204=0.4987
Epoch~45->train_loss:0.582, val_loss:0.6586, val_accu:0.7784, lr:0.0012691458687186241, conflict:8776/17595=0.4988
Epoch~46->train_loss:0.5682, val_loss:0.628, val_accu:0.7849, lr:0.0005294452421367168, conflict:8974/17986=0.4989
Epoch~47->train_loss:0.5804, val_loss:0.6404, val_accu:0.7805, lr:0.0018782040569931269, conflict:9170/18377=0.499
Epoch~48->train_loss:0.5556, val_loss:0.6157, val_accu:0.7888, lr:0.0013434048742055893, conflict:9361/18768=0.4988
Epoch~49->train_loss:0.5698, val_loss:0.6012, val_accu:0.791, lr:0.0005890952306799591, conflict:9551/19159=0.4985
Epoch~50->train_loss:0.5421, val_loss:0.6364, val_accu:0.7814, lr:-0.0003816425451077521, conflict:9747/19550=0.4986
Epoch~51->train_loss:0.5364, val_loss:0.6061, val_accu:0.7952, lr:-0.0003676311462186277, conflict:9940/19941=0.4985
Epoch~52->train_loss:0.5291, val_loss:0.6197, val_accu:0.7877, lr:-0.0011279054451733828, conflict:10144/20332=0.4989
Epoch~53->train_loss:0.5263, val_loss:0.579, val_accu:0.8021, lr:0.00033656900632195175, conflict:10350/20723=0.4994
Epoch~54->train_loss:0.5174, val_loss:0.609, val_accu:0.7929, lr:0.001614223001524806, conflict:10538/21114=0.4991
Epoch~55->train_loss:0.5102, val_loss:0.5994, val_accu:0.8012, lr:0.0012626557145267725, conflict:10735/21505=0.4992
Epoch~56->train_loss:0.5037, val_loss:0.6562, val_accu:0.781, lr:-0.0022733667865395546, conflict:10930/21896=0.4992
Epoch~57->train_loss:0.5031, val_loss:0.5852, val_accu:0.8043, lr:0.00042337278136983514, conflict:11128/22287=0.4993
Epoch~58->train_loss:0.4937, val_loss:0.5823, val_accu:0.8025, lr:0.0011248091468587518, conflict:11321/22678=0.4992
Epoch~59->train_loss:0.4891, val_loss:0.5703, val_accu:0.8077, lr:0.0008849938167259097, conflict:11515/23069=0.4992
Epoch~60->train_loss:0.5015, val_loss:0.5853, val_accu:0.8031, lr:0.0021212573628872633, conflict:11710/23460=0.4991
Epoch~61->train_loss:0.474, val_loss:0.5593, val_accu:0.8101, lr:-0.0005909190513193607, conflict:11910/23851=0.4994
Epoch~62->train_loss:0.4699, val_loss:0.552, val_accu:0.8125, lr:0.0011018607765436172, conflict:12107/24242=0.4994
Epoch~63->train_loss:0.4639, val_loss:0.5469, val_accu:0.8172, lr:0.0004059895290993154, conflict:12287/24633=0.4988
Epoch~64->train_loss:0.4548, val_loss:0.5565, val_accu:0.8124, lr:0.001019307877868414, conflict:12493/25024=0.4992
Epoch~65->train_loss:0.4537, val_loss:0.5603, val_accu:0.8104, lr:-0.00017894431948661804, conflict:12690/25415=0.4993
Epoch~66->train_loss:0.8044, val_loss:0.847, val_accu:0.7064, lr:0.0007304763421416283, conflict:12881/25806=0.4991
Epoch~67->train_loss:0.6926, val_loss:0.6583, val_accu:0.7706, lr:-0.0015597164165228605, conflict:13076/26197=0.4991
Epoch~68->train_loss:0.5885, val_loss:0.6061, val_accu:0.7925, lr:0.001524397637695074, conflict:13261/26588=0.4988
Epoch~69->train_loss:0.548, val_loss:0.5758, val_accu:0.7992, lr:0.0011160110589116812, conflict:13443/26979=0.4983
Epoch~70->train_loss:0.5202, val_loss:0.5521, val_accu:0.8137, lr:-9.650702122598886e-05, conflict:13642/27370=0.4984
Epoch~71->train_loss:0.4955, val_loss:0.5591, val_accu:0.8086, lr:0.0013724127784371376, conflict:13827/27761=0.4981
Epoch~72->train_loss:0.482, val_loss:0.5402, val_accu:0.8163, lr:-0.0001714595127850771, conflict:14025/28152=0.4982
Epoch~73->train_loss:0.465, val_loss:0.5436, val_accu:0.8167, lr:0.001269770902581513, conflict:14217/28543=0.4981
Epoch~74->train_loss:0.4546, val_loss:0.5407, val_accu:0.8168, lr:-0.0001746081979945302, conflict:14419/28934=0.4983
Epoch~75->train_loss:0.4502, val_loss:0.5243, val_accu:0.8218, lr:0.0011379410279914737, conflict:14615/29325=0.4984
Epoch~76->train_loss:0.4396, val_loss:0.5181, val_accu:0.8245, lr:0.0004459976917132735, conflict:14809/29716=0.4984
Epoch~77->train_loss:0.4305, val_loss:0.5265, val_accu:0.8228, lr:0.0007936552865430713, conflict:15008/30107=0.4985
Epoch~78->train_loss:0.4251, val_loss:0.5214, val_accu:0.8256, lr:0.0006501517491415143, conflict:15213/30498=0.4988
Epoch~79->train_loss:0.4209, val_loss:0.5213, val_accu:0.8244, lr:9.428299381397665e-05, conflict:15400/30889=0.4986
Epoch~80->train_loss:0.4204, val_loss:0.5643, val_accu:0.8167, lr:0.0017862645909190178, conflict:15585/31280=0.4982
Epoch~81->train_loss:0.4103, val_loss:0.5061, val_accu:0.8318, lr:-0.00025793840177357197, conflict:15780/31671=0.4982
Epoch~82->train_loss:0.4041, val_loss:0.5327, val_accu:0.8241, lr:0.001122679328545928, conflict:15973/32062=0.4982
Epoch~83->train_loss:0.3981, val_loss:0.5412, val_accu:0.8204, lr:-0.0006034714169800282, conflict:16164/32453=0.4981
Epoch~84->train_loss:0.3915, val_loss:0.5289, val_accu:0.8185, lr:0.002064901404082775, conflict:16351/32844=0.4978
Epoch~85->train_loss:0.3889, val_loss:0.5507, val_accu:0.8183, lr:0.002273830119520426, conflict:16546/33235=0.4978
Epoch~86->train_loss:0.3882, val_loss:0.5576, val_accu:0.8157, lr:0.002127151470631361, conflict:16742/33626=0.4979
Epoch~87->train_loss:0.3811, val_loss:0.5157, val_accu:0.8282, lr:0.0014018956571817398, conflict:16938/34017=0.4979
Epoch~88->train_loss:0.3779, val_loss:0.516, val_accu:0.8289, lr:0.0009474179241806269, conflict:17122/34408=0.4976
Epoch~89->train_loss:0.3759, val_loss:0.5188, val_accu:0.8288, lr:9.043922182172537e-05, conflict:17322/34799=0.4978
Epoch~90->train_loss:0.3697, val_loss:0.493, val_accu:0.8374, lr:0.0003093993291258812, conflict:17504/35190=0.4974
Epoch~91->train_loss:0.3717, val_loss:0.5005, val_accu:0.8361, lr:-0.0005015719216316938, conflict:17703/35581=0.4975
Epoch~92->train_loss:0.3633, val_loss:0.5096, val_accu:0.8342, lr:0.0014301454648375511, conflict:17892/35972=0.4974
Epoch~93->train_loss:0.3625, val_loss:0.503, val_accu:0.8338, lr:0.0009911463130265474, conflict:18070/36363=0.4969
Epoch~94->train_loss:0.3544, val_loss:0.506, val_accu:0.8352, lr:-8.631672244518995e-05, conflict:18271/36754=0.4971
Epoch~95->train_loss:0.3507, val_loss:0.4936, val_accu:0.8387, lr:0.0010146404383704066, conflict:18466/37145=0.4971
Epoch~96->train_loss:0.3488, val_loss:0.5549, val_accu:0.8224, lr:0.0015626339009031653, conflict:18658/37536=0.4971
Epoch~97->train_loss:0.5413, val_loss:0.8674, val_accu:0.7126, lr:0.0003806247841566801, conflict:18858/37927=0.4972
Epoch~98->train_loss:0.624, val_loss:0.6052, val_accu:0.7939, lr:0.0010941356886178255, conflict:19058/38318=0.4974
Epoch~99->train_loss:0.5078, val_loss:0.5522, val_accu:0.8126, lr:0.0002642270992510021, conflict:19266/38709=0.4977
Epoch~100->train_loss:0.4566, val_loss:0.5262, val_accu:0.8229, lr:-0.00020948021847289056, conflict:19463/39100=0.4978
Epoch~101->train_loss:0.4234, val_loss:0.548, val_accu:0.8182, lr:-0.0013286895118653774, conflict:19661/39491=0.4979
Epoch~102->train_loss:0.4073, val_loss:0.4926, val_accu:0.8357, lr:0.00042666232911869884, conflict:19848/39882=0.4977
Epoch~103->train_loss:0.3947, val_loss:0.4957, val_accu:0.8342, lr:0.00025275396183133125, conflict:20046/40273=0.4978
Epoch~104->train_loss:0.3828, val_loss:0.4937, val_accu:0.835, lr:0.0009918396826833487, conflict:20236/40664=0.4976
Epoch~105->train_loss:0.3707, val_loss:0.4986, val_accu:0.8367, lr:8.647708455100656e-06, conflict:20423/41055=0.4975
Epoch~106->train_loss:0.355, val_loss:0.4831, val_accu:0.8384, lr:0.0007548642461188138, conflict:20615/41446=0.4974
Epoch~107->train_loss:0.3512, val_loss:0.4661, val_accu:0.844, lr:0.00047025911044329405, conflict:20815/41837=0.4975
Epoch~108->train_loss:0.3453, val_loss:0.477, val_accu:0.8449, lr:0.0009334415663033724, conflict:21017/42228=0.4977
Epoch~109->train_loss:0.3398, val_loss:0.4634, val_accu:0.8484, lr:0.0001177933590952307, conflict:21214/42619=0.4978
Epoch~110->train_loss:0.3336, val_loss:0.4694, val_accu:0.8425, lr:0.000536176492460072, conflict:21402/43010=0.4976
Epoch~111->train_loss:0.3307, val_loss:0.4699, val_accu:0.8459, lr:0.0012865181779488921, conflict:21596/43401=0.4976
Epoch~112->train_loss:0.3267, val_loss:0.4675, val_accu:0.8442, lr:0.0013373199617490172, conflict:21802/43792=0.4979
Epoch~113->train_loss:0.3248, val_loss:0.4605, val_accu:0.8482, lr:0.001051791594363749, conflict:21995/44183=0.4978
Epoch~114->train_loss:0.3185, val_loss:0.4656, val_accu:0.85, lr:-0.0006628723931498826, conflict:22193/44574=0.4979
Epoch~115->train_loss:0.313, val_loss:0.4589, val_accu:0.8504, lr:0.0006496534333564341, conflict:22389/44965=0.4979
Epoch~116->train_loss:0.3128, val_loss:0.4558, val_accu:0.8474, lr:0.00017291732365265489, conflict:22588/45356=0.498
Epoch~117->train_loss:0.3077, val_loss:0.4748, val_accu:0.8432, lr:0.0008176857372745872, conflict:22775/45747=0.4978
Epoch~118->train_loss:0.3043, val_loss:0.4757, val_accu:0.8462, lr:0.0018752854084596038, conflict:22970/46138=0.4979
Epoch~119->train_loss:0.2991, val_loss:0.4633, val_accu:0.8492, lr:-0.00045811833115294576, conflict:23170/46529=0.498
Epoch~120->train_loss:0.2983, val_loss:0.4608, val_accu:0.8488, lr:0.0007145057898014784, conflict:23359/46920=0.4978
Epoch~121->train_loss:0.293, val_loss:0.4615, val_accu:0.8513, lr:0.00021496618865057826, conflict:23553/47311=0.4978
Epoch~122->train_loss:0.2944, val_loss:0.4716, val_accu:0.8477, lr:0.00011511053889989853, conflict:23752/47702=0.4979
Epoch~123->train_loss:0.2891, val_loss:0.4846, val_accu:0.8475, lr:-0.0007348860381171107, conflict:23945/48093=0.4979
Epoch~124->train_loss:0.2835, val_loss:0.4678, val_accu:0.8518, lr:0.0012299385853111744, conflict:24150/48484=0.4981
Epoch~125->train_loss:0.283, val_loss:0.5052, val_accu:0.8414, lr:0.002349180867895484, conflict:24341/48875=0.498
Epoch~126->train_loss:0.2854, val_loss:0.4563, val_accu:0.8559, lr:0.0014974945224821568, conflict:24527/49266=0.4978
Epoch~127->train_loss:0.2804, val_loss:0.458, val_accu:0.8513, lr:0.0011554808588698506, conflict:24721/49657=0.4978
Epoch~128->train_loss:0.2748, val_loss:0.477, val_accu:0.8492, lr:0.0017250619130209088, conflict:24913/50048=0.4978
Epoch~129->train_loss:0.2757, val_loss:0.463, val_accu:0.8551, lr:0.0014630756340920925, conflict:25106/50439=0.4977
Epoch~130->train_loss:0.2726, val_loss:0.4767, val_accu:0.849, lr:0.0021163462661206722, conflict:25304/50830=0.4978
Epoch~131->train_loss:0.2643, val_loss:0.4624, val_accu:0.852, lr:0.0017609253991395235, conflict:25508/51221=0.498
Epoch~132->train_loss:0.2635, val_loss:0.457, val_accu:0.8561, lr:0.0008743011276237667, conflict:25707/51612=0.4981
Epoch~133->train_loss:0.2626, val_loss:0.4594, val_accu:0.8556, lr:-0.00034763594157993793, conflict:25901/52003=0.4981
Epoch~134->train_loss:0.2606, val_loss:0.4635, val_accu:0.8529, lr:-0.0006877859123051167, conflict:26093/52394=0.498
Epoch~135->train_loss:0.2569, val_loss:0.4633, val_accu:0.8574, lr:-0.0003068222722504288, conflict:26298/52785=0.4982
Epoch~136->train_loss:0.2583, val_loss:0.4563, val_accu:0.8552, lr:0.00029734824784100056, conflict:26492/53176=0.4982
Epoch~137->train_loss:0.2525, val_loss:0.4675, val_accu:0.8523, lr:0.0005458143423311412, conflict:26694/53567=0.4983
Epoch~138->train_loss:0.2551, val_loss:0.4859, val_accu:0.851, lr:0.00097675621509552, conflict:26886/53958=0.4983
Epoch~139->train_loss:0.2512, val_loss:0.4684, val_accu:0.8526, lr:0.0014153651427477598, conflict:27080/54349=0.4983
Epoch~140->train_loss:0.2439, val_loss:0.4726, val_accu:0.8573, lr:0.0009219288476742804, conflict:27264/54740=0.4981
Epoch~141->train_loss:0.2484, val_loss:0.4672, val_accu:0.8555, lr:0.0004260933492332697, conflict:27450/55131=0.4979
Epoch~142->train_loss:0.2485, val_loss:0.5608, val_accu:0.8369, lr:-0.003145471215248108, conflict:27640/55522=0.4978
Epoch~143->train_loss:0.2438, val_loss:0.4469, val_accu:0.8637, lr:0.00031114023295231164, conflict:27837/55913=0.4979
Epoch~144->train_loss:0.2386, val_loss:0.4708, val_accu:0.8532, lr:0.0009028338827192783, conflict:28026/56304=0.4978
Epoch~145->train_loss:0.2375, val_loss:0.4541, val_accu:0.8594, lr:0.0005890143220312893, conflict:28220/56695=0.4978
Epoch~146->train_loss:0.2377, val_loss:0.4484, val_accu:0.8615, lr:8.719554170966148e-05, conflict:28418/57086=0.4978
Epoch~147->train_loss:0.2343, val_loss:0.4664, val_accu:0.8566, lr:0.00021809758618474007, conflict:28614/57477=0.4978
Epoch~148->train_loss:0.2384, val_loss:0.4828, val_accu:0.8533, lr:0.0015445775352418423, conflict:28814/57868=0.4979
Epoch~149->train_loss:0.2248, val_loss:0.4454, val_accu:0.865, lr:0.0005459412932395935, conflict:29008/58259=0.4979
Epoch~150->train_loss:0.2206, val_loss:0.452, val_accu:0.862, lr:2.4039152776822448e-05, conflict:29193/58650=0.4977
Epoch~151->train_loss:0.2306, val_loss:0.4742, val_accu:0.8559, lr:0.00034098047763109207, conflict:29391/59041=0.4978
Epoch~152->train_loss:0.6764, val_loss:0.7033, val_accu:0.7658, lr:0.001877026865258813, conflict:29589/59432=0.4979
Epoch~153->train_loss:0.4985, val_loss:0.5336, val_accu:0.8199, lr:0.0005149507196620107, conflict:29779/59823=0.4978
Epoch~154->train_loss:0.3992, val_loss:0.4957, val_accu:0.8342, lr:-7.734971586614847e-05, conflict:29975/60214=0.4978
Epoch~155->train_loss:0.3536, val_loss:0.464, val_accu:0.8439, lr:-0.0004952995222993195, conflict:30166/60605=0.4977
Epoch~156->train_loss:0.3253, val_loss:0.4619, val_accu:0.8468, lr:-0.00010753318201750517, conflict:30350/60996=0.4976
Epoch~157->train_loss:0.3016, val_loss:0.4539, val_accu:0.8515, lr:0.0004750254447571933, conflict:30536/61387=0.4974
Epoch~158->train_loss:0.2907, val_loss:0.4536, val_accu:0.8512, lr:0.0006287291762419045, conflict:30731/61778=0.4974
Epoch~159->train_loss:0.277, val_loss:0.4361, val_accu:0.8569, lr:-0.00028816453414037824, conflict:30931/62169=0.4975
Epoch~160->train_loss:0.2658, val_loss:0.4498, val_accu:0.8551, lr:0.0016370172379538417, conflict:31115/62560=0.4974
Epoch~161->train_loss:0.2579, val_loss:0.4381, val_accu:0.8619, lr:0.0008885721326805651, conflict:31313/62951=0.4974
Epoch~162->train_loss:0.2474, val_loss:0.4465, val_accu:0.8603, lr:0.0014457602519541979, conflict:31504/63342=0.4974
Epoch~163->train_loss:0.2477, val_loss:0.4436, val_accu:0.8594, lr:0.0011968477629125118, conflict:31704/63733=0.4975
Epoch~164->train_loss:0.2381, val_loss:0.4297, val_accu:0.8627, lr:0.0008020460954867303, conflict:31907/64124=0.4976
Epoch~165->train_loss:0.2328, val_loss:0.4382, val_accu:0.8634, lr:-0.00043754998478107154, conflict:32104/64515=0.4976
Epoch~166->train_loss:0.2322, val_loss:0.4325, val_accu:0.8645, lr:-0.0003553322167135775, conflict:32311/64906=0.4978
Epoch~167->train_loss:0.223, val_loss:0.4449, val_accu:0.861, lr:0.0006214826134964824, conflict:32504/65297=0.4978
Epoch~168->train_loss:0.2208, val_loss:0.458, val_accu:0.8581, lr:-0.00014082257985137403, conflict:32691/65688=0.4977
Epoch~169->train_loss:0.217, val_loss:0.4356, val_accu:0.8642, lr:0.0008108410984277725, conflict:32887/66079=0.4977
Epoch~170->train_loss:0.2163, val_loss:0.4359, val_accu:0.8627, lr:0.00027779809897765517, conflict:33093/66470=0.4979
Epoch~171->train_loss:0.2132, val_loss:0.4384, val_accu:0.8663, lr:0.0002125799364876002, conflict:33292/66861=0.4979
Epoch~172->train_loss:0.2128, val_loss:0.4432, val_accu:0.8614, lr:-8.745817467570305e-05, conflict:33492/67252=0.498
Epoch~173->train_loss:0.2032, val_loss:0.4335, val_accu:0.8666, lr:0.0007093909662216902, conflict:33687/67643=0.498
Epoch~174->train_loss:0.2001, val_loss:0.4428, val_accu:0.8635, lr:0.0010452799033373594, conflict:33887/68034=0.4981
Epoch~175->train_loss:0.2018, val_loss:0.4664, val_accu:0.8597, lr:0.0015622747596353292, conflict:34078/68425=0.498
Epoch~176->train_loss:0.2022, val_loss:0.4356, val_accu:0.8655, lr:0.0005817474448122084, conflict:34272/68816=0.498
Epoch~177->train_loss:0.1967, val_loss:0.4477, val_accu:0.8664, lr:0.0007591998437419534, conflict:34457/69207=0.4979
Epoch~178->train_loss:0.1934, val_loss:0.4376, val_accu:0.8674, lr:0.0005037973169237375, conflict:34642/69598=0.4977
Epoch~179->train_loss:0.1922, val_loss:0.4663, val_accu:0.8618, lr:-0.0005443550762720406, conflict:34831/69989=0.4977
Epoch~180->train_loss:0.1914, val_loss:0.4651, val_accu:0.8587, lr:0.0016369426157325506, conflict:35019/70380=0.4976
Epoch~181->train_loss:0.1838, val_loss:0.4546, val_accu:0.8645, lr:0.0016850079409778118, conflict:35191/70771=0.4973
Epoch~182->train_loss:0.1873, val_loss:0.444, val_accu:0.87, lr:0.0007099363137967885, conflict:35387/71162=0.4973
Epoch~183->train_loss:0.1868, val_loss:0.4468, val_accu:0.8654, lr:0.0010225778678432107, conflict:35583/71553=0.4973
Epoch~184->train_loss:0.1774, val_loss:0.4615, val_accu:0.8626, lr:-0.0001478284248150885, conflict:35775/71944=0.4973
Epoch~185->train_loss:0.1793, val_loss:0.4935, val_accu:0.8567, lr:0.0015970880631357431, conflict:35965/72335=0.4972
Epoch~186->train_loss:0.1767, val_loss:0.4686, val_accu:0.8615, lr:0.0020283320918679237, conflict:36147/72726=0.497
Epoch~187->train_loss:0.1787, val_loss:0.4408, val_accu:0.8696, lr:0.0007908444968052208, conflict:36339/73117=0.497
Epoch~188->train_loss:0.1755, val_loss:0.4437, val_accu:0.8681, lr:-0.0006330183241516352, conflict:36528/73508=0.4969
Epoch~189->train_loss:0.1731, val_loss:0.4455, val_accu:0.8684, lr:-0.0005446913419291377, conflict:36715/73899=0.4968
Epoch~190->train_loss:0.1706, val_loss:0.4362, val_accu:0.8713, lr:0.00034004749613814056, conflict:36911/74290=0.4969
Epoch~191->train_loss:0.1713, val_loss:0.4578, val_accu:0.8653, lr:0.0012303870171308517, conflict:37098/74681=0.4968
Epoch~192->train_loss:0.1687, val_loss:0.4426, val_accu:0.8694, lr:0.0010926256654784083, conflict:37302/75072=0.4969
Epoch~193->train_loss:0.1726, val_loss:0.4578, val_accu:0.8642, lr:0.0012418301776051521, conflict:37499/75463=0.4969
Epoch~194->train_loss:0.165, val_loss:0.4598, val_accu:0.865, lr:-0.0006622486398555338, conflict:37699/75854=0.497
Epoch~195->train_loss:0.1637, val_loss:0.4592, val_accu:0.8687, lr:0.00061024259775877, conflict:37888/76245=0.4969
Epoch~196->train_loss:0.1566, val_loss:0.4481, val_accu:0.8715, lr:0.0005880960961803794, conflict:38085/76636=0.497
Epoch~197->train_loss:0.158, val_loss:0.4607, val_accu:0.8664, lr:0.0005288554821163416, conflict:38276/77027=0.4969
Epoch~198->train_loss:0.1587, val_loss:0.4471, val_accu:0.8706, lr:0.0007941400399431586, conflict:38480/77418=0.497
Epoch~199->train_loss:0.1576, val_loss:0.4766, val_accu:0.8639, lr:-0.00044339935993775725, conflict:38676/77809=0.4971
Epoch~200->train_loss:0.1554, val_loss:0.4595, val_accu:0.8703, lr:0.001086477772332728, conflict:38863/78200=0.497
Files already downloaded and verified
Files already downloaded and verified
Epoch~1->train_loss:4.0931, val_loss:3.7937, val_accu:0.1167, lr:-1.8855309463106096e-05, conflict:791/1563=0.5061
Epoch~2->train_loss:3.7283, val_loss:3.5474, val_accu:0.1609, lr:0.0016160972882062197, conflict:1585/3126=0.507
Epoch~3->train_loss:3.5468, val_loss:3.3591, val_accu:0.1915, lr:-0.0009148474782705307, conflict:2346/4689=0.5003
Epoch~4->train_loss:3.371, val_loss:3.2064, val_accu:0.222, lr:0.00138403894379735, conflict:3141/6252=0.5024
Epoch~5->train_loss:3.221, val_loss:3.0661, val_accu:0.2445, lr:0.0009321492398157716, conflict:3934/7815=0.5034
Epoch~6->train_loss:3.0781, val_loss:2.9286, val_accu:0.2715, lr:0.0019553005695343018, conflict:4705/9378=0.5017
Epoch~7->train_loss:2.9357, val_loss:2.9561, val_accu:0.2609, lr:0.003998348489403725, conflict:5478/10941=0.5007
Epoch~8->train_loss:2.7946, val_loss:2.6956, val_accu:0.3124, lr:-0.0003354940563440323, conflict:6250/12504=0.4998
Epoch~9->train_loss:2.6842, val_loss:2.5231, val_accu:0.3434, lr:-0.0006124749779701233, conflict:7044/14067=0.5007
Epoch~10->train_loss:2.5686, val_loss:2.4256, val_accu:0.3678, lr:0.0010731704533100128, conflict:7819/15630=0.5003
Epoch~11->train_loss:2.4731, val_loss:2.6169, val_accu:0.3379, lr:0.005215308628976345, conflict:8625/17193=0.5017
Epoch~12->train_loss:2.4001, val_loss:2.2262, val_accu:0.4119, lr:0.0010530654108151793, conflict:9418/18756=0.5021
Epoch~13->train_loss:2.298, val_loss:2.2232, val_accu:0.4053, lr:0.001974246231839061, conflict:10197/20319=0.5018
Epoch~14->train_loss:2.2148, val_loss:2.1282, val_accu:0.4322, lr:-0.0010642441920936108, conflict:10976/21882=0.5016
Epoch~15->train_loss:2.1397, val_loss:2.0888, val_accu:0.4402, lr:-0.0002991063520312309, conflict:11784/23445=0.5026
Epoch~16->train_loss:2.0573, val_loss:2.0353, val_accu:0.4504, lr:-0.0011372099397704005, conflict:12572/25008=0.5027
Epoch~17->train_loss:2.0073, val_loss:2.0494, val_accu:0.4537, lr:0.0036686942912638187, conflict:13362/26571=0.5029
Epoch~18->train_loss:1.9258, val_loss:1.9149, val_accu:0.4809, lr:0.0004502648953348398, conflict:14137/28134=0.5025
Epoch~19->train_loss:1.8712, val_loss:1.946, val_accu:0.4666, lr:0.002506149932742119, conflict:14922/29697=0.5025
Epoch~20->train_loss:1.8136, val_loss:1.8176, val_accu:0.5048, lr:-0.0004669441841542721, conflict:15696/31260=0.5021
Epoch~21->train_loss:1.7642, val_loss:1.8016, val_accu:0.5064, lr:0.001685212249867618, conflict:16487/32823=0.5023
Epoch~22->train_loss:1.7267, val_loss:1.7064, val_accu:0.5327, lr:0.0003081719623878598, conflict:17271/34386=0.5023
Epoch~23->train_loss:1.6709, val_loss:1.7816, val_accu:0.5156, lr:0.0024336352944374084, conflict:18056/35949=0.5023
Epoch~24->train_loss:1.6301, val_loss:1.6672, val_accu:0.5396, lr:-0.0003549630055204034, conflict:18838/37512=0.5022
Epoch~25->train_loss:1.5837, val_loss:1.7337, val_accu:0.5286, lr:0.0007503543165512383, conflict:19617/39075=0.502
Epoch~26->train_loss:1.5553, val_loss:1.6178, val_accu:0.5553, lr:-6.298709195107222e-05, conflict:20396/40638=0.5019
Epoch~27->train_loss:1.5164, val_loss:1.7665, val_accu:0.5229, lr:0.0039038052782416344, conflict:21183/42201=0.502
Epoch~28->train_loss:1.4715, val_loss:1.6069, val_accu:0.5568, lr:0.0027514842804521322, conflict:21972/43764=0.5021
Epoch~29->train_loss:1.4435, val_loss:1.5853, val_accu:0.5597, lr:0.0010879667242988944, conflict:22762/45327=0.5022
Epoch~30->train_loss:1.4108, val_loss:1.6005, val_accu:0.5633, lr:0.0027234533336013556, conflict:23526/46890=0.5017
Epoch~31->train_loss:1.3902, val_loss:1.5479, val_accu:0.569, lr:0.0005292708519846201, conflict:24296/48453=0.5014
Epoch~32->train_loss:1.3536, val_loss:1.5532, val_accu:0.5729, lr:0.001755397766828537, conflict:25085/50016=0.5015
Epoch~33->train_loss:1.3148, val_loss:1.4819, val_accu:0.5877, lr:0.0010358385043218732, conflict:25876/51579=0.5017
Epoch~34->train_loss:1.2871, val_loss:1.4877, val_accu:0.5824, lr:0.001661562593653798, conflict:26663/53142=0.5017
Epoch~35->train_loss:1.2828, val_loss:1.522, val_accu:0.5785, lr:0.0010231963824480772, conflict:27445/54705=0.5017
Epoch~36->train_loss:1.2375, val_loss:1.4552, val_accu:0.5918, lr:0.0007734912214800715, conflict:28248/56268=0.502
Epoch~37->train_loss:1.216, val_loss:1.4719, val_accu:0.5926, lr:0.002129390835762024, conflict:29036/57831=0.5021
Epoch~38->train_loss:1.2053, val_loss:1.4593, val_accu:0.5971, lr:6.201188080012798e-05, conflict:29805/59394=0.5018
Epoch~39->train_loss:1.1858, val_loss:1.4305, val_accu:0.5995, lr:-0.0008312416612170637, conflict:30599/60957=0.502
Epoch~40->train_loss:1.1494, val_loss:1.4332, val_accu:0.6002, lr:0.002547068055719137, conflict:31388/62520=0.502
Epoch~41->train_loss:1.1378, val_loss:1.4029, val_accu:0.6079, lr:0.0006641456857323647, conflict:32180/64083=0.5022
Epoch~42->train_loss:1.1013, val_loss:1.4754, val_accu:0.5975, lr:-0.0007726780604571104, conflict:32963/65646=0.5021
Epoch~43->train_loss:1.0906, val_loss:1.3624, val_accu:0.625, lr:-0.0006092987023293972, conflict:33768/67209=0.5024
Epoch~44->train_loss:1.0601, val_loss:1.4403, val_accu:0.5981, lr:-0.0016660310793668032, conflict:34550/68772=0.5024
Epoch~45->train_loss:1.0394, val_loss:1.41, val_accu:0.6146, lr:0.0020931740291416645, conflict:35318/70335=0.5021
Epoch~46->train_loss:1.0307, val_loss:1.3645, val_accu:0.6222, lr:0.002052611205726862, conflict:36091/71898=0.502
Epoch~47->train_loss:1.0103, val_loss:1.4176, val_accu:0.6194, lr:-0.00047331274254247546, conflict:36858/73461=0.5017
Epoch~48->train_loss:0.9916, val_loss:1.4703, val_accu:0.6022, lr:0.002372237155213952, conflict:37634/75024=0.5016
Epoch~49->train_loss:0.9621, val_loss:1.4223, val_accu:0.6109, lr:0.0030657530296593904, conflict:38426/76587=0.5017
Epoch~50->train_loss:0.9535, val_loss:1.3767, val_accu:0.6218, lr:0.0014571526553481817, conflict:39236/78150=0.5021
Epoch~51->train_loss:0.9294, val_loss:1.3088, val_accu:0.6382, lr:0.002025802619755268, conflict:40013/79713=0.502
Epoch~52->train_loss:0.9138, val_loss:1.3046, val_accu:0.6401, lr:0.0011761444620788097, conflict:40776/81276=0.5017
Epoch~53->train_loss:0.8947, val_loss:1.3246, val_accu:0.631, lr:0.0022049155086278915, conflict:41557/82839=0.5017
Epoch~54->train_loss:0.875, val_loss:1.3343, val_accu:0.637, lr:0.0015465260948985815, conflict:42330/84402=0.5015
Epoch~55->train_loss:0.8624, val_loss:1.2955, val_accu:0.6461, lr:-0.00018399403779767454, conflict:43105/85965=0.5014
Epoch~56->train_loss:0.8418, val_loss:1.32, val_accu:0.6444, lr:-4.22168814111501e-05, conflict:43897/87528=0.5015
Epoch~57->train_loss:0.836, val_loss:1.3144, val_accu:0.6386, lr:0.0010914509184658527, conflict:44689/89091=0.5016
Epoch~58->train_loss:0.8252, val_loss:1.3817, val_accu:0.6308, lr:-0.003314637579023838, conflict:45476/90654=0.5016
Epoch~59->train_loss:0.8055, val_loss:1.3441, val_accu:0.6333, lr:0.0030290577560663223, conflict:46255/92217=0.5016
Epoch~60->train_loss:0.8015, val_loss:1.2745, val_accu:0.6475, lr:0.0006588465184904635, conflict:47050/93780=0.5017
Epoch~61->train_loss:0.7887, val_loss:1.3328, val_accu:0.6444, lr:0.0025343522429466248, conflict:47832/95343=0.5017
Epoch~62->train_loss:0.7635, val_loss:1.6755, val_accu:0.582, lr:0.005315189249813557, conflict:48607/96906=0.5016
Epoch~63->train_loss:0.748, val_loss:1.3658, val_accu:0.6356, lr:-0.0012284981785342097, conflict:49389/98469=0.5016
Epoch~64->train_loss:0.7481, val_loss:1.2665, val_accu:0.6559, lr:0.00011383717355784029, conflict:50153/100032=0.5014
Epoch~65->train_loss:0.7169, val_loss:1.26, val_accu:0.6566, lr:0.00026586774038150907, conflict:50940/101595=0.5014
Epoch~66->train_loss:0.7103, val_loss:1.3525, val_accu:0.6431, lr:0.0015804012073203921, conflict:51708/103158=0.5013
Epoch~67->train_loss:0.6942, val_loss:1.3598, val_accu:0.6364, lr:-0.0020976222585886717, conflict:52486/104721=0.5012
Epoch~68->train_loss:0.6894, val_loss:1.2964, val_accu:0.6481, lr:0.0009080208837985992, conflict:53285/106284=0.5013
Epoch~69->train_loss:0.668, val_loss:1.3105, val_accu:0.6539, lr:0.0008172561065293849, conflict:54051/107847=0.5012
Epoch~70->train_loss:0.6621, val_loss:1.2498, val_accu:0.6637, lr:0.0011304579675197601, conflict:54867/109410=0.5015
Epoch~71->train_loss:0.6458, val_loss:1.275, val_accu:0.6602, lr:0.00225274171680212, conflict:55653/110973=0.5015
Epoch~72->train_loss:0.6539, val_loss:1.3076, val_accu:0.6586, lr:0.00017620196740608662, conflict:56425/112536=0.5014
Epoch~73->train_loss:0.6246, val_loss:1.2599, val_accu:0.6707, lr:0.0013454577419906855, conflict:57192/114099=0.5012
Epoch~74->train_loss:0.6131, val_loss:1.3299, val_accu:0.6513, lr:0.00217652739956975, conflict:57993/115662=0.5014
Epoch~75->train_loss:0.5925, val_loss:1.2991, val_accu:0.6683, lr:0.0008372858865186572, conflict:58777/117225=0.5014
Epoch~76->train_loss:0.5855, val_loss:1.323, val_accu:0.6553, lr:-0.00016694067744538188, conflict:59570/118788=0.5015
Epoch~77->train_loss:0.5778, val_loss:1.3055, val_accu:0.6579, lr:0.0018252503359690309, conflict:60335/120351=0.5013
Epoch~78->train_loss:0.5654, val_loss:1.3024, val_accu:0.6616, lr:0.0036792545579373837, conflict:61093/121914=0.5011
Epoch~79->train_loss:0.5616, val_loss:1.2691, val_accu:0.6692, lr:0.0008860412053763866, conflict:61878/123477=0.5011
Epoch~80->train_loss:0.5446, val_loss:1.2716, val_accu:0.6636, lr:-0.0005276533192954957, conflict:62677/125040=0.5013
Epoch~81->train_loss:0.5238, val_loss:1.3113, val_accu:0.6614, lr:0.0014208060456439853, conflict:63445/126603=0.5011
Epoch~82->train_loss:0.5207, val_loss:1.278, val_accu:0.6687, lr:0.0008309957338497043, conflict:64235/128166=0.5012
Epoch~83->train_loss:0.4961, val_loss:1.2745, val_accu:0.6709, lr:0.000491561833769083, conflict:64996/129729=0.501
Epoch~84->train_loss:0.4945, val_loss:1.2862, val_accu:0.6673, lr:0.0025800566654652357, conflict:65748/131292=0.5008
Epoch~85->train_loss:0.501, val_loss:1.281, val_accu:0.6706, lr:0.0009659482166171074, conflict:66549/132855=0.5009
Epoch~86->train_loss:0.4962, val_loss:1.2938, val_accu:0.6699, lr:-0.00038002373185008764, conflict:67305/134418=0.5007
Epoch~87->train_loss:0.4847, val_loss:1.319, val_accu:0.6607, lr:0.001379169523715973, conflict:68115/135981=0.5009
Epoch~88->train_loss:0.4696, val_loss:1.3017, val_accu:0.6629, lr:-2.7597707230597734e-05, conflict:68882/137544=0.5008
Epoch~89->train_loss:0.4617, val_loss:1.3166, val_accu:0.6616, lr:0.0012583130737766623, conflict:69657/139107=0.5007
Epoch~90->train_loss:0.4307, val_loss:1.2981, val_accu:0.6691, lr:0.0010041611967608333, conflict:70436/140670=0.5007
Epoch~91->train_loss:0.4306, val_loss:1.2878, val_accu:0.671, lr:0.0005705618532374501, conflict:71253/142233=0.501
Epoch~92->train_loss:0.4321, val_loss:1.3133, val_accu:0.6687, lr:-0.00042613118421286345, conflict:72031/143796=0.5009
Epoch~93->train_loss:0.414, val_loss:1.2815, val_accu:0.6678, lr:0.0008282114868052304, conflict:72823/145359=0.501
Epoch~94->train_loss:0.4163, val_loss:1.3101, val_accu:0.6697, lr:7.101343362592161e-05, conflict:73589/146922=0.5009
Epoch~95->train_loss:0.3951, val_loss:1.3501, val_accu:0.6583, lr:0.00014542939607053995, conflict:74368/148485=0.5008
Epoch~96->train_loss:0.4012, val_loss:1.3305, val_accu:0.6646, lr:0.0025476114824414253, conflict:75129/150048=0.5007
Epoch~97->train_loss:0.4057, val_loss:1.3466, val_accu:0.6658, lr:0.000942145474255085, conflict:75914/151611=0.5007
Epoch~98->train_loss:0.3858, val_loss:1.3505, val_accu:0.6634, lr:0.001957228407263756, conflict:76693/153174=0.5007
Epoch~99->train_loss:0.3757, val_loss:1.3623, val_accu:0.665, lr:0.0033406515140086412, conflict:77478/154737=0.5007
Epoch~100->train_loss:0.3609, val_loss:1.3083, val_accu:0.6708, lr:0.0020173077937215567, conflict:78239/156300=0.5006
Epoch~101->train_loss:0.3458, val_loss:1.3364, val_accu:0.6755, lr:0.0021317603532224894, conflict:79023/157863=0.5006
Epoch~102->train_loss:0.3466, val_loss:1.3364, val_accu:0.6701, lr:-0.0003375885426066816, conflict:79801/159426=0.5006
Epoch~103->train_loss:0.3442, val_loss:1.3417, val_accu:0.6718, lr:0.0018990561366081238, conflict:80578/160989=0.5005
Epoch~104->train_loss:0.34, val_loss:1.5121, val_accu:0.6395, lr:0.003259363118559122, conflict:81359/162552=0.5005
Epoch~105->train_loss:0.342, val_loss:1.3373, val_accu:0.6696, lr:0.0015864074230194092, conflict:82158/164115=0.5006
Epoch~106->train_loss:0.3224, val_loss:1.3774, val_accu:0.6602, lr:0.0036404295824468136, conflict:82932/165678=0.5006
Epoch~107->train_loss:0.3211, val_loss:1.327, val_accu:0.6724, lr:0.0018845314625650644, conflict:83725/167241=0.5006
Epoch~108->train_loss:0.305, val_loss:1.3495, val_accu:0.6737, lr:-0.002129440661519766, conflict:84531/168804=0.5008
Epoch~109->train_loss:0.3026, val_loss:1.3303, val_accu:0.6784, lr:4.957530472893268e-05, conflict:85313/170367=0.5008
Epoch~110->train_loss:0.2955, val_loss:1.4107, val_accu:0.6625, lr:-0.0019415703136473894, conflict:86076/171930=0.5006
Epoch~111->train_loss:0.2945, val_loss:1.3632, val_accu:0.673, lr:-2.6816269382834435e-07, conflict:86840/173493=0.5005
Epoch~112->train_loss:0.2917, val_loss:1.3363, val_accu:0.6759, lr:0.0016853194683790207, conflict:87610/175056=0.5005
Epoch~113->train_loss:0.2771, val_loss:1.3028, val_accu:0.6832, lr:0.0013862678315490484, conflict:88370/176619=0.5003
Epoch~114->train_loss:0.2569, val_loss:1.3427, val_accu:0.6792, lr:0.002273530699312687, conflict:89131/178182=0.5002
Epoch~115->train_loss:0.2575, val_loss:1.3622, val_accu:0.6799, lr:0.0012981325853616, conflict:89906/179745=0.5002
Epoch~116->train_loss:0.248, val_loss:1.3659, val_accu:0.6745, lr:0.0005033356137573719, conflict:90701/181308=0.5003
Epoch~117->train_loss:0.2567, val_loss:1.3697, val_accu:0.6754, lr:-0.0008166130282916129, conflict:91471/182871=0.5002
Epoch~118->train_loss:0.2477, val_loss:1.3281, val_accu:0.6778, lr:-0.00046312902122735977, conflict:92276/184434=0.5003
Epoch~119->train_loss:0.2341, val_loss:1.3726, val_accu:0.6707, lr:0.002221854403614998, conflict:93073/185997=0.5004
Epoch~120->train_loss:0.2296, val_loss:1.456, val_accu:0.6615, lr:-0.00221804971806705, conflict:93853/187560=0.5004
Epoch~121->train_loss:0.2516, val_loss:1.3657, val_accu:0.6771, lr:0.0013940960634499788, conflict:94644/189123=0.5004
Epoch~122->train_loss:0.2277, val_loss:1.3485, val_accu:0.6826, lr:-0.0010524591198191047, conflict:95426/190686=0.5004
Epoch~123->train_loss:0.2192, val_loss:1.3837, val_accu:0.6741, lr:0.0018729441799223423, conflict:96195/192249=0.5004
Epoch~124->train_loss:0.2142, val_loss:1.3317, val_accu:0.6861, lr:9.961095929611474e-05, conflict:96976/193812=0.5004
Epoch~125->train_loss:0.2096, val_loss:1.3646, val_accu:0.6829, lr:-0.0006234095781110227, conflict:97743/195375=0.5003
Epoch~126->train_loss:0.2026, val_loss:1.3669, val_accu:0.6755, lr:0.0013257317477837205, conflict:98481/196938=0.5001
Epoch~127->train_loss:0.2132, val_loss:1.371, val_accu:0.6789, lr:0.001119534601457417, conflict:99285/198501=0.5002
Epoch~128->train_loss:0.198, val_loss:1.3478, val_accu:0.686, lr:0.00041191466152668, conflict:100065/200064=0.5002
Epoch~129->train_loss:0.1919, val_loss:1.3674, val_accu:0.6826, lr:0.0019949120469391346, conflict:100850/201627=0.5002
Epoch~130->train_loss:0.1993, val_loss:1.379, val_accu:0.684, lr:0.001401869347319007, conflict:101620/203190=0.5001
Epoch~131->train_loss:0.1934, val_loss:1.4496, val_accu:0.6705, lr:-0.001388209406286478, conflict:102412/204753=0.5002
Epoch~132->train_loss:0.1923, val_loss:1.383, val_accu:0.6806, lr:0.0007716768304817379, conflict:103179/206316=0.5001
Epoch~133->train_loss:0.1737, val_loss:1.3659, val_accu:0.6848, lr:0.0007160189561545849, conflict:103962/207879=0.5001
Epoch~134->train_loss:0.1665, val_loss:1.3996, val_accu:0.6821, lr:0.001423784764483571, conflict:104743/209442=0.5001
Epoch~135->train_loss:0.1693, val_loss:1.3797, val_accu:0.6835, lr:0.001348046469502151, conflict:105530/211005=0.5001
Epoch~136->train_loss:0.1803, val_loss:1.3998, val_accu:0.6807, lr:0.0014248021179810166, conflict:106297/212568=0.5001
Epoch~137->train_loss:0.1652, val_loss:1.3676, val_accu:0.6857, lr:-0.0008721129270270467, conflict:107038/214131=0.4999
Epoch~138->train_loss:0.1562, val_loss:1.3815, val_accu:0.6871, lr:0.0015169247053563595, conflict:107839/215694=0.5
Epoch~139->train_loss:0.1589, val_loss:1.3496, val_accu:0.6861, lr:0.0006573307910002768, conflict:108588/217257=0.4998
Epoch~140->train_loss:0.1485, val_loss:1.4197, val_accu:0.6778, lr:0.0018778510857373476, conflict:109368/218820=0.4998
Epoch~141->train_loss:0.155, val_loss:1.3942, val_accu:0.6825, lr:0.0013532859738916159, conflict:110127/220383=0.4997
Epoch~142->train_loss:0.1365, val_loss:1.3579, val_accu:0.6896, lr:0.0008340483764186502, conflict:110906/221946=0.4997
Epoch~143->train_loss:0.1324, val_loss:1.4176, val_accu:0.6766, lr:0.0018804329447448254, conflict:111693/223509=0.4997
Epoch~144->train_loss:0.128, val_loss:1.3555, val_accu:0.6911, lr:-0.0004445512895472348, conflict:112478/225072=0.4997
Epoch~145->train_loss:0.128, val_loss:1.4143, val_accu:0.6867, lr:0.0021434163209050894, conflict:113257/226635=0.4997
Epoch~146->train_loss:0.1339, val_loss:1.4119, val_accu:0.682, lr:-0.0007813413976691663, conflict:114018/228198=0.4996
Epoch~147->train_loss:0.1271, val_loss:1.395, val_accu:0.687, lr:-0.0002057187957689166, conflict:114781/229761=0.4996
Epoch~148->train_loss:0.1349, val_loss:1.3929, val_accu:0.6886, lr:0.0014543702127411962, conflict:115557/231324=0.4995
Epoch~149->train_loss:0.118, val_loss:1.4036, val_accu:0.6859, lr:0.0002948516048491001, conflict:116336/232887=0.4995
Epoch~150->train_loss:0.1149, val_loss:1.4242, val_accu:0.682, lr:0.0005951215280219913, conflict:117108/234450=0.4995
Epoch~151->train_loss:0.1246, val_loss:1.4195, val_accu:0.6845, lr:0.0018359841778874397, conflict:117860/236013=0.4994
Epoch~152->train_loss:0.1178, val_loss:1.3799, val_accu:0.6873, lr:0.0002866715658456087, conflict:118633/237576=0.4993
Epoch~153->train_loss:0.1191, val_loss:1.4044, val_accu:0.6839, lr:0.0009141523041762412, conflict:119402/239139=0.4993
Epoch~154->train_loss:0.1143, val_loss:1.6139, val_accu:0.6528, lr:0.003808429930359125, conflict:120169/240702=0.4992
Epoch~155->train_loss:0.1232, val_loss:1.4122, val_accu:0.6847, lr:0.0004244695301167667, conflict:120929/242265=0.4992
Epoch~156->train_loss:0.114, val_loss:1.4152, val_accu:0.6866, lr:0.0009120129980146885, conflict:121725/243828=0.4992
Epoch~157->train_loss:0.1761, val_loss:1.4881, val_accu:0.6757, lr:6.037356797605753e-05, conflict:122536/245391=0.4994
Epoch~158->train_loss:0.1548, val_loss:1.4724, val_accu:0.6751, lr:0.001769106718711555, conflict:123303/246954=0.4993
Epoch~159->train_loss:0.1336, val_loss:1.4345, val_accu:0.6813, lr:0.0010435443837195635, conflict:124083/248517=0.4993
Epoch~160->train_loss:0.1466, val_loss:1.4118, val_accu:0.6871, lr:0.0011940202675759792, conflict:124840/250080=0.4992
Epoch~161->train_loss:0.118, val_loss:1.4457, val_accu:0.6815, lr:0.0013521976070478559, conflict:125607/251643=0.4991
Epoch~162->train_loss:0.1106, val_loss:1.4294, val_accu:0.6873, lr:-0.0008857955690473318, conflict:126393/253206=0.4992
Epoch~163->train_loss:0.1076, val_loss:1.393, val_accu:0.6927, lr:0.0015204204246401787, conflict:127166/254769=0.4991
Epoch~164->train_loss:0.1148, val_loss:1.4541, val_accu:0.6822, lr:0.0029022609815001488, conflict:127923/256332=0.4991
Epoch~165->train_loss:0.1116, val_loss:1.4067, val_accu:0.6937, lr:0.0024255840107798576, conflict:128711/257895=0.4991
Epoch~166->train_loss:0.0917, val_loss:1.448, val_accu:0.6852, lr:0.002378728473559022, conflict:129513/259458=0.4992
Epoch~167->train_loss:0.0921, val_loss:1.4307, val_accu:0.6928, lr:0.0014674648409709334, conflict:130269/261021=0.4991
Epoch~168->train_loss:0.0884, val_loss:1.3885, val_accu:0.697, lr:0.0011771471472457051, conflict:131053/262584=0.4991
Epoch~169->train_loss:0.0853, val_loss:1.417, val_accu:0.6931, lr:-0.0012198272161185741, conflict:131805/264147=0.499
Epoch~170->train_loss:0.0869, val_loss:1.4313, val_accu:0.6926, lr:-0.0005765330861322582, conflict:132589/265710=0.499
Epoch~171->train_loss:0.0893, val_loss:1.4113, val_accu:0.6976, lr:0.0019650296308100224, conflict:133351/267273=0.4989
Epoch~172->train_loss:0.0987, val_loss:1.438, val_accu:0.6873, lr:0.000851155782584101, conflict:134112/268836=0.4989
Epoch~173->train_loss:0.0923, val_loss:1.4349, val_accu:0.6906, lr:0.0005733087309636176, conflict:134893/270399=0.4989
Epoch~174->train_loss:0.0929, val_loss:1.4655, val_accu:0.6936, lr:0.00022844444902148098, conflict:135663/271962=0.4988
Epoch~175->train_loss:0.0944, val_loss:1.4906, val_accu:0.6848, lr:0.001457959646359086, conflict:136395/273525=0.4987
Epoch~176->train_loss:0.0863, val_loss:1.4466, val_accu:0.6863, lr:0.0020576075185090303, conflict:137166/275088=0.4986
Epoch~177->train_loss:0.0929, val_loss:1.48, val_accu:0.6841, lr:0.0020904913544654846, conflict:137936/276651=0.4986
Epoch~178->train_loss:0.0854, val_loss:1.4347, val_accu:0.6933, lr:0.0015749980229884386, conflict:138704/278214=0.4986
Epoch~179->train_loss:0.0864, val_loss:1.43, val_accu:0.6945, lr:-0.00018028385238721967, conflict:139496/279777=0.4986
Epoch~180->train_loss:0.0881, val_loss:1.508, val_accu:0.6848, lr:0.0002780304930638522, conflict:140269/281340=0.4986
Epoch~181->train_loss:0.0837, val_loss:1.451, val_accu:0.692, lr:-0.0008658285369165242, conflict:141036/282903=0.4985
Epoch~182->train_loss:0.0773, val_loss:1.4814, val_accu:0.685, lr:0.0013340290170162916, conflict:141798/284466=0.4985
Epoch~183->train_loss:0.0904, val_loss:1.4668, val_accu:0.6891, lr:0.002111166948452592, conflict:142562/286029=0.4984
Epoch~184->train_loss:0.0758, val_loss:1.4567, val_accu:0.686, lr:0.001003789366222918, conflict:143333/287592=0.4984
Epoch~185->train_loss:0.0718, val_loss:1.4452, val_accu:0.6934, lr:-7.395197462756187e-05, conflict:144091/289155=0.4983
Epoch~186->train_loss:0.0668, val_loss:1.4493, val_accu:0.6912, lr:0.0006282278336584568, conflict:144861/290718=0.4983
Epoch~187->train_loss:0.0774, val_loss:1.4221, val_accu:0.696, lr:0.0009603920625522733, conflict:145617/292281=0.4982
Epoch~188->train_loss:0.0772, val_loss:1.469, val_accu:0.6871, lr:0.00030328313005156815, conflict:146368/293844=0.4981
Epoch~189->train_loss:0.0987, val_loss:1.5299, val_accu:0.6775, lr:0.00072390929562971, conflict:147101/295407=0.498
Epoch~190->train_loss:0.092, val_loss:1.4474, val_accu:0.6919, lr:0.0002857919316738844, conflict:147868/296970=0.4979
Epoch~191->train_loss:0.0704, val_loss:1.432, val_accu:0.6973, lr:0.0002766454126685858, conflict:148628/298533=0.4979
Epoch~192->train_loss:0.0699, val_loss:1.4439, val_accu:0.698, lr:0.0007470870041288435, conflict:149391/300096=0.4978
Epoch~193->train_loss:0.0577, val_loss:1.4464, val_accu:0.6961, lr:0.0005868887528777122, conflict:150183/301659=0.4979
Epoch~194->train_loss:0.0638, val_loss:1.448, val_accu:0.6979, lr:0.0006948960945010185, conflict:150958/303222=0.4978
Epoch~195->train_loss:0.067, val_loss:1.4477, val_accu:0.7005, lr:0.0003098748275078833, conflict:151737/304785=0.4978
Epoch~196->train_loss:0.0582, val_loss:1.451, val_accu:0.6944, lr:0.0002551678626332432, conflict:152503/306348=0.4978
Epoch~197->train_loss:0.0573, val_loss:1.4702, val_accu:0.6954, lr:0.0014604468597099185, conflict:153273/307911=0.4978
Epoch~198->train_loss:0.0578, val_loss:1.4968, val_accu:0.6885, lr:0.0015587304951623082, conflict:154040/309474=0.4977
Epoch~199->train_loss:0.064, val_loss:1.4565, val_accu:0.6982, lr:0.0004477259353734553, conflict:154818/311037=0.4977
Epoch~200->train_loss:0.0569, val_loss:1.4597, val_accu:0.6916, lr:0.0009271674207411706, conflict:155593/312600=0.4977
