nohup: ignoring input
Epoch~1->train_loss:0.6312, val_loss:0.4367, val_accu:0.866, lr:0.0008904946153052151
Epoch~2->train_loss:0.3532, val_loss:0.3734, val_accu:0.8861, lr:-0.0004353404510766268
Epoch~3->train_loss:0.3165, val_loss:0.359, val_accu:0.8874, lr:0.0009340390679426491
Epoch~4->train_loss:0.2831, val_loss:0.3092, val_accu:0.9039, lr:0.0012385078007355332
Epoch~5->train_loss:0.2452, val_loss:0.2798, val_accu:0.9156, lr:0.00031977694015949965
Epoch~6->train_loss:0.2061, val_loss:0.2484, val_accu:0.9271, lr:-0.000624293927103281
Epoch~7->train_loss:0.1911, val_loss:0.2292, val_accu:0.9326, lr:0.00043308816384524107
Epoch~8->train_loss:0.1738, val_loss:0.2352, val_accu:0.9302, lr:9.665027027949691e-05
Epoch~9->train_loss:0.1604, val_loss:0.2129, val_accu:0.9386, lr:0.0010860736947506666
Epoch~10->train_loss:0.1495, val_loss:0.1943, val_accu:0.9415, lr:0.0001804121711757034
Epoch~11->train_loss:0.1409, val_loss:0.1818, val_accu:0.9459, lr:-0.00028237857623025775
Epoch~12->train_loss:0.1317, val_loss:0.1726, val_accu:0.949, lr:0.0005924864090047777
Epoch~13->train_loss:0.1248, val_loss:0.1738, val_accu:0.9479, lr:0.0008000924717634916
Epoch~14->train_loss:0.1172, val_loss:0.1737, val_accu:0.9479, lr:-0.0006691511953249574
Epoch~15->train_loss:0.1109, val_loss:0.1572, val_accu:0.9532, lr:0.0017071799375116825
Epoch~16->train_loss:0.1048, val_loss:0.1719, val_accu:0.9479, lr:0.0011178433196619153
Epoch~17->train_loss:0.102, val_loss:0.1555, val_accu:0.9548, lr:0.0010477628093212843
Epoch~18->train_loss:0.0975, val_loss:0.136, val_accu:0.9607, lr:0.00023275581770576537
Epoch~19->train_loss:0.0942, val_loss:0.1537, val_accu:0.9546, lr:0.0006577933090738952
Epoch~20->train_loss:0.0917, val_loss:0.128, val_accu:0.9625, lr:0.00038426549872383475
Epoch~21->train_loss:0.0892, val_loss:0.1415, val_accu:0.9556, lr:0.0006919203442521393
Epoch~22->train_loss:0.0885, val_loss:0.1358, val_accu:0.9601, lr:0.0012330797035247087
Epoch~23->train_loss:0.0831, val_loss:0.1327, val_accu:0.9607, lr:-0.00012717365461867303
Epoch~24->train_loss:0.081, val_loss:0.1306, val_accu:0.9604, lr:0.000367053784430027
Epoch~25->train_loss:0.0784, val_loss:0.1261, val_accu:0.9632, lr:0.0004939540522173047
Epoch~26->train_loss:0.0782, val_loss:0.1177, val_accu:0.9658, lr:0.0005882768309675157
Epoch~27->train_loss:0.0757, val_loss:0.1324, val_accu:0.9605, lr:0.0013075529132038355
Epoch~28->train_loss:0.0729, val_loss:0.1694, val_accu:0.9467, lr:0.0016127771232277155
Epoch~29->train_loss:0.0718, val_loss:0.1186, val_accu:0.9641, lr:-1.263630110770464e-05
Epoch~30->train_loss:0.0689, val_loss:0.173, val_accu:0.9429, lr:0.001523167360574007
Epoch~31->train_loss:0.0666, val_loss:0.1292, val_accu:0.959, lr:0.00013433757703751326
Epoch~32->train_loss:0.0659, val_loss:0.1277, val_accu:0.9602, lr:0.00038740079617127776
Epoch~33->train_loss:0.0635, val_loss:0.1266, val_accu:0.9606, lr:0.00029098126105964184
Epoch~34->train_loss:0.0627, val_loss:0.1214, val_accu:0.9631, lr:0.0005502526182681322
Epoch~35->train_loss:0.0622, val_loss:0.1282, val_accu:0.96, lr:-0.0002837982610799372
Epoch~36->train_loss:0.0604, val_loss:0.1058, val_accu:0.967, lr:0.0010264181764796376
Epoch~37->train_loss:0.0596, val_loss:0.1104, val_accu:0.9668, lr:0.0008644366171211004
Epoch~38->train_loss:0.0567, val_loss:0.1181, val_accu:0.9636, lr:0.0016848316881805658
Epoch~39->train_loss:0.0551, val_loss:0.1194, val_accu:0.963, lr:-0.0001936918415594846
Epoch~40->train_loss:0.0553, val_loss:0.1194, val_accu:0.9634, lr:0.0005184141919016838
Epoch~41->train_loss:0.0548, val_loss:0.2132, val_accu:0.9293, lr:0.0016668535536155105
Epoch~42->train_loss:0.0539, val_loss:0.1067, val_accu:0.9675, lr:0.0005680251051671803
Epoch~43->train_loss:0.0516, val_loss:0.1123, val_accu:0.9657, lr:0.0010580150410532951
Epoch~44->train_loss:0.0513, val_loss:0.1073, val_accu:0.9669, lr:0.00023915120982564986
Epoch~45->train_loss:0.0495, val_loss:0.1197, val_accu:0.9629, lr:0.001988067990168929
Epoch~46->train_loss:0.0521, val_loss:0.1152, val_accu:0.9639, lr:-3.778153768507764e-05
Epoch~47->train_loss:0.0497, val_loss:0.1037, val_accu:0.9674, lr:0.0006965043139643967
Epoch~48->train_loss:0.0478, val_loss:0.1121, val_accu:0.9649, lr:0.001294499495998025
Epoch~49->train_loss:0.0484, val_loss:0.1098, val_accu:0.9647, lr:0.00033201760379597545
Epoch~50->train_loss:0.0465, val_loss:0.1016, val_accu:0.9683, lr:0.0007706801407039165
Epoch~51->train_loss:0.0467, val_loss:0.1119, val_accu:0.9646, lr:0.0006469180225394666
Epoch~52->train_loss:0.0466, val_loss:0.1024, val_accu:0.9676, lr:0.0008644904009997845
Epoch~53->train_loss:0.0463, val_loss:0.1185, val_accu:0.9616, lr:-0.00020990014309063554
Epoch~54->train_loss:0.0451, val_loss:0.1211, val_accu:0.9618, lr:-0.00020111704361625016
Epoch~55->train_loss:0.0455, val_loss:0.1253, val_accu:0.9599, lr:-0.00022355512192007154
Epoch~56->train_loss:0.0431, val_loss:0.1108, val_accu:0.9646, lr:6.81766468915157e-05
Epoch~57->train_loss:0.0431, val_loss:0.1221, val_accu:0.9626, lr:-0.00034029368543997407
Epoch~58->train_loss:0.0429, val_loss:0.1211, val_accu:0.9615, lr:0.0007129653240554035
Epoch~59->train_loss:0.0431, val_loss:0.1134, val_accu:0.9635, lr:0.000447821308625862
Epoch~60->train_loss:0.0436, val_loss:0.1318, val_accu:0.9589, lr:0.0011864519910886884
Epoch~61->train_loss:0.0416, val_loss:0.1089, val_accu:0.9647, lr:0.000933959090616554
Epoch~62->train_loss:0.042, val_loss:0.1128, val_accu:0.9636, lr:0.00039193424163386226
Epoch~63->train_loss:0.0411, val_loss:0.1031, val_accu:0.9662, lr:0.0013645404251292348
Epoch~64->train_loss:0.0408, val_loss:0.1099, val_accu:0.9639, lr:0.0021459038835018873
Epoch~65->train_loss:0.0409, val_loss:0.1207, val_accu:0.961, lr:0.0009220090578310192
Epoch~66->train_loss:0.0396, val_loss:0.1159, val_accu:0.9627, lr:0.00038684881292283535
Epoch~67->train_loss:0.0398, val_loss:0.0995, val_accu:0.968, lr:0.0007782704196870327
Epoch~68->train_loss:0.04, val_loss:0.1056, val_accu:0.9668, lr:0.0004821119364351034
Epoch~69->train_loss:0.0378, val_loss:0.1004, val_accu:0.9685, lr:7.073219603626058e-05
Epoch~70->train_loss:0.0382, val_loss:0.0928, val_accu:0.9698, lr:0.0008214950794354081
Epoch~71->train_loss:0.0379, val_loss:0.115, val_accu:0.9629, lr:0.000562004279345274
Epoch~72->train_loss:0.0379, val_loss:0.1036, val_accu:0.967, lr:0.0001983129041036591
Epoch~73->train_loss:0.0372, val_loss:0.1393, val_accu:0.9545, lr:-0.00024116756685543805
Epoch~74->train_loss:0.0378, val_loss:0.0996, val_accu:0.968, lr:0.0006002809386700392
Epoch~75->train_loss:0.0361, val_loss:0.1016, val_accu:0.9664, lr:0.0009530267561785877
Epoch~76->train_loss:0.0452, val_loss:0.1051, val_accu:0.9654, lr:-0.0005267123924568295
Epoch~77->train_loss:0.048, val_loss:0.1208, val_accu:0.9597, lr:0.0007385349599644542
Epoch~78->train_loss:0.0434, val_loss:0.1234, val_accu:0.9602, lr:-0.00034926843363791704
Epoch~79->train_loss:0.0427, val_loss:0.1169, val_accu:0.9629, lr:0.001098797656595707
Epoch~80->train_loss:0.0402, val_loss:0.1069, val_accu:0.9653, lr:0.0005079520051367581
Epoch~81->train_loss:0.039, val_loss:0.1033, val_accu:0.9667, lr:-0.00011013745825039223
Epoch~82->train_loss:0.0398, val_loss:0.1141, val_accu:0.963, lr:0.0007197660161182284
Epoch~83->train_loss:0.0373, val_loss:0.0945, val_accu:0.9695, lr:0.0008437791839241982
Epoch~84->train_loss:0.0379, val_loss:0.1028, val_accu:0.9676, lr:0.0004509499412961304
Epoch~85->train_loss:0.037, val_loss:0.1607, val_accu:0.9444, lr:0.0014256422873586416
Epoch~86->train_loss:0.0362, val_loss:0.1225, val_accu:0.9603, lr:0.001067513832822442
Epoch~87->train_loss:0.0349, val_loss:0.093, val_accu:0.9707, lr:0.0010767420753836632
Epoch~88->train_loss:0.0331, val_loss:0.1008, val_accu:0.9676, lr:0.000434302695794031
Epoch~89->train_loss:0.0335, val_loss:0.0951, val_accu:0.9699, lr:-0.0002342380175832659
Epoch~90->train_loss:0.0343, val_loss:0.102, val_accu:0.9672, lr:0.00016926358512137085
Epoch~91->train_loss:0.0336, val_loss:0.1145, val_accu:0.9622, lr:-0.0001959443325176835
Epoch~92->train_loss:0.0329, val_loss:0.0967, val_accu:0.9691, lr:0.0005407477729022503
Epoch~93->train_loss:0.0326, val_loss:0.102, val_accu:0.9679, lr:0.0002107862674165517
Epoch~94->train_loss:0.0319, val_loss:0.102, val_accu:0.9672, lr:1.6319499991368502e-06
Epoch~95->train_loss:0.0332, val_loss:0.1178, val_accu:0.9608, lr:0.0016085654497146606
Epoch~96->train_loss:0.0318, val_loss:0.0887, val_accu:0.9717, lr:0.0006765631842426956
Epoch~97->train_loss:0.0323, val_loss:0.1034, val_accu:0.9672, lr:0.000543558388017118
Epoch~98->train_loss:0.032, val_loss:0.0882, val_accu:0.9719, lr:-0.0005102269933559
Epoch~99->train_loss:0.031, val_loss:0.092, val_accu:0.9698, lr:0.0013404698111116886
Epoch~100->train_loss:0.0314, val_loss:0.0971, val_accu:0.967, lr:0.0006048151408322155
Epoch~101->train_loss:0.0319, val_loss:0.0975, val_accu:0.9687, lr:0.0005690310499630868
Epoch~102->train_loss:0.0319, val_loss:0.0946, val_accu:0.9689, lr:0.00019451630942057818
Epoch~103->train_loss:0.0316, val_loss:0.096, val_accu:0.9698, lr:0.0007390724495053291
Epoch~104->train_loss:0.0299, val_loss:0.0935, val_accu:0.9702, lr:-2.0058603695360944e-05
Epoch~105->train_loss:0.0303, val_loss:0.1, val_accu:0.9696, lr:0.0007809293456375599
Epoch~106->train_loss:0.0295, val_loss:0.0922, val_accu:0.9702, lr:0.000718285096809268
Epoch~107->train_loss:0.0295, val_loss:0.0796, val_accu:0.9739, lr:0.0004963105311617255
Epoch~108->train_loss:0.0283, val_loss:0.0954, val_accu:0.969, lr:0.0004589411255437881
Epoch~109->train_loss:0.0284, val_loss:0.0921, val_accu:0.9694, lr:0.0006497862050309777
Epoch~110->train_loss:0.0287, val_loss:0.09, val_accu:0.9708, lr:0.00025363199529238045
Epoch~111->train_loss:0.0281, val_loss:0.0855, val_accu:0.9726, lr:-4.861104389419779e-05
Epoch~112->train_loss:0.0288, val_loss:0.0892, val_accu:0.9698, lr:0.0007465713424608111
Epoch~113->train_loss:0.0275, val_loss:0.124, val_accu:0.9574, lr:0.0013434254797175527
Epoch~114->train_loss:0.0272, val_loss:0.0972, val_accu:0.9686, lr:0.0005753328441642225
Epoch~115->train_loss:0.0279, val_loss:0.1725, val_accu:0.9459, lr:0.0022772238589823246
Epoch~116->train_loss:0.028, val_loss:0.0885, val_accu:0.9719, lr:0.0012213652953505516
Epoch~117->train_loss:0.0281, val_loss:0.0901, val_accu:0.9705, lr:-0.0003950742830056697
Epoch~118->train_loss:0.0279, val_loss:0.0931, val_accu:0.9688, lr:0.0008726464002393186
Epoch~119->train_loss:0.0267, val_loss:0.1068, val_accu:0.964, lr:0.0007556105265393853
Epoch~120->train_loss:0.0272, val_loss:0.1025, val_accu:0.965, lr:0.0002488595200702548
Epoch~121->train_loss:0.0272, val_loss:0.0796, val_accu:0.972, lr:0.001048724865540862
Epoch~122->train_loss:0.0263, val_loss:0.0945, val_accu:0.9687, lr:0.0005435889470390975
Epoch~123->train_loss:0.027, val_loss:0.1011, val_accu:0.967, lr:0.0006247094715945423
Epoch~124->train_loss:0.0263, val_loss:0.1322, val_accu:0.9565, lr:0.0017596661346033216
Epoch~125->train_loss:0.0262, val_loss:0.086, val_accu:0.971, lr:-0.00031213450711220503
Epoch~126->train_loss:0.0252, val_loss:0.0855, val_accu:0.9713, lr:1.887619509943761e-05
Epoch~127->train_loss:0.0242, val_loss:0.0965, val_accu:0.9671, lr:0.0011181773152202368
Epoch~128->train_loss:0.0262, val_loss:0.0996, val_accu:0.9664, lr:-0.0001711280201561749
Epoch~129->train_loss:0.025, val_loss:0.0867, val_accu:0.9705, lr:0.0013506662799045444
Epoch~130->train_loss:0.0258, val_loss:0.0784, val_accu:0.9744, lr:0.0009376741363666952
Epoch~131->train_loss:0.0259, val_loss:0.0759, val_accu:0.9744, lr:0.0015507834032177925
Epoch~132->train_loss:0.0239, val_loss:0.0778, val_accu:0.9739, lr:0.00035996039514429867
Epoch~133->train_loss:0.0238, val_loss:0.08, val_accu:0.9743, lr:-0.00029455285402946174
Epoch~134->train_loss:0.0243, val_loss:0.0843, val_accu:0.9718, lr:0.0004809875972568989
Epoch~135->train_loss:0.0244, val_loss:0.0755, val_accu:0.9749, lr:0.0018878167029470205
Epoch~136->train_loss:0.0247, val_loss:0.0936, val_accu:0.9684, lr:0.0002175897971028462
Epoch~137->train_loss:0.0241, val_loss:0.0961, val_accu:0.9675, lr:-0.00019361748127266765
Epoch~138->train_loss:0.0231, val_loss:0.0834, val_accu:0.9713, lr:0.0003343867720104754
Epoch~139->train_loss:0.0233, val_loss:0.1051, val_accu:0.9643, lr:-7.321228622458875e-05
Epoch~140->train_loss:0.0236, val_loss:0.0756, val_accu:0.9755, lr:-0.00025163087411783636
Epoch~141->train_loss:0.023, val_loss:0.1031, val_accu:0.9644, lr:5.06651122123003e-05
Epoch~142->train_loss:0.0225, val_loss:0.0868, val_accu:0.9709, lr:0.0003564652579370886
Epoch~143->train_loss:0.023, val_loss:0.0906, val_accu:0.9697, lr:0.0002526557072997093
Epoch~144->train_loss:0.0223, val_loss:0.0856, val_accu:0.9711, lr:3.3929842174984515e-05
Epoch~145->train_loss:0.0237, val_loss:0.1157, val_accu:0.9612, lr:0.0012277821078896523
Epoch~146->train_loss:0.0239, val_loss:0.0994, val_accu:0.9655, lr:-0.000515960156917572
Epoch~147->train_loss:0.0231, val_loss:0.0806, val_accu:0.974, lr:0.0006203110096976161
Epoch~148->train_loss:0.0235, val_loss:0.0853, val_accu:0.9708, lr:0.00013756516273133457
Epoch~149->train_loss:0.0223, val_loss:0.0868, val_accu:0.9704, lr:0.00026505134883336723
Epoch~150->train_loss:0.0233, val_loss:0.0899, val_accu:0.9701, lr:0.00040571048157289624
Epoch~151->train_loss:0.023, val_loss:0.0862, val_accu:0.9707, lr:0.0008031163015402853
Epoch~152->train_loss:0.0221, val_loss:0.0978, val_accu:0.967, lr:0.00028280826518312097
Epoch~153->train_loss:0.0231, val_loss:0.0822, val_accu:0.9725, lr:0.00010923942318186164
Epoch~154->train_loss:0.0224, val_loss:0.0903, val_accu:0.9685, lr:0.000645920867100358
Epoch~155->train_loss:0.0224, val_loss:0.0842, val_accu:0.972, lr:0.00019804239855147898
Epoch~156->train_loss:0.023, val_loss:0.1022, val_accu:0.9657, lr:0.0007668220205232501
Epoch~157->train_loss:0.0223, val_loss:0.0991, val_accu:0.9674, lr:0.0011514135403558612
Epoch~158->train_loss:0.0226, val_loss:0.0901, val_accu:0.9691, lr:0.0005447211442515254
Epoch~159->train_loss:0.0224, val_loss:0.0972, val_accu:0.9677, lr:0.0006617119070142508
Epoch~160->train_loss:0.0216, val_loss:0.1107, val_accu:0.9626, lr:0.0005200905725359917
Epoch~161->train_loss:0.0205, val_loss:0.0665, val_accu:0.978, lr:0.001572022563777864
Epoch~162->train_loss:0.0223, val_loss:0.0948, val_accu:0.9683, lr:0.0006253030151128769
Epoch~163->train_loss:0.0207, val_loss:0.0804, val_accu:0.9721, lr:0.0002049665490631014
Epoch~164->train_loss:0.0203, val_loss:0.0753, val_accu:0.974, lr:0.0009032601956278086
Epoch~165->train_loss:0.0221, val_loss:0.0838, val_accu:0.9717, lr:0.00023273848637472838
Epoch~166->train_loss:0.0206, val_loss:0.0822, val_accu:0.9727, lr:-0.000543559726793319
Epoch~167->train_loss:0.0214, val_loss:0.0822, val_accu:0.9703, lr:0.0002953205839730799
Epoch~168->train_loss:0.02, val_loss:0.0825, val_accu:0.9711, lr:-2.9539338356698863e-05
Epoch~169->train_loss:0.0198, val_loss:0.0732, val_accu:0.9752, lr:0.0008075670921243727
Epoch~170->train_loss:0.0214, val_loss:0.0916, val_accu:0.9687, lr:0.000964114151429385
Epoch~171->train_loss:0.02, val_loss:0.0794, val_accu:0.9725, lr:0.0001594932546140626
Epoch~172->train_loss:0.0197, val_loss:0.0821, val_accu:0.9719, lr:-0.00016302455333061516
Epoch~173->train_loss:0.0206, val_loss:0.0801, val_accu:0.9722, lr:0.00014896149514243007
Epoch~174->train_loss:0.0192, val_loss:0.0669, val_accu:0.9773, lr:0.00032857657060958445
Epoch~175->train_loss:0.0186, val_loss:0.0786, val_accu:0.9747, lr:-0.00012676299957092851
Epoch~176->train_loss:0.0211, val_loss:0.0824, val_accu:0.9719, lr:0.0012007600162178278
Epoch~177->train_loss:0.0195, val_loss:0.0912, val_accu:0.9696, lr:-0.0002007761358981952
Epoch~178->train_loss:0.0191, val_loss:0.0974, val_accu:0.9667, lr:0.0008803398814052343
Epoch~179->train_loss:0.0191, val_loss:0.0948, val_accu:0.9689, lr:0.0010376004502177238
Epoch~180->train_loss:0.0202, val_loss:0.0921, val_accu:0.9681, lr:0.0012640226632356644
Epoch~181->train_loss:0.0207, val_loss:0.0705, val_accu:0.9776, lr:0.00035128401941619813
Epoch~182->train_loss:0.0191, val_loss:0.0782, val_accu:0.9746, lr:7.167222793214023e-05
Epoch~183->train_loss:0.0189, val_loss:0.0958, val_accu:0.9679, lr:0.0009041633456945419
Epoch~184->train_loss:0.0209, val_loss:0.0782, val_accu:0.9725, lr:0.0005467615555971861
Epoch~185->train_loss:0.0199, val_loss:0.0889, val_accu:0.97, lr:0.00041774517740122974
Epoch~186->train_loss:0.0199, val_loss:0.0897, val_accu:0.9697, lr:0.00023620699357707053
Epoch~187->train_loss:0.0188, val_loss:0.0885, val_accu:0.9702, lr:0.0003938746522180736
Epoch~188->train_loss:0.0189, val_loss:0.0839, val_accu:0.9707, lr:-0.0002283463254570961
Epoch~189->train_loss:0.0193, val_loss:0.0783, val_accu:0.9747, lr:0.0004271279613021761
Epoch~190->train_loss:0.0193, val_loss:0.0798, val_accu:0.9734, lr:0.00042107750778086483
Epoch~191->train_loss:0.0192, val_loss:0.1014, val_accu:0.9653, lr:0.0008056678343564272
Epoch~192->train_loss:0.0183, val_loss:0.0805, val_accu:0.9727, lr:0.00043185940012335777
Epoch~193->train_loss:0.0181, val_loss:0.0767, val_accu:0.9739, lr:0.0009183455258607864
Epoch~194->train_loss:0.0193, val_loss:0.0886, val_accu:0.9703, lr:0.0003780266270041466
Epoch~195->train_loss:0.0184, val_loss:0.0789, val_accu:0.9729, lr:0.0003179520135745406
Epoch~196->train_loss:0.0187, val_loss:0.0864, val_accu:0.9694, lr:-0.00039972312515601516
Epoch~197->train_loss:0.0193, val_loss:0.0849, val_accu:0.9718, lr:0.0006380946724675596
Epoch~198->train_loss:0.0179, val_loss:0.1074, val_accu:0.9643, lr:0.0015714466571807861
Epoch~199->train_loss:0.018, val_loss:0.096, val_accu:0.9663, lr:0.00033894903026521206
Epoch~200->train_loss:0.0175, val_loss:0.0688, val_accu:0.9779, lr:0.00026394371525384486
